<?xml version="1.0" encoding="utf-8"?><testsuites name="pytest tests"><testsuite name="pytest" errors="0" failures="0" skipped="0" tests="10" time="29.719" timestamp="2026-03-31T15:13:08.623772+00:00" hostname="agent-env-46d95153-5e49-4e7f-ac0c-d5b00c0bc0f7"><testcase classname="tests.test_series_button_routing.TestStoryEngineSchemaAcceptance" name="test_options_endpoint_available" time="1.484" /><testcase classname="tests.test_series_button_routing.TestStoryEngineSchemaAcceptance" name="test_credit_check_endpoint" time="0.394" /><testcase classname="tests.test_series_button_routing.TestStoryEngineSchemaAcceptance" name="test_rate_limit_status_endpoint" time="0.073" /><testcase classname="tests.test_series_button_routing.TestUniverseSeriesContinue" name="test_series_continue_endpoint_404_for_nonexistent" time="0.071" /><testcase classname="tests.test_series_button_routing.TestUniverseSeriesContinue" name="test_series_episodes_endpoint_404_for_nonexistent" time="0.062" /><testcase classname="tests.test_series_button_routing.TestCreateEngineRequestSchema" name="test_create_request_validation_without_series_context" time="0.110" /><testcase classname="tests.test_series_button_routing.TestCreateEngineRequestSchema" name="test_create_request_schema_accepts_series_fields" time="19.468" /><testcase classname="tests.test_series_button_routing.TestCreateEngineRequestSchema" name="test_create_request_schema_accepts_null_series_fields" time="0.075" /><testcase classname="tests.test_series_button_routing.TestQualityModes" name="test_quality_modes_endpoint" time="7.690" /><testcase classname="tests.test_series_button_routing.TestUserJobsEndpoint" name="test_user_jobs_endpoint" time="0.176" /></testsuite></testsuites>