<?xml version="1.0" encoding="utf-8"?><testsuites name="pytest tests"><testsuite name="pytest" errors="0" failures="0" skipped="0" tests="20" time="5.715" timestamp="2026-02-27T16:14:54.844381+00:00" hostname="agent-env-a33a7f0b-1196-4cb2-bb27-039f787e2e90"><testcase classname="backend.tests.test_iteration98_major_features.TestAdminAuth" name="test_admin_login" time="0.535" /><testcase classname="backend.tests.test_iteration98_major_features.TestAdminAuditLogs" name="test_get_audit_actions" time="0.498" /><testcase classname="backend.tests.test_iteration98_major_features.TestAdminAuditLogs" name="test_get_audit_logs" time="0.115" /><testcase classname="backend.tests.test_iteration98_major_features.TestAdminAuditLogs" name="test_get_audit_stats" time="0.113" /><testcase classname="backend.tests.test_iteration98_major_features.TestAdminAuditLogs" name="test_export_audit_logs_json" time="0.106" /><testcase classname="backend.tests.test_iteration98_major_features.TestAdminAuditLogs" name="test_export_audit_logs_csv" time="0.144" /><testcase classname="backend.tests.test_iteration98_major_features.TestTemplateLeaderboard" name="test_get_revenue_rankings" time="0.521" /><testcase classname="backend.tests.test_iteration98_major_features.TestTemplateLeaderboard" name="test_get_top_performers" time="0.125" /><testcase classname="backend.tests.test_iteration98_major_features.TestTemplateLeaderboard" name="test_get_growth_trends" time="0.137" /><testcase classname="backend.tests.test_iteration98_major_features.TestTemplateLeaderboard" name="test_export_json" time="0.109" /><testcase classname="backend.tests.test_iteration98_major_features.TestTemplateLeaderboard" name="test_export_csv_summary" time="0.124" /><testcase classname="backend.tests.test_iteration98_major_features.TestProtectedDownload" name="test_get_download_config" time="0.152" /><testcase classname="backend.tests.test_iteration98_major_features.TestProtectedDownload" name="test_get_signed_url_requires_auth" time="0.119" /><testcase classname="backend.tests.test_iteration98_major_features.TestProtectedDownload" name="test_remove_watermark_requires_auth" time="0.124" /><testcase classname="backend.tests.test_iteration98_major_features.TestProtectedDownload" name="test_get_signed_url_file_not_found" time="0.717" /><testcase classname="backend.tests.test_iteration98_major_features.TestTemplateVersioning" name="test_create_template_version" time="0.554" /><testcase classname="backend.tests.test_iteration98_major_features.TestTemplateVersioning" name="test_list_template_versions" time="0.112" /><testcase classname="backend.tests.test_iteration98_major_features.TestTemplateVersioning" name="test_get_ab_tests" time="0.112" /><testcase classname="backend.tests.test_iteration98_major_features.TestTemplateVersioning" name="test_create_ab_test_flow" time="0.586" /><testcase classname="backend.tests.test_iteration98_major_features.TestIntegrationEndpoints" name="test_audit_log_records_actions" time="0.617" /></testsuite></testsuites>