<?xml version="1.0" encoding="utf-8"?><testsuites name="pytest tests"><testsuite name="pytest" errors="0" failures="0" skipped="0" tests="18" time="3.349" timestamp="2026-03-14T07:35:09.830007+00:00" hostname="agent-env-61b9f141-be9f-4bd9-b797-f026aed83089"><testcase classname="backend.tests.test_gallery_showcase_iteration255.TestGalleryShowcase" name="test_gallery_returns_exactly_30_videos" time="0.691" /><testcase classname="backend.tests.test_gallery_showcase_iteration255.TestGalleryShowcase" name="test_all_videos_have_professional_titles" time="0.121" /><testcase classname="backend.tests.test_gallery_showcase_iteration255.TestGalleryShowcase" name="test_all_videos_have_presigned_output_urls" time="0.117" /><testcase classname="backend.tests.test_gallery_showcase_iteration255.TestGalleryShowcase" name="test_all_videos_have_presigned_thumbnail_urls" time="0.111" /><testcase classname="backend.tests.test_gallery_showcase_iteration255.TestCategoryFiltering" name="test_categories_endpoint_returns_correct_structure" time="0.111" /><testcase classname="backend.tests.test_gallery_showcase_iteration255.TestCategoryFiltering" name="test_category_counts_are_correct" time="0.136" /><testcase classname="backend.tests.test_gallery_showcase_iteration255.TestCategoryFiltering" name="test_filter_cartoon_2d_returns_14_videos" time="0.113" /><testcase classname="backend.tests.test_gallery_showcase_iteration255.TestCategoryFiltering" name="test_filter_watercolor_returns_9_videos" time="0.106" /><testcase classname="backend.tests.test_gallery_showcase_iteration255.TestCategoryFiltering" name="test_filter_anime_style_returns_4_videos" time="0.107" /><testcase classname="backend.tests.test_gallery_showcase_iteration255.TestCategoryFiltering" name="test_filter_comic_book_returns_2_videos" time="0.103" /><testcase classname="backend.tests.test_gallery_showcase_iteration255.TestCategoryFiltering" name="test_filter_claymation_returns_1_video" time="0.112" /><testcase classname="backend.tests.test_gallery_showcase_iteration255.TestSortOptions" name="test_sort_newest_works" time="0.110" /><testcase classname="backend.tests.test_gallery_showcase_iteration255.TestSortOptions" name="test_sort_most_remixed_works" time="0.113" /><testcase classname="backend.tests.test_gallery_showcase_iteration255.TestSortOptions" name="test_sort_trending_works" time="0.116" /><testcase classname="backend.tests.test_gallery_showcase_iteration255.TestGalleryDetailAPI" name="test_gallery_detail_returns_presigned_url" time="0.429" /><testcase classname="backend.tests.test_gallery_showcase_iteration255.TestRateLimitStatus" name="test_rate_limit_max_is_5_per_hour" time="0.434" /><testcase classname="backend.tests.test_gallery_showcase_iteration255.TestVideoDataIntegrity" name="test_all_videos_have_required_fields" time="0.116" /><testcase classname="backend.tests.test_gallery_showcase_iteration255.TestVideoDataIntegrity" name="test_no_broken_thumbnails" time="0.109" /></testsuite></testsuites>