<?xml version="1.0" encoding="utf-8"?><testsuites name="pytest tests"><testsuite name="pytest" errors="0" failures="0" skipped="0" tests="22" time="4.143" timestamp="2026-04-09T09:47:26.979572+00:00" hostname="agent-env-46d95153-5e49-4e7f-ac0c-d5b00c0bc0f7"><testcase classname="backend.tests.test_phase_c_dark_launch_iteration478.TestPhaseCStatus" name="test_phase_c_status_returns_correct_structure" time="0.269" /><testcase classname="backend.tests.test_phase_c_dark_launch_iteration478.TestPhaseCStatus" name="test_phase_c_status_no_auth_required" time="0.118" /><testcase classname="backend.tests.test_phase_c_dark_launch_iteration478.TestPhaseCEngines" name="test_compute_streaks_admin_only" time="0.455" /><testcase classname="backend.tests.test_phase_c_dark_launch_iteration478.TestPhaseCEngines" name="test_compute_leaderboard_admin_only" time="0.108" /><testcase classname="backend.tests.test_phase_c_dark_launch_iteration478.TestPhaseCEngines" name="test_compute_rewards_admin_only" time="0.108" /><testcase classname="backend.tests.test_phase_c_dark_launch_iteration478.TestPhaseCEngines" name="test_compute_achievements_admin_only" time="0.115" /><testcase classname="backend.tests.test_phase_c_dark_launch_iteration478.TestPhaseCEngines" name="test_run_all_engines_admin_only" time="0.127" /><testcase classname="backend.tests.test_phase_c_dark_launch_iteration478.TestPhaseCAdminMonitor" name="test_admin_monitor_returns_aggregate_stats" time="0.448" /><testcase classname="backend.tests.test_phase_c_dark_launch_iteration478.TestPhaseCAdminMonitor" name="test_drill_down_leaderboard" time="0.104" /><testcase classname="backend.tests.test_phase_c_dark_launch_iteration478.TestPhaseCAdminMonitor" name="test_drill_down_streaks" time="0.104" /><testcase classname="backend.tests.test_phase_c_dark_launch_iteration478.TestPhaseCAdminMonitor" name="test_drill_down_rewards" time="0.115" /><testcase classname="backend.tests.test_phase_c_dark_launch_iteration478.TestPhaseCAdminMonitor" name="test_drill_down_achievements" time="0.117" /><testcase classname="backend.tests.test_phase_c_dark_launch_iteration478.TestPhaseCSecurityAuth" name="test_admin_monitor_unauthenticated_returns_401" time="0.103" /><testcase classname="backend.tests.test_phase_c_dark_launch_iteration478.TestPhaseCSecurityAuth" name="test_admin_drill_down_unauthenticated_returns_401" time="0.115" /><testcase classname="backend.tests.test_phase_c_dark_launch_iteration478.TestPhaseCSecurityAuth" name="test_engine_compute_streaks_unauthenticated_returns_401" time="0.106" /><testcase classname="backend.tests.test_phase_c_dark_launch_iteration478.TestPhaseCSecurityAuth" name="test_engine_run_all_unauthenticated_returns_401" time="0.110" /><testcase classname="backend.tests.test_phase_c_dark_launch_iteration478.TestPhaseCSecurityAuth" name="test_admin_monitor_normal_user_returns_403" time="0.483" /><testcase classname="backend.tests.test_phase_c_dark_launch_iteration478.TestPhaseCSecurityAuth" name="test_admin_drill_down_normal_user_returns_403" time="0.116" /><testcase classname="backend.tests.test_phase_c_dark_launch_iteration478.TestPhaseCSecurityAuth" name="test_engine_compute_streaks_normal_user_returns_403" time="0.114" /><testcase classname="backend.tests.test_phase_c_dark_launch_iteration478.TestPhaseCSecurityAuth" name="test_engine_run_all_normal_user_returns_403" time="0.113" /><testcase classname="backend.tests.test_phase_c_dark_launch_iteration478.TestPhaseCNoDataLeaks" name="test_public_streaks_endpoint_no_phase_c_data" time="0.452" /><testcase classname="backend.tests.test_phase_c_dark_launch_iteration478.TestPhaseCNoDataLeaks" name="test_phase_c_status_no_hidden_data" time="0.116" /></testsuite></testsuites>