<?xml version="1.0" encoding="utf-8"?><testsuites name="pytest tests"><testsuite name="pytest" errors="0" failures="0" skipped="0" tests="14" time="2.813" timestamp="2026-03-16T05:12:54.428085+00:00" hostname="agent-env-16a8deb7-6012-486d-9af9-9c6aa23a840d"><testcase classname="tests.test_asset_first_pipeline_iteration271.TestPipelineStages" name="test_completed_job_has_only_three_stages" time="1.252" /><testcase classname="tests.test_asset_first_pipeline_iteration271.TestPipelineStages" name="test_pipeline_options_endpoint" time="0.110" /><testcase classname="tests.test_asset_first_pipeline_iteration271.TestManifestGeneration" name="test_completed_job_has_manifest" time="0.107" /><testcase classname="tests.test_asset_first_pipeline_iteration271.TestManifestGeneration" name="test_manifest_scenes_have_required_fields" time="0.106" /><testcase classname="tests.test_asset_first_pipeline_iteration271.TestStoryPackZIP" name="test_completed_job_has_story_pack_url" time="0.118" /><testcase classname="tests.test_asset_first_pipeline_iteration271.TestStoryPackZIP" name="test_story_pack_url_is_downloadable" time="0.115" /><testcase classname="tests.test_asset_first_pipeline_iteration271.TestPreviewPath" name="test_completed_job_has_preview_path" time="0.108" /><testcase classname="tests.test_asset_first_pipeline_iteration271.TestPreviewEndpoint" name="test_preview_endpoint_returns_scene_data" time="0.115" /><testcase classname="tests.test_asset_first_pipeline_iteration271.TestPreviewEndpoint" name="test_preview_endpoint_includes_story_pack_url" time="0.123" /><testcase classname="tests.test_asset_first_pipeline_iteration271.TestUserJobsEndpoint" name="test_user_jobs_shows_completed_status_with_manifest" time="0.131" /><testcase classname="tests.test_asset_first_pipeline_iteration271.TestResumeEndpoint" name="test_resume_rejects_completed_job" time="0.107" /><testcase classname="tests.test_asset_first_pipeline_iteration271.TestNoRenderUploadStages" name="test_stages_object_excludes_render_upload" time="0.105" /><testcase classname="tests.test_asset_first_pipeline_iteration271.TestNoRenderUploadStages" name="test_output_url_is_none_for_asset_only_jobs" time="0.110" /><testcase classname="tests.test_asset_first_pipeline_iteration271.TestCompletionStatus" name="test_job_completes_with_all_required_fields" time="0.115" /></testsuite></testsuites>