<?xml version="1.0" encoding="utf-8"?><testsuites name="pytest tests"><testsuite name="pytest" errors="0" failures="1" skipped="0" tests="24" time="142.001" timestamp="2026-05-03T08:02:19.377787+00:00" hostname="agent-env-46d95153-5e49-4e7f-ac0c-d5b00c0bc0f7"><testcase classname="tests.test_avatar_studio_iteration533.TestAvatarStudioHealth" name="test_avatar_health_endpoint" time="1.830" /><testcase classname="tests.test_avatar_studio_iteration533.TestAvatarStudioBilling" name="test_billing_plans_returns_4_plans_4_topups_inr" time="0.123" /><testcase classname="tests.test_avatar_studio_iteration533.TestAvatarStudioClones" name="test_create_clone_self_type_returns_consent_pending" time="0.851" /><testcase classname="tests.test_avatar_studio_iteration533.TestAvatarStudioClones" name="test_create_clone_invalid_type_returns_400" time="0.807" /><testcase classname="tests.test_avatar_studio_iteration533.TestAvatarStudioClones" name="test_consent_rejects_short_video" time="0.895" /><testcase classname="tests.test_avatar_studio_iteration533.TestAvatarStudioClones" name="test_consent_rejects_mismatched_phrase" time="0.921" /><testcase classname="tests.test_avatar_studio_iteration533.TestAvatarStudioClones" name="test_consent_rejects_small_video" time="0.941" /><testcase classname="tests.test_avatar_studio_iteration533.TestAvatarStudioClones" name="test_consent_valid_submission" time="1.062" /><testcase classname="tests.test_avatar_studio_iteration533.TestAvatarStudioTraining" name="test_train_before_consent_approval_returns_403" time="0.558" /><testcase classname="tests.test_avatar_studio_iteration533.TestAvatarStudioTraining" name="test_full_training_flow_with_consent_approval" time="10.035" /><testcase classname="tests.test_avatar_studio_iteration533.TestAvatarStudioVideoGeneration" name="test_generate_video_with_valid_script" time="16.755" /><testcase classname="tests.test_avatar_studio_iteration533.TestAvatarStudioVideoGeneration" name="test_generate_video_banned_content_modi" time="9.917" /><testcase classname="tests.test_avatar_studio_iteration533.TestAvatarStudioVideoGeneration" name="test_generate_video_banned_content_otp" time="9.916" /><testcase classname="tests.test_avatar_studio_iteration533.TestAvatarStudioVideoGeneration" name="test_generate_video_banned_content_send_money" time="42.512" /><testcase classname="tests.test_avatar_studio_iteration533.TestAvatarStudioVideoGeneration" name="test_generate_video_empty_script" time="9.672" /><testcase classname="tests.test_avatar_studio_iteration533.TestAvatarStudioVideoGeneration" name="test_generate_video_script_too_long" time="9.947" /><testcase classname="tests.test_avatar_studio_iteration533.TestAvatarStudioAdmin" name="test_admin_list_clones_as_admin" time="0.803" /><testcase classname="tests.test_avatar_studio_iteration533.TestAvatarStudioAdmin" name="test_admin_list_clones_as_regular_user_returns_403" time="0.799" /><testcase classname="tests.test_avatar_studio_iteration533.TestAvatarStudioAdmin" name="test_admin_list_pending_consents" time="0.786" /><testcase classname="tests.test_avatar_studio_iteration533.TestAvatarStudioAdmin" name="test_admin_disable_and_enable_clone" time="1.531" /><testcase classname="tests.test_avatar_studio_iteration533.TestAvatarStudioChat" name="test_chat_safe_message_returns_reply_with_label" time="10.295" /><testcase classname="tests.test_avatar_studio_iteration533.TestAvatarStudioChat" name="test_chat_banned_message_returns_400" time="9.921" /><testcase classname="tests.test_avatar_studio_iteration533.TestAvatarStudioAbuseReports" name="test_abuse_report_flow" time="0.872" /><testcase classname="tests.test_avatar_studio_iteration533.TestPhotoTrailerIsolation" name="test_photo_trailer_health_still_works" time="0.105"><failure message="AssertionError: Photo Trailer health check failed: 404&#10;assert 404 == 200&#10; +  where 404 = &lt;Response [404]&gt;.status_code">tests/test_avatar_studio_iteration533.py:767: in test_photo_trailer_health_still_works
    assert response.status_code == 200, f"Photo Trailer health check failed: {response.status_code}"
E   AssertionError: Photo Trailer health check failed: 404
E   assert 404 == 200
E    +  where 404 = &lt;Response [404]&gt;.status_code</failure></testcase></testsuite></testsuites>