<?xml version="1.0" encoding="utf-8"?><testsuites name="pytest tests"><testsuite name="pytest" errors="0" failures="0" skipped="0" tests="17" time="3.237" timestamp="2026-03-31T18:00:57.737409+00:00" hostname="agent-env-46d95153-5e49-4e7f-ac0c-d5b00c0bc0f7"><testcase classname="backend.tests.test_gallery_p1_immersive_iteration399.TestGalleryFeedEndpoint" name="test_feed_returns_items_with_seed_index" time="0.294" /><testcase classname="backend.tests.test_gallery_p1_immersive_iteration399.TestGalleryFeedEndpoint" name="test_feed_items_have_required_fields" time="0.149" /><testcase classname="backend.tests.test_gallery_p1_immersive_iteration399.TestGalleryFeedEndpoint" name="test_feed_with_seed_item_id" time="0.250" /><testcase classname="backend.tests.test_gallery_p1_immersive_iteration399.TestGalleryFeedEndpoint" name="test_feed_limit_parameter" time="0.162" /><testcase classname="backend.tests.test_gallery_p1_immersive_iteration399.TestGalleryFeedEndpoint" name="test_feed_sorted_by_ranking" time="0.136" /><testcase classname="backend.tests.test_gallery_p1_immersive_iteration399.TestGalleryUserFeedEndpoint" name="test_user_feed_without_auth_returns_empty" time="0.122" /><testcase classname="backend.tests.test_gallery_p1_immersive_iteration399.TestGalleryUserFeedEndpoint" name="test_user_feed_with_auth_returns_sections" time="0.536" /><testcase classname="backend.tests.test_gallery_p1_immersive_iteration399.TestGalleryUserFeedEndpoint" name="test_user_feed_your_creations_structure" time="0.148" /><testcase classname="backend.tests.test_gallery_p1_immersive_iteration399.TestGalleryUserFeedEndpoint" name="test_user_feed_for_you_has_content" time="0.139" /><testcase classname="backend.tests.test_gallery_p1_immersive_iteration399.TestGalleryViewEndpoint" name="test_view_without_auth_returns_ok" time="0.144" /><testcase classname="backend.tests.test_gallery_p1_immersive_iteration399.TestGalleryViewEndpoint" name="test_view_with_auth_tracks_item" time="0.126" /><testcase classname="backend.tests.test_gallery_p1_immersive_iteration399.TestGalleryViewEndpoint" name="test_view_updates_continue_watching" time="0.233" /><testcase classname="backend.tests.test_gallery_p1_immersive_iteration399.TestGalleryViewEndpoint" name="test_view_without_item_id_returns_ok" time="0.122" /><testcase classname="backend.tests.test_gallery_p1_immersive_iteration399.TestGalleryP0Regression" name="test_featured_still_works" time="0.147" /><testcase classname="backend.tests.test_gallery_p1_immersive_iteration399.TestGalleryP0Regression" name="test_rails_still_works" time="0.153" /><testcase classname="backend.tests.test_gallery_p1_immersive_iteration399.TestGalleryP0Regression" name="test_explore_still_works" time="0.127" /><testcase classname="backend.tests.test_gallery_p1_immersive_iteration399.TestGalleryP0Regression" name="test_categories_still_works" time="0.145" /></testsuite></testsuites>