<?xml version="1.0" encoding="utf-8"?><testsuites name="pytest tests"><testsuite name="pytest" errors="0" failures="0" skipped="0" tests="21" time="2.478" timestamp="2026-03-30T16:21:38.113885+00:00" hostname="agent-env-46d95153-5e49-4e7f-ac0c-d5b00c0bc0f7"><testcase classname="backend.tests.test_autoplay_preview_system_iteration383.TestStoryFeedMediaStructure" name="test_story_feed_returns_200" time="0.647" /><testcase classname="backend.tests.test_autoplay_preview_system_iteration383.TestStoryFeedMediaStructure" name="test_story_feed_has_cdn_base" time="0.077" /><testcase classname="backend.tests.test_autoplay_preview_system_iteration383.TestStoryFeedMediaStructure" name="test_story_feed_has_hero_with_media" time="0.093" /><testcase classname="backend.tests.test_autoplay_preview_system_iteration383.TestStoryFeedMediaStructure" name="test_story_feed_rows_have_media" time="0.100" /><testcase classname="backend.tests.test_autoplay_preview_system_iteration383.TestStoryFeedMediaStructure" name="test_thumb_blur_structure" time="0.076" /><testcase classname="backend.tests.test_autoplay_preview_system_iteration383.TestStoryFeedMediaStructure" name="test_media_urls_are_proxy_paths" time="0.072" /><testcase classname="backend.tests.test_autoplay_preview_system_iteration383.TestPreviewEventTracking" name="test_preview_event_endpoint_exists" time="0.054" /><testcase classname="backend.tests.test_autoplay_preview_system_iteration383.TestPreviewEventTracking" name="test_preview_play_event" time="0.057" /><testcase classname="backend.tests.test_autoplay_preview_system_iteration383.TestPreviewEventTracking" name="test_preview_watch_complete_event" time="0.062" /><testcase classname="backend.tests.test_autoplay_preview_system_iteration383.TestPreviewEventTracking" name="test_preview_click_event" time="0.060" /><testcase classname="backend.tests.test_autoplay_preview_system_iteration383.TestPreviewEventTracking" name="test_preview_event_anonymous" time="0.060" /><testcase classname="backend.tests.test_autoplay_preview_system_iteration383.TestBackfillBlurEndpoints" name="test_backfill_status_requires_admin" time="0.062" /><testcase classname="backend.tests.test_autoplay_preview_system_iteration383.TestBackfillBlurEndpoints" name="test_backfill_status_admin_access" time="0.366" /><testcase classname="backend.tests.test_autoplay_preview_system_iteration383.TestBackfillBlurEndpoints" name="test_backfill_sync_requires_admin" time="0.061" /><testcase classname="backend.tests.test_autoplay_preview_system_iteration383.TestBackfillBlurEndpoints" name="test_backfill_sync_admin_can_run" time="0.074" /><testcase classname="backend.tests.test_autoplay_preview_system_iteration383.TestFeedAPIContract" name="test_feed_has_personalization_object" time="0.076" /><testcase classname="backend.tests.test_autoplay_preview_system_iteration383.TestFeedAPIContract" name="test_feed_has_rows_array" time="0.078" /><testcase classname="backend.tests.test_autoplay_preview_system_iteration383.TestFeedAPIContract" name="test_feed_has_features_array" time="0.076" /><testcase classname="backend.tests.test_autoplay_preview_system_iteration383.TestFeedAPIContract" name="test_feed_has_live_stats" time="0.081" /><testcase classname="backend.tests.test_autoplay_preview_system_iteration383.TestAnonymousFeed" name="test_anonymous_feed_works" time="0.076" /><testcase classname="backend.tests.test_autoplay_preview_system_iteration383.TestAnonymousFeed" name="test_anonymous_personalization_disabled" time="0.072" /></testsuite></testsuites>