<?xml version="1.0" encoding="utf-8"?><testsuites name="pytest tests"><testsuite name="pytest" errors="0" failures="0" skipped="0" tests="24" time="11.556" timestamp="2026-03-17T09:15:09.859610+00:00" hostname="agent-env-1d2b209b-868a-43e2-9815-6807f650c378"><testcase classname="backend.tests.test_story_chain_progression_iteration291.TestActiveChains" name="test_active_chains_returns_200" time="0.693" /><testcase classname="backend.tests.test_story_chain_progression_iteration291.TestActiveChains" name="test_active_chains_returns_chains_array" time="0.307" /><testcase classname="backend.tests.test_story_chain_progression_iteration291.TestActiveChains" name="test_active_chains_has_progress_pct" time="0.319" /><testcase classname="backend.tests.test_story_chain_progression_iteration291.TestActiveChains" name="test_active_chains_has_total_panels" time="0.256" /><testcase classname="backend.tests.test_story_chain_progression_iteration291.TestActiveChains" name="test_active_chains_has_continue_job_id" time="0.246" /><testcase classname="backend.tests.test_story_chain_progression_iteration291.TestActiveChains" name="test_active_chains_has_total_episodes" time="0.263" /><testcase classname="backend.tests.test_story_chain_progression_iteration291.TestActiveChains" name="test_active_chains_requires_auth" time="0.163" /><testcase classname="backend.tests.test_story_chain_progression_iteration291.TestChainDetail" name="test_chain_detail_404_for_invalid_id" time="0.105" /><testcase classname="backend.tests.test_story_chain_progression_iteration291.TestChainDetail" name="test_chain_detail_has_progress_pct" time="0.380" /><testcase classname="backend.tests.test_story_chain_progression_iteration291.TestChainDetail" name="test_chain_detail_has_total_panels" time="0.364" /><testcase classname="backend.tests.test_story_chain_progression_iteration291.TestChainDetail" name="test_chain_detail_has_latest_continuable_job_id" time="0.351" /><testcase classname="backend.tests.test_story_chain_progression_iteration291.TestChainDetail" name="test_chain_detail_has_flat_timeline" time="0.345" /><testcase classname="backend.tests.test_story_chain_progression_iteration291.TestChainSuggestions" name="test_suggestions_endpoint_exists" time="0.107" /><testcase classname="backend.tests.test_story_chain_progression_iteration291.TestChainSuggestions" name="test_suggestions_requires_chain_id" time="0.105" /><testcase classname="backend.tests.test_story_chain_progression_iteration291.TestChainSuggestions" name="test_suggestions_returns_suggestions_array" time="1.021" /><testcase classname="backend.tests.test_story_chain_progression_iteration291.TestChainSuggestions" name="test_suggestions_have_correct_structure" time="3.012" /><testcase classname="backend.tests.test_story_chain_progression_iteration291.TestChainSuggestions" name="test_suggestions_returns_episode_count" time="2.577" /><testcase classname="backend.tests.test_story_chain_progression_iteration291.TestMyChains" name="test_my_chains_returns_200" time="0.273" /><testcase classname="backend.tests.test_story_chain_progression_iteration291.TestMyChains" name="test_my_chains_has_progress_pct" time="0.246" /><testcase classname="backend.tests.test_story_chain_progression_iteration291.TestMyChains" name="test_my_chains_has_total_count" time="0.233" /><testcase classname="backend.tests.test_story_chain_progression_iteration291.TestContinueStoryDirections" name="test_continue_story_accepts_prompt" time="0.104" /><testcase classname="backend.tests.test_story_chain_progression_iteration291.TestDataTestIds" name="test_resume_your_story_testids" time="0.000" /><testcase classname="backend.tests.test_story_chain_progression_iteration291.TestDataTestIds" name="test_story_chain_view_testids" time="0.000" /><testcase classname="backend.tests.test_story_chain_progression_iteration291.TestDataTestIds" name="test_photo_to_comic_direction_testids" time="0.000" /></testsuite></testsuites>