<?xml version="1.0" encoding="utf-8"?><testsuites name="pytest tests"><testsuite name="pytest" errors="0" failures="0" skipped="0" tests="15" time="2.763" timestamp="2026-03-08T20:19:00.626608+00:00" hostname="agent-env-f0dd4215-fc66-4101-a490-9a9016670239"><testcase classname="tests.test_story_video_fixes_iteration131.TestHealthEndpoint" name="test_health_endpoint_returns_200" time="0.182" /><testcase classname="tests.test_story_video_fixes_iteration131.TestStoryVideoStudioStyles" name="test_styles_endpoint_returns_styles" time="0.125" /><testcase classname="tests.test_story_video_fixes_iteration131.TestStoryVideoStudioPricing" name="test_pricing_endpoint_returns_costs" time="0.108" /><testcase classname="tests.test_story_video_fixes_iteration131.TestStoryVideoStudioVoiceConfig" name="test_voice_config_endpoint" time="0.119" /><testcase classname="tests.test_story_video_fixes_iteration131.TestStoryVideoStudioMusicLibrary" name="test_music_library_endpoint" time="0.106" /><testcase classname="tests.test_story_video_fixes_iteration131.TestStoryVideoStudioMusicLibrary" name="test_music_library_has_categories" time="0.106" /><testcase classname="tests.test_story_video_fixes_iteration131.TestUserAuthentication" name="test_login_with_valid_credentials" time="0.364" /><testcase classname="tests.test_story_video_fixes_iteration131.TestUserAuthentication" name="test_login_with_invalid_credentials" time="0.117" /><testcase classname="tests.test_story_video_fixes_iteration131.TestDownloadExpiryService" name="test_my_downloads_endpoint" time="0.749" /><testcase classname="tests.test_story_video_fixes_iteration131.TestDownloadExpiryService" name="test_my_downloads_requires_auth" time="0.127" /><testcase classname="tests.test_story_video_fixes_iteration131.TestWebSocketEndpoint" name="test_websocket_endpoint_exists" time="0.139" /><testcase classname="tests.test_story_video_fixes_iteration131.TestStoryVideoStudioAuthenticatedEndpoints" name="test_templates_list_endpoint" time="0.104" /><testcase classname="tests.test_story_video_fixes_iteration131.TestStoryVideoStudioAuthenticatedEndpoints" name="test_project_creation_requires_auth" time="0.103" /><testcase classname="tests.test_story_video_fixes_iteration131.TestRealTimeProgressPanel" name="test_video_status_endpoint_format" time="0.109" /><testcase classname="tests.test_story_video_fixes_iteration131.TestFFmpegAvailability" name="test_video_assembly_endpoint_exists" time="0.126" /></testsuite></testsuites>