<?xml version="1.0" encoding="utf-8"?><testsuites name="pytest tests"><testsuite name="pytest" errors="0" failures="0" skipped="0" tests="20" time="58.763" timestamp="2026-04-05T14:41:27.195555+00:00" hostname="agent-env-46d95153-5e49-4e7f-ac0c-d5b00c0bc0f7"><testcase classname="tests.test_phase3_safety_pipeline_iteration433.TestPhase3BSemanticDetection" name="test_semantic_detection_indirect_references[wizard boy with lightning scar-Harry Potter]" time="5.993" /><testcase classname="tests.test_phase3_safety_pipeline_iteration433.TestPhase3BSemanticDetection" name="test_semantic_detection_indirect_references[web-slinging hero from Queens-Spider-Man]" time="6.287" /><testcase classname="tests.test_phase3_safety_pipeline_iteration433.TestPhase3BSemanticDetection" name="test_semantic_detection_indirect_references[ice princess with magical powers-Frozen]" time="5.739" /><testcase classname="tests.test_phase3_safety_pipeline_iteration433.TestPhase3BSemanticDetection" name="test_fuzzy_alias_detection[sp1der man]" time="5.874" /><testcase classname="tests.test_phase3_safety_pipeline_iteration433.TestPhase3BSemanticDetection" name="test_fuzzy_alias_detection[H4rry P0tter]" time="5.403" /><testcase classname="tests.test_phase3_safety_pipeline_iteration433.TestPhase3BSemanticDetection" name="test_fuzzy_alias_detection[h a r r y p o t t e r]" time="5.502" /><testcase classname="tests.test_phase3_safety_pipeline_iteration433.TestPhase3BSemanticDetection" name="test_no_false_positives_clean_prompts[A brave knight saves a village]" time="5.240" /><testcase classname="tests.test_phase3_safety_pipeline_iteration433.TestPhase3BSemanticDetection" name="test_no_false_positives_clean_prompts[An astronaut explores a distant planet]" time="5.887" /><testcase classname="tests.test_phase3_safety_pipeline_iteration433.TestPhase3CRewriteQuality" name="test_rewrite_quality_via_unit_test" time="0.042" /><testcase classname="tests.test_phase3_safety_pipeline_iteration433.TestPhase3DSafetyTelemetry" name="test_safety_insights_endpoint" time="0.463" /><testcase classname="tests.test_phase3_safety_pipeline_iteration433.TestPhase3DSafetyTelemetry" name="test_safety_overview_endpoint" time="0.104" /><testcase classname="tests.test_phase3_safety_pipeline_iteration433.TestPhase3DSafetyTelemetry" name="test_safety_events_list_endpoint" time="0.114" /><testcase classname="tests.test_phase3_safety_pipeline_iteration433.TestPhase3DSafetyTelemetry" name="test_safety_events_filtering" time="0.338" /><testcase classname="tests.test_phase3_safety_pipeline_iteration433.TestPhase3EFrontendSoftWarning" name="test_copyrighted_content_returns_safety_meta" time="5.521" /><testcase classname="tests.test_phase3_safety_pipeline_iteration433.TestPhase3EFrontendSoftWarning" name="test_clean_content_no_safety_meta" time="5.212" /><testcase classname="tests.test_phase3_safety_pipeline_iteration433.TestFailClosedDangerousContent" name="test_dangerous_content_blocked" time="0.127" /><testcase classname="tests.test_phase3_safety_pipeline_iteration433.TestFailClosedDangerousContent" name="test_csam_content_blocked" time="0.116" /><testcase classname="tests.test_phase3_safety_pipeline_iteration433.TestRegressionSafetyPipeline" name="test_story_hook_generator_config_accessible" time="0.112" /><testcase classname="tests.test_phase3_safety_pipeline_iteration433.TestRegressionSafetyPipeline" name="test_admin_metrics_summary_accessible" time="0.106" /><testcase classname="tests.test_phase3_safety_pipeline_iteration433.TestRegressionSafetyPipeline" name="test_auth_endpoints_work" time="0.492" /></testsuite></testsuites>