<?xml version="1.0" encoding="utf-8"?><testsuites name="pytest tests"><testsuite name="pytest" errors="0" failures="0" skipped="0" tests="13" time="4.440" timestamp="2026-03-16T19:26:22.093985+00:00" hostname="agent-env-c3f8f985-4af1-4090-ae8b-50f1b1258604"><testcase classname="tests.test_content_seeding_graceful_degradation.TestContentSeeding" name="test_seed_status_count" time="0.826" /><testcase classname="tests.test_content_seeding_graceful_degradation.TestContentSeeding" name="test_explore_newest_returns_seeded_content" time="0.297" /><testcase classname="tests.test_content_seeding_graceful_degradation.TestContentSeeding" name="test_explore_trending_sorts_by_views" time="0.172" /><testcase classname="tests.test_content_seeding_graceful_degradation.TestContentSeeding" name="test_explore_most_remixed" time="0.172" /><testcase classname="tests.test_content_seeding_graceful_degradation.TestSystemStatusEndpoint" name="test_system_status_endpoint_exists" time="0.548" /><testcase classname="tests.test_content_seeding_graceful_degradation.TestSystemStatusEndpoint" name="test_system_status_user_info" time="0.155" /><testcase classname="tests.test_content_seeding_graceful_degradation.TestAdmissionControllerLogic" name="test_rate_limit_status_endpoint" time="0.544" /><testcase classname="tests.test_content_seeding_graceful_degradation.TestPipelineCreateWithLoadLevel" name="test_pipeline_options_endpoint" time="0.542" /><testcase classname="tests.test_content_seeding_graceful_degradation.TestExploreEndpointPagination" name="test_explore_pagination" time="0.395" /><testcase classname="tests.test_content_seeding_graceful_degradation.TestExploreEndpointPagination" name="test_explore_total_count" time="0.147" /><testcase classname="tests.test_content_seeding_graceful_degradation.TestSeededContentMetadata" name="test_seeded_items_have_required_fields" time="0.184" /><testcase classname="tests.test_content_seeding_graceful_degradation.TestPublicStats" name="test_platform_stats" time="0.145" /><testcase classname="tests.test_content_seeding_graceful_degradation.TestGrowthMetrics" name="test_growth_metrics" time="0.220" /></testsuite></testsuites>