<?xml version="1.0" encoding="utf-8"?><testsuites name="pytest tests"><testsuite name="pytest" errors="0" failures="0" skipped="1" tests="18" time="2.534" timestamp="2026-04-09T05:53:35.308376+00:00" hostname="agent-env-46d95153-5e49-4e7f-ac0c-d5b00c0bc0f7"><testcase classname="backend.tests.test_failed_recovery_iteration470.TestViewModeRouting" name="test_status_endpoint_returns_view_mode" time="0.746" /><testcase classname="backend.tests.test_failed_recovery_iteration470.TestViewModeRouting" name="test_completed_job_returns_result_view_mode" time="0.110" /><testcase classname="backend.tests.test_failed_recovery_iteration470.TestViewModeRouting" name="test_failed_job_returns_failed_recovery_view_mode" time="0.120" /><testcase classname="backend.tests.test_failed_recovery_iteration470.TestViewModeRouting" name="test_processing_job_returns_progress_view_mode" time="0.111"><skipped type="pytest.skip" message="No processing jobs found">/app/backend/tests/test_failed_recovery_iteration470.py:137: No processing jobs found</skipped></testcase><testcase classname="backend.tests.test_failed_recovery_iteration470.TestFailureDetailHumanReadable" name="test_failure_detail_present_for_failed_jobs" time="0.129" /><testcase classname="backend.tests.test_failed_recovery_iteration470.TestFailureDetailHumanReadable" name="test_no_raw_enums_in_status_response" time="0.498" /><testcase classname="backend.tests.test_failed_recovery_iteration470.TestDeleteJobEndpoint" name="test_delete_nonexistent_job_returns_404" time="0.051" /><testcase classname="backend.tests.test_failed_recovery_iteration470.TestDeleteJobEndpoint" name="test_delete_requires_authentication" time="0.045" /><testcase classname="backend.tests.test_failed_recovery_iteration470.TestRecoveryEventEndpoint" name="test_recovery_event_tracks_failed_job_viewed" time="0.053" /><testcase classname="backend.tests.test_failed_recovery_iteration470.TestRecoveryEventEndpoint" name="test_recovery_event_tracks_retry_clicked" time="0.054" /><testcase classname="backend.tests.test_failed_recovery_iteration470.TestRecoveryEventEndpoint" name="test_recovery_event_tracks_edit_retry_clicked" time="0.051" /><testcase classname="backend.tests.test_failed_recovery_iteration470.TestRecoveryEventEndpoint" name="test_recovery_event_tracks_delete_failed_project" time="0.052" /><testcase classname="backend.tests.test_failed_recovery_iteration470.TestRecoveryEventEndpoint" name="test_recovery_event_rejects_unknown_event" time="0.050" /><testcase classname="backend.tests.test_failed_recovery_iteration470.TestRecoveryEventEndpoint" name="test_recovery_event_requires_authentication" time="0.048" /><testcase classname="backend.tests.test_failed_recovery_iteration470.TestMySpaceJobsStatusCopy" name="test_user_jobs_returns_human_readable_status" time="0.066" /><testcase classname="backend.tests.test_failed_recovery_iteration470.TestDeepLinkSupport" name="test_status_endpoint_returns_full_job_data" time="0.109" /><testcase classname="backend.tests.test_failed_recovery_iteration470.TestDeepLinkSupport" name="test_status_endpoint_handles_invalid_job_id" time="0.048" /><testcase classname="backend.tests.test_failed_recovery_iteration470.TestRetryInfo" name="test_retry_info_present_in_status" time="0.120" /></testsuite></testsuites>