<?xml version="1.0" encoding="utf-8"?><testsuites name="pytest tests"><testsuite name="pytest" errors="6" failures="1" skipped="0" tests="25" time="9.781" timestamp="2026-02-25T09:17:59.006592+00:00" hostname="agent-env-741917a0-2ff7-4ec9-841d-934634425d84"><testcase classname="backend.tests.test_auto_scaling_priority_lanes.TestScalingAPIs" name="test_scaling_status_returns_200" time="0.530" /><testcase classname="backend.tests.test_auto_scaling_priority_lanes.TestScalingAPIs" name="test_scaling_status_has_required_fields" time="0.429" /><testcase classname="backend.tests.test_auto_scaling_priority_lanes.TestScalingAPIs" name="test_scaling_status_has_queue_stats" time="0.471" /><testcase classname="backend.tests.test_auto_scaling_priority_lanes.TestScalingAPIs" name="test_scaling_status_requires_auth" time="0.443" /><testcase classname="backend.tests.test_auto_scaling_priority_lanes.TestScalingAPIs" name="test_scaling_dashboard_returns_200" time="0.433" /><testcase classname="backend.tests.test_auto_scaling_priority_lanes.TestScalingAPIs" name="test_scaling_dashboard_has_required_fields" time="0.466" /><testcase classname="backend.tests.test_auto_scaling_priority_lanes.TestScalingAPIs" name="test_scaling_dashboard_scaling_config" time="0.428" /><testcase classname="backend.tests.test_auto_scaling_priority_lanes.TestScalingAPIs" name="test_scaling_dashboard_priority_lanes" time="0.423" /><testcase classname="backend.tests.test_auto_scaling_priority_lanes.TestScalingAPIs" name="test_scaling_dashboard_queue_by_tier" time="0.427" /><testcase classname="backend.tests.test_auto_scaling_priority_lanes.TestScalingAPIs" name="test_scaling_dashboard_requires_admin" time="0.748" /><testcase classname="backend.tests.test_auto_scaling_priority_lanes.TestScalingAPIs" name="test_priority_lanes_returns_200" time="0.458" /><testcase classname="backend.tests.test_auto_scaling_priority_lanes.TestScalingAPIs" name="test_priority_lanes_has_all_tiers" time="0.431" /><testcase classname="backend.tests.test_auto_scaling_priority_lanes.TestScalingAPIs" name="test_priority_lanes_tier_config" time="0.429" /><testcase classname="backend.tests.test_auto_scaling_priority_lanes.TestScalingAPIs" name="test_priority_lanes_sla_values" time="0.416" /><testcase classname="backend.tests.test_auto_scaling_priority_lanes.TestScalingAPIs" name="test_scaling_rules_returns_200" time="0.431" /><testcase classname="backend.tests.test_auto_scaling_priority_lanes.TestScalingAPIs" name="test_scaling_rules_has_required_rules" time="0.440" /><testcase classname="backend.tests.test_auto_scaling_priority_lanes.TestScalingAPIs" name="test_scaling_rules_rule_structure" time="0.434" /><testcase classname="backend.tests.test_auto_scaling_priority_lanes.TestScalingAPIs" name="test_manual_scale_up" time="0.640" /><testcase classname="backend.tests.test_auto_scaling_priority_lanes.TestScalingAPIs" name="test_manual_scale_down" time="0.526"><failure message="AssertionError: Scale down failed: Internal Server Error&#10;assert 500 == 200&#10; +  where 500 = &lt;Response [500]&gt;.status_code">backend/tests/test_auto_scaling_priority_lanes.py:301: in test_manual_scale_down
    assert response.status_code == 200, f"Scale down failed: {response.text}"
E   AssertionError: Scale down failed: Internal Server Error
E   assert 500 == 200
E    +  where 500 = &lt;Response [500]&gt;.status_code</failure></testcase><testcase classname="backend.tests.test_auto_scaling_priority_lanes.TestScalingAPIs" name="test_manual_scale_enforces_limits" time="0.101"><error message="failed on setup with &quot;AssertionError: Admin login failed: {&quot;error&quot;:&quot;Rate limit exceeded: 10 per 1 minute&quot;}&#10;assert 429 == 200&#10; +  where 429 = &lt;Response [429]&gt;.status_code&quot;">backend/tests/test_auto_scaling_priority_lanes.py:28: in setup
    assert response.status_code == 200, f"Admin login failed: {response.text}"
E   AssertionError: Admin login failed: {"error":"Rate limit exceeded: 10 per 1 minute"}
E   assert 429 == 200
E    +  where 429 = &lt;Response [429]&gt;.status_code</error></testcase><testcase classname="backend.tests.test_auto_scaling_priority_lanes.TestScalingAPIs" name="test_manual_scale_requires_admin" time="0.111"><error message="failed on setup with &quot;AssertionError: Admin login failed: {&quot;error&quot;:&quot;Rate limit exceeded: 10 per 1 minute&quot;}&#10;assert 429 == 200&#10; +  where 429 = &lt;Response [429]&gt;.status_code&quot;">backend/tests/test_auto_scaling_priority_lanes.py:28: in setup
    assert response.status_code == 200, f"Admin login failed: {response.text}"
E   AssertionError: Admin login failed: {"error":"Rate limit exceeded: 10 per 1 minute"}
E   assert 429 == 200
E    +  where 429 = &lt;Response [429]&gt;.status_code</error></testcase><testcase classname="backend.tests.test_auto_scaling_priority_lanes.TestScalingAPIs" name="test_scaling_metrics_returns_200" time="0.105"><error message="failed on setup with &quot;AssertionError: Admin login failed: {&quot;error&quot;:&quot;Rate limit exceeded: 10 per 1 minute&quot;}&#10;assert 429 == 200&#10; +  where 429 = &lt;Response [429]&gt;.status_code&quot;">backend/tests/test_auto_scaling_priority_lanes.py:28: in setup
    assert response.status_code == 200, f"Admin login failed: {response.text}"
E   AssertionError: Admin login failed: {"error":"Rate limit exceeded: 10 per 1 minute"}
E   assert 429 == 200
E    +  where 429 = &lt;Response [429]&gt;.status_code</error></testcase><testcase classname="backend.tests.test_auto_scaling_priority_lanes.TestScalingAPIs" name="test_scaling_metrics_has_data" time="0.092"><error message="failed on setup with &quot;AssertionError: Admin login failed: {&quot;error&quot;:&quot;Rate limit exceeded: 10 per 1 minute&quot;}&#10;assert 429 == 200&#10; +  where 429 = &lt;Response [429]&gt;.status_code&quot;">backend/tests/test_auto_scaling_priority_lanes.py:28: in setup
    assert response.status_code == 200, f"Admin login failed: {response.text}"
E   AssertionError: Admin login failed: {"error":"Rate limit exceeded: 10 per 1 minute"}
E   assert 429 == 200
E    +  where 429 = &lt;Response [429]&gt;.status_code</error></testcase><testcase classname="backend.tests.test_auto_scaling_priority_lanes.TestScalingAPIs" name="test_scaling_history_returns_200" time="0.116"><error message="failed on setup with &quot;AssertionError: Admin login failed: {&quot;error&quot;:&quot;Rate limit exceeded: 10 per 1 minute&quot;}&#10;assert 429 == 200&#10; +  where 429 = &lt;Response [429]&gt;.status_code&quot;">backend/tests/test_auto_scaling_priority_lanes.py:28: in setup
    assert response.status_code == 200, f"Admin login failed: {response.text}"
E   AssertionError: Admin login failed: {"error":"Rate limit exceeded: 10 per 1 minute"}
E   assert 429 == 200
E    +  where 429 = &lt;Response [429]&gt;.status_code</error></testcase><testcase classname="backend.tests.test_auto_scaling_priority_lanes.TestScalingAPIs" name="test_scaling_history_structure" time="0.111"><error message="failed on setup with &quot;AssertionError: Admin login failed: {&quot;error&quot;:&quot;Rate limit exceeded: 10 per 1 minute&quot;}&#10;assert 429 == 200&#10; +  where 429 = &lt;Response [429]&gt;.status_code&quot;">backend/tests/test_auto_scaling_priority_lanes.py:28: in setup
    assert response.status_code == 200, f"Admin login failed: {response.text}"
E   AssertionError: Admin login failed: {"error":"Rate limit exceeded: 10 per 1 minute"}
E   assert 429 == 200
E    +  where 429 = &lt;Response [429]&gt;.status_code</error></testcase></testsuite></testsuites>