<?xml version="1.0" encoding="utf-8"?><testsuites name="pytest tests"><testsuite name="pytest" errors="0" failures="0" skipped="0" tests="16" time="2.469" timestamp="2026-03-15T19:11:19.421746+00:00" hostname="agent-env-16a8deb7-6012-486d-9af9-9c6aa23a840d"><testcase classname="backend.tests.test_pipeline_recovery_iteration268.TestPipelineJobStatus" name="test_status_returns_has_recoverable_assets" time="0.783" /><testcase classname="backend.tests.test_pipeline_recovery_iteration268.TestPipelineJobStatus" name="test_status_includes_crash_logs" time="0.077" /><testcase classname="backend.tests.test_pipeline_recovery_iteration268.TestPipelineJobStatus" name="test_status_includes_fallback_data" time="0.077" /><testcase classname="backend.tests.test_pipeline_recovery_iteration268.TestPipelinePreview" name="test_preview_works_for_partial_job" time="0.069" /><testcase classname="backend.tests.test_pipeline_recovery_iteration268.TestPipelinePreview" name="test_preview_includes_fallback_urls" time="0.067" /><testcase classname="backend.tests.test_pipeline_recovery_iteration268.TestPipelineResume" name="test_resume_requires_auth" time="0.081" /><testcase classname="backend.tests.test_pipeline_recovery_iteration268.TestPipelineResume" name="test_resume_returns_403_for_non_owner" time="0.371" /><testcase classname="backend.tests.test_pipeline_recovery_iteration268.TestCrashDiagnostics" name="test_crash_diagnostics_requires_admin" time="0.077" /><testcase classname="backend.tests.test_pipeline_recovery_iteration268.TestCrashDiagnostics" name="test_crash_diagnostics_returns_data_for_admin" time="0.082" /><testcase classname="backend.tests.test_pipeline_recovery_iteration268.TestUserJobs" name="test_user_jobs_includes_has_recoverable_assets" time="0.101" /><testcase classname="backend.tests.test_pipeline_recovery_iteration268.TestPipelineCreate" name="test_create_requires_auth" time="0.075" /><testcase classname="backend.tests.test_pipeline_recovery_iteration268.TestPipelineCreate" name="test_create_validates_input" time="0.153" /><testcase classname="backend.tests.test_pipeline_recovery_iteration268.TestPipelineCreate" name="test_create_returns_job_id" time="0.152" /><testcase classname="backend.tests.test_pipeline_recovery_iteration268.TestPipelineOptions" name="test_options_returns_styles_and_presets" time="0.070" /><testcase classname="backend.tests.test_pipeline_recovery_iteration268.TestWorkerStats" name="test_worker_status_returns_stats" time="0.071" /><testcase classname="backend.tests.test_pipeline_recovery_iteration268.TestRateLimitStatus" name="test_rate_limit_status_returns_info" time="0.070" /></testsuite></testsuites>