<?xml version="1.0" encoding="utf-8"?><testsuites name="pytest tests"><testsuite name="pytest" errors="0" failures="2" skipped="0" tests="25" time="8.791" timestamp="2026-02-17T17:34:57.282171+00:00" hostname="agent-env-fa63a639-7e48-4d1f-a6dc-7e3df67ce736"><testcase classname="backend.tests.test_backend_refactored.TestHealthEndpoints" name="test_health_endpoint" time="0.283" /><testcase classname="backend.tests.test_backend_refactored.TestHealthEndpoints" name="test_health_live" time="0.141" /><testcase classname="backend.tests.test_backend_refactored.TestHealthEndpoints" name="test_health_ready" time="0.206" /><testcase classname="backend.tests.test_backend_refactored.TestAuthEndpoints" name="test_login_demo_user" time="0.437" /><testcase classname="backend.tests.test_backend_refactored.TestAuthEndpoints" name="test_login_admin_user" time="0.336" /><testcase classname="backend.tests.test_backend_refactored.TestAuthEndpoints" name="test_login_invalid_credentials" time="0.149" /><testcase classname="backend.tests.test_backend_refactored.TestAuthEndpoints" name="test_get_me_authenticated" time="0.561" /><testcase classname="backend.tests.test_backend_refactored.TestAuthEndpoints" name="test_get_me_unauthenticated" time="0.192" /><testcase classname="backend.tests.test_backend_refactored.TestCreditsEndpoints" name="test_get_balance_authenticated" time="0.550" /><testcase classname="backend.tests.test_backend_refactored.TestCreditsEndpoints" name="test_get_balance_unauthenticated" time="0.125" /><testcase classname="backend.tests.test_backend_refactored.TestCreditsEndpoints" name="test_get_ledger" time="0.562" /><testcase classname="backend.tests.test_backend_refactored.TestCreatorProEndpoints" name="test_get_costs" time="0.143" /><testcase classname="backend.tests.test_backend_refactored.TestCreatorProEndpoints" name="test_hook_analyzer" time="0.607" /><testcase classname="backend.tests.test_backend_refactored.TestCreatorProEndpoints" name="test_caption_generator" time="0.608" /><testcase classname="backend.tests.test_backend_refactored.TestTwinFinderEndpoints" name="test_get_costs" time="0.219" /><testcase classname="backend.tests.test_backend_refactored.TestTwinFinderEndpoints" name="test_get_celebrities" time="0.204" /><testcase classname="backend.tests.test_backend_refactored.TestTwinFinderEndpoints" name="test_dashboard" time="0.675" /><testcase classname="backend.tests.test_backend_refactored.TestAdminEndpoints" name="test_admin_dashboard_with_admin" time="0.611" /><testcase classname="backend.tests.test_backend_refactored.TestAdminEndpoints" name="test_admin_dashboard_with_non_admin" time="0.657" /><testcase classname="backend.tests.test_backend_refactored.TestAdminEndpoints" name="test_admin_dashboard_unauthenticated" time="0.134" /><testcase classname="backend.tests.test_backend_refactored.TestPaymentsEndpoints" name="test_get_products" time="0.164" /><testcase classname="backend.tests.test_backend_refactored.TestPaymentsEndpoints" name="test_payments_health" time="0.128" /><testcase classname="backend.tests.test_backend_refactored.TestPaymentsEndpoints" name="test_payment_history" time="0.529" /><testcase classname="backend.tests.test_backend_refactored.TestRootEndpoints" name="test_root_endpoint" time="0.177"><failure message="requests.exceptions.JSONDecodeError: Expecting value: line 1 column 1 (char 0)">/root/.venv/lib/python3.11/site-packages/requests/models.py:976: in json
    return complexjson.loads(self.text, **kwargs)
           ^^^^^^^^^^^^^^^^^^^^^^^^^^^^^^^^^^^^^^
/usr/local/lib/python3.11/json/__init__.py:346: in loads
    return _default_decoder.decode(s)
           ^^^^^^^^^^^^^^^^^^^^^^^^^^
/usr/local/lib/python3.11/json/decoder.py:337: in decode
    obj, end = self.raw_decode(s, idx=_w(s, 0).end())
               ^^^^^^^^^^^^^^^^^^^^^^^^^^^^^^^^^^^^^^
/usr/local/lib/python3.11/json/decoder.py:355: in raw_decode
    raise JSONDecodeError("Expecting value", s, err.value) from None
E   json.decoder.JSONDecodeError: Expecting value: line 1 column 1 (char 0)

During handling of the above exception, another exception occurred:
backend/tests/test_backend_refactored.py:339: in test_root_endpoint
    data = response.json()
           ^^^^^^^^^^^^^^^
/root/.venv/lib/python3.11/site-packages/requests/models.py:980: in json
    raise RequestsJSONDecodeError(e.msg, e.doc, e.pos)
E   requests.exceptions.JSONDecodeError: Expecting value: line 1 column 1 (char 0)</failure></testcase><testcase classname="backend.tests.test_backend_refactored.TestRootEndpoints" name="test_root_health" time="0.243"><failure message="requests.exceptions.JSONDecodeError: Expecting value: line 1 column 1 (char 0)">/root/.venv/lib/python3.11/site-packages/requests/models.py:976: in json
    return complexjson.loads(self.text, **kwargs)
           ^^^^^^^^^^^^^^^^^^^^^^^^^^^^^^^^^^^^^^
/usr/local/lib/python3.11/json/__init__.py:346: in loads
    return _default_decoder.decode(s)
           ^^^^^^^^^^^^^^^^^^^^^^^^^^
/usr/local/lib/python3.11/json/decoder.py:337: in decode
    obj, end = self.raw_decode(s, idx=_w(s, 0).end())
               ^^^^^^^^^^^^^^^^^^^^^^^^^^^^^^^^^^^^^^
/usr/local/lib/python3.11/json/decoder.py:355: in raw_decode
    raise JSONDecodeError("Expecting value", s, err.value) from None
E   json.decoder.JSONDecodeError: Expecting value: line 1 column 1 (char 0)

During handling of the above exception, another exception occurred:
backend/tests/test_backend_refactored.py:348: in test_root_health
    data = response.json()
           ^^^^^^^^^^^^^^^
/root/.venv/lib/python3.11/site-packages/requests/models.py:980: in json
    raise RequestsJSONDecodeError(e.msg, e.doc, e.pos)
E   requests.exceptions.JSONDecodeError: Expecting value: line 1 column 1 (char 0)</failure></testcase></testsuite></testsuites>