<?xml version="1.0" encoding="utf-8"?><testsuites name="pytest tests"><testsuite name="pytest" errors="0" failures="0" skipped="0" tests="11" time="3.211" timestamp="2026-04-13T16:03:23.841536+00:00" hostname="agent-env-46d95153-5e49-4e7f-ac0c-d5b00c0bc0f7"><testcase classname="backend.tests.test_ui_ux_audit_iteration509.TestExploreEndpoint" name="test_explore_returns_stories_with_thumbnails_only" time="0.208" /><testcase classname="backend.tests.test_ui_ux_audit_iteration509.TestExploreEndpoint" name="test_explore_returns_total_count" time="0.140" /><testcase classname="backend.tests.test_ui_ux_audit_iteration509.TestExploreEndpoint" name="test_explore_category_filters" time="0.703" /><testcase classname="backend.tests.test_ui_ux_audit_iteration509.TestExploreEndpoint" name="test_explore_sort_options" time="0.406" /><testcase classname="backend.tests.test_ui_ux_audit_iteration509.TestExploreEndpoint" name="test_explore_pagination" time="0.295" /><testcase classname="backend.tests.test_ui_ux_audit_iteration509.TestStoryFeedEndpoint" name="test_story_feed_returns_rows" time="0.128" /><testcase classname="backend.tests.test_ui_ux_audit_iteration509.TestStoryFeedEndpoint" name="test_story_feed_returns_features" time="0.131" /><testcase classname="backend.tests.test_ui_ux_audit_iteration509.TestStoryFeedEndpoint" name="test_story_feed_returns_live_stats" time="0.140" /><testcase classname="backend.tests.test_ui_ux_audit_iteration509.TestHottestBattleEndpoint" name="test_hottest_battle_returns_data" time="0.145" /><testcase classname="backend.tests.test_ui_ux_audit_iteration509.TestTrendingEndpoint" name="test_trending_returns_items" time="0.371" /><testcase classname="backend.tests.test_ui_ux_audit_iteration509.TestAuthRedirect" name="test_login_endpoint_exists" time="0.463" /></testsuite></testsuites>