<?xml version="1.0" encoding="utf-8"?><testsuites name="pytest tests"><testsuite name="pytest" errors="0" failures="0" skipped="1" tests="31" time="6.008" timestamp="2026-04-04T15:42:31.784364+00:00" hostname="agent-env-46d95153-5e49-4e7f-ac0c-d5b00c0bc0f7"><testcase classname="tests.test_media_protection.TestIsProtectedAssetUrl" name="test_api_static_video" time="0.000" /><testcase classname="tests.test_media_protection.TestIsProtectedAssetUrl" name="test_api_static_thumbnail" time="0.000" /><testcase classname="tests.test_media_protection.TestIsProtectedAssetUrl" name="test_api_static_audio" time="0.000" /><testcase classname="tests.test_media_protection.TestIsProtectedAssetUrl" name="test_api_static_zip" time="0.000" /><testcase classname="tests.test_media_protection.TestIsProtectedAssetUrl" name="test_static_thumbnail_no_api_prefix" time="0.000" /><testcase classname="tests.test_media_protection.TestIsProtectedAssetUrl" name="test_static_zip_no_api_prefix" time="0.000" /><testcase classname="tests.test_media_protection.TestIsProtectedAssetUrl" name="test_unrelated_static_path" time="0.000" /><testcase classname="tests.test_media_protection.TestIsProtectedAssetUrl" name="test_empty_string" time="0.000" /><testcase classname="tests.test_media_protection.TestIsProtectedAssetUrl" name="test_external_url" time="0.000" /><testcase classname="tests.test_media_protection.TestIsProtectedAssetUrl" name="test_partial_match" time="0.000" /><testcase classname="tests.test_media_protection.TestIsProtectedAssetUrl" name="test_none_guard" time="0.000" /><testcase classname="tests.test_media_protection.TestNormalizeAssetUrl" name="test_already_normalized" time="0.000" /><testcase classname="tests.test_media_protection.TestNormalizeAssetUrl" name="test_missing_api_prefix" time="0.000" /><testcase classname="tests.test_media_protection.TestNormalizeAssetUrl" name="test_missing_api_prefix_zip" time="0.000" /><testcase classname="tests.test_media_protection.TestNormalizeAssetUrl" name="test_does_not_double_prefix" time="0.000" /><testcase classname="tests.test_media_protection.TestNormalizeAssetUrl" name="test_unrelated_path_unchanged" time="0.000" /><testcase classname="tests.test_media_protection_api.TestDirectStaticAccessBlocked" name="test_direct_access_viral_videos_blocked" time="0.169" /><testcase classname="tests.test_media_protection_api.TestDirectStaticAccessBlocked" name="test_direct_access_viral_thumbs_blocked" time="0.108" /><testcase classname="tests.test_media_protection_api.TestDirectStaticAccessBlocked" name="test_direct_access_viral_audio_blocked" time="0.116" /><testcase classname="tests.test_media_protection_api.TestDirectStaticAccessBlocked" name="test_direct_access_viral_packs_blocked" time="0.109" /><testcase classname="tests.test_media_protection_api.TestMediaProxyStreaming" name="test_stream_with_malformed_token_returns_403" time="0.289" /><testcase classname="tests.test_media_protection_api.TestMediaProxyStreaming" name="test_stream_with_expired_token_returns_403" time="0.100" /><testcase classname="tests.test_media_protection_api.TestDownloadToken" name="test_download_token_requires_auth" time="0.113" /><testcase classname="tests.test_media_protection_api.TestDownloadToken" name="test_download_token_returns_url_and_ttl" time="0.595" /><testcase classname="tests.test_media_protection_api.TestJobAssetsSecureUrl" name="test_file_assets_have_secure_url_no_file_url" time="0.108" /><testcase classname="tests.test_media_protection_api.TestJobAssetsSecureUrl" name="test_text_assets_have_content_no_urls" time="0.112" /><testcase classname="tests.test_media_protection_api.TestPublicShareTeaser" name="test_share_teaser_thumbnail_is_secure_url" time="0.102" /><testcase classname="tests.test_media_protection_api.TestPublicShareTeaser" name="test_share_teaser_returns_expected_fields" time="0.105" /><testcase classname="tests.test_media_protection_api.TestBugCaseJob" name="test_bug_case_job_assets_have_secure_url" time="0.455"><skipped type="pytest.skip" message="Bug case job not accessible with admin token (may belong to different user)">/app/backend/tests/test_media_protection_api.py:259: Bug case job not accessible with admin token (may belong to different user)</skipped></testcase><testcase classname="tests.test_media_protection_api.TestNoFileUrlLeaks" name="test_assets_never_leak_file_url" time="0.694" /><testcase classname="tests.test_media_protection_api.TestMediaProxyWithValidToken" name="test_valid_token_returns_200" time="0.981" /></testsuite></testsuites>