<?xml version="1.0" encoding="utf-8"?><testsuites name="pytest tests"><testsuite name="pytest" errors="0" failures="0" skipped="0" tests="17" time="6.675" timestamp="2026-04-09T07:46:11.255630+00:00" hostname="agent-env-46d95153-5e49-4e7f-ac0c-d5b00c0bc0f7"><testcase classname="backend.tests.test_ab_hero_headline_iteration475.TestABResultsEndpoint" name="test_results_returns_correct_structure" time="0.290" /><testcase classname="backend.tests.test_ab_hero_headline_iteration475.TestABAssignEndpoint" name="test_assign_returns_variant" time="0.055" /><testcase classname="backend.tests.test_ab_hero_headline_iteration475.TestABAssignEndpoint" name="test_same_session_gets_same_variant_idempotent" time="0.151" /><testcase classname="backend.tests.test_ab_hero_headline_iteration475.TestABAssignEndpoint" name="test_different_sessions_get_roughly_50_50_split" time="4.893" /><testcase classname="backend.tests.test_ab_hero_headline_iteration475.TestABAssignEndpoint" name="test_assign_invalid_experiment_returns_404" time="0.048" /><testcase classname="backend.tests.test_ab_hero_headline_iteration475.TestABConvertEndpoint" name="test_convert_experience_click" time="0.097" /><testcase classname="backend.tests.test_ab_hero_headline_iteration475.TestABConvertEndpoint" name="test_convert_paywall_shown" time="0.096" /><testcase classname="backend.tests.test_ab_hero_headline_iteration475.TestABConvertEndpoint" name="test_convert_impression" time="0.103" /><testcase classname="backend.tests.test_ab_hero_headline_iteration475.TestABConvertEndpoint" name="test_convert_click" time="0.096" /><testcase classname="backend.tests.test_ab_hero_headline_iteration475.TestABConvertEndpoint" name="test_convert_dedupe_same_event" time="0.145" /><testcase classname="backend.tests.test_ab_hero_headline_iteration475.TestABConvertEndpoint" name="test_convert_invalid_event_returns_400" time="0.096" /><testcase classname="backend.tests.test_ab_hero_headline_iteration475.TestPublicABImpressionEndpoint" name="test_ab_impression_with_traffic_source" time="0.048" /><testcase classname="backend.tests.test_ab_hero_headline_iteration475.TestPublicABImpressionEndpoint" name="test_ab_impression_different_traffic_sources" time="0.237" /><testcase classname="backend.tests.test_ab_hero_headline_iteration475.TestPublicABImpressionEndpoint" name="test_ab_impression_cta_click_action" time="0.050" /><testcase classname="backend.tests.test_ab_hero_headline_iteration475.TestABResultsConfidenceCalculation" name="test_results_include_confidence_percentage" time="0.054" /><testcase classname="backend.tests.test_ab_hero_headline_iteration475.TestABResultsConfidenceCalculation" name="test_winner_requires_min_sessions_and_95_confidence" time="0.057" /><testcase classname="backend.tests.test_ab_hero_headline_iteration475.TestDeterministicAssignment" name="test_assignment_is_deterministic" time="0.047" /></testsuite></testsuites>