<?xml version="1.0" encoding="utf-8"?><testsuites name="pytest tests"><testsuite name="pytest" errors="0" failures="6" skipped="12" tests="32" time="6.837" timestamp="2026-02-15T18:14:00.997016+00:00" hostname="agent-env-8d93258e-9ab5-411b-a328-fb94953f9313"><testcase classname="backend.tests.test_e2e_comprehensive.TestUserRegistration" name="test_register_new_user_with_54_credits" time="0.426" /><testcase classname="backend.tests.test_e2e_comprehensive.TestUserRegistration" name="test_register_weak_password_rejected" time="0.145" /><testcase classname="backend.tests.test_e2e_comprehensive.TestUserLogin" name="test_login_valid_credentials" time="0.251" /><testcase classname="backend.tests.test_e2e_comprehensive.TestUserLogin" name="test_login_invalid_credentials" time="0.238" /><testcase classname="backend.tests.test_e2e_comprehensive.TestUserLogin" name="test_login_rate_limiting" time="1.381" /><testcase classname="backend.tests.test_e2e_comprehensive.TestReelGenerator" name="test_reel_generation_valid_input" time="0.144"><skipped type="pytest.skip" message="Auth failed">/app/backend/tests/test_e2e_comprehensive.py:102: Auth failed</skipped></testcase><testcase classname="backend.tests.test_e2e_comprehensive.TestReelGenerator" name="test_reel_generation_missing_fields" time="0.127"><skipped type="pytest.skip" message="Auth failed">/app/backend/tests/test_e2e_comprehensive.py:115: Auth failed</skipped></testcase><testcase classname="backend.tests.test_e2e_comprehensive.TestContentFiltering" name="test_content_filter_blocks_violence" time="0.117"><skipped type="pytest.skip" message="Auth failed">/app/backend/tests/test_e2e_comprehensive.py:141: Auth failed</skipped></testcase><testcase classname="backend.tests.test_e2e_comprehensive.TestContentFiltering" name="test_content_filter_allows_clean" time="0.100"><skipped type="pytest.skip" message="Auth failed">/app/backend/tests/test_e2e_comprehensive.py:151: Auth failed</skipped></testcase><testcase classname="backend.tests.test_e2e_comprehensive.TestContentFiltering" name="test_reel_with_inappropriate_topic" time="0.129"><skipped type="pytest.skip" message="Auth failed">/app/backend/tests/test_e2e_comprehensive.py:161: Auth failed</skipped></testcase><testcase classname="backend.tests.test_e2e_comprehensive.TestStoryGenerator" name="test_story_generation_valid_input" time="0.115"><skipped type="pytest.skip" message="Auth failed">/app/backend/tests/test_e2e_comprehensive.py:189: Auth failed</skipped></testcase><testcase classname="backend.tests.test_e2e_comprehensive.TestStoryGenerator" name="test_story_generation_custom_genre" time="0.146"><skipped type="pytest.skip" message="Auth failed">/app/backend/tests/test_e2e_comprehensive.py:201: Auth failed</skipped></testcase><testcase classname="backend.tests.test_e2e_comprehensive.TestCreditSystem" name="test_credit_balance_display" time="0.189"><skipped type="pytest.skip" message="Auth failed">/app/backend/tests/test_e2e_comprehensive.py:228: Auth failed</skipped></testcase><testcase classname="backend.tests.test_e2e_comprehensive.TestHistoryPage" name="test_history_list" time="0.451"><skipped type="pytest.skip" message="Auth failed">/app/backend/tests/test_e2e_comprehensive.py:251: Auth failed</skipped></testcase><testcase classname="backend.tests.test_e2e_comprehensive.TestHistoryPage" name="test_history_filter_by_type" time="0.164"><skipped type="pytest.skip" message="Auth failed">/app/backend/tests/test_e2e_comprehensive.py:258: Auth failed</skipped></testcase><testcase classname="backend.tests.test_e2e_comprehensive.TestPricingAndPayments" name="test_products_endpoint" time="0.128" /><testcase classname="backend.tests.test_e2e_comprehensive.TestPricingAndPayments" name="test_currencies_endpoint" time="0.162" /><testcase classname="backend.tests.test_e2e_comprehensive.TestPricingAndPayments" name="test_payment_health" time="0.114" /><testcase classname="backend.tests.test_e2e_comprehensive.TestPricingAndPayments" name="test_create_order_requires_auth" time="0.123" /><testcase classname="backend.tests.test_e2e_comprehensive.TestAIChatbot" name="test_chatbot_message" time="0.141"><failure message="AssertionError: Chatbot failed: {&quot;success&quot;:false,&quot;error&quot;:&quot;Access denied. Your IP has been temporarily blocked.&quot;,&quot;errorCode&quot;:&quot;ACCESS_DENIED&quot;}&#10;assert 403 == 200&#10; +  where 403 = &lt;Response [403]&gt;.status_code">backend/tests/test_e2e_comprehensive.py:324: in test_chatbot_message
    assert response.status_code == 200, f"Chatbot failed: {response.text}"
E   AssertionError: Chatbot failed: {"success":false,"error":"Access denied. Your IP has been temporarily blocked.","errorCode":"ACCESS_DENIED"}
E   assert 403 == 200
E    +  where 403 = &lt;Response [403]&gt;.status_code</failure></testcase><testcase classname="backend.tests.test_e2e_comprehensive.TestAIChatbot" name="test_chatbot_empty_message" time="0.124"><failure message="assert 403 in [200, 400]&#10; +  where 403 = &lt;Response [403]&gt;.status_code">backend/tests/test_e2e_comprehensive.py:337: in test_chatbot_empty_message
    assert response.status_code in [200, 400]
E   assert 403 in [200, 400]
E    +  where 403 = &lt;Response [403]&gt;.status_code</failure></testcase><testcase classname="backend.tests.test_e2e_comprehensive.TestAIChatbot" name="test_chatbot_clear_session" time="0.105"><failure message="assert 403 in [200, 204]&#10; +  where 403 = &lt;Response [403]&gt;.status_code">backend/tests/test_e2e_comprehensive.py:346: in test_chatbot_clear_session
    assert response.status_code in [200, 204]
E   assert 403 in [200, 204]
E    +  where 403 = &lt;Response [403]&gt;.status_code</failure></testcase><testcase classname="backend.tests.test_e2e_comprehensive.TestWAFSecurity" name="test_waf_blocks_sql_injection" time="0.135" /><testcase classname="backend.tests.test_e2e_comprehensive.TestWAFSecurity" name="test_waf_blocks_xss" time="0.126" /><testcase classname="backend.tests.test_e2e_comprehensive.TestWAFSecurity" name="test_waf_blocks_hacking_tools" time="0.079" /><testcase classname="backend.tests.test_e2e_comprehensive.TestAdminDashboard" name="test_admin_requires_auth" time="0.144" /><testcase classname="backend.tests.test_e2e_comprehensive.TestAdminDashboard" name="test_admin_login" time="0.125" /><testcase classname="backend.tests.test_e2e_comprehensive.TestPrivacySettings" name="test_privacy_my_data" time="0.100"><skipped type="pytest.skip" message="Auth failed">/app/backend/tests/test_e2e_comprehensive.py:413: Auth failed</skipped></testcase><testcase classname="backend.tests.test_e2e_comprehensive.TestPrivacySettings" name="test_privacy_export" time="0.125"><skipped type="pytest.skip" message="Auth failed">/app/backend/tests/test_e2e_comprehensive.py:420: Auth failed</skipped></testcase><testcase classname="backend.tests.test_e2e_comprehensive.TestHealthEndpoints" name="test_health_basic" time="0.107"><failure message="assert 403 == 200&#10; +  where 403 = &lt;Response [403]&gt;.status_code">backend/tests/test_e2e_comprehensive.py:435: in test_health_basic
    assert response.status_code == 200
E   assert 403 == 200
E    +  where 403 = &lt;Response [403]&gt;.status_code</failure></testcase><testcase classname="backend.tests.test_e2e_comprehensive.TestHealthEndpoints" name="test_health_detailed" time="0.571"><failure message="assert 403 == 200&#10; +  where 403 = &lt;Response [403]&gt;.status_code">backend/tests/test_e2e_comprehensive.py:443: in test_health_detailed
    assert response.status_code == 200
E   assert 403 == 200
E    +  where 403 = &lt;Response [403]&gt;.status_code</failure></testcase><testcase classname="backend.tests.test_e2e_comprehensive.TestHealthEndpoints" name="test_health_ready" time="0.113"><failure message="assert 403 == 200&#10; +  where 403 = &lt;Response [403]&gt;.status_code">backend/tests/test_e2e_comprehensive.py:449: in test_health_ready
    assert response.status_code == 200
E   assert 403 == 200
E    +  where 403 = &lt;Response [403]&gt;.status_code</failure></testcase></testsuite></testsuites>