<?xml version="1.0" encoding="utf-8"?><testsuites name="pytest tests"><testsuite name="pytest" errors="0" failures="0" skipped="0" tests="12" time="1.471" timestamp="2026-03-08T17:27:26.476782+00:00" hostname="agent-env-979bc694-0849-4f7e-8e7e-feab298e90d5"><testcase classname="backend.tests.test_story_video_templates_iteration128.TestVideoTemplates" name="test_get_templates_list_returns_8_templates" time="0.214" /><testcase classname="backend.tests.test_story_video_templates_iteration128.TestVideoTemplates" name="test_templates_have_age_groups_and_styles" time="0.072" /><testcase classname="backend.tests.test_story_video_templates_iteration128.TestWaitingGames" name="test_get_waiting_games_returns_counts" time="0.068" /><testcase classname="backend.tests.test_story_video_templates_iteration128.TestWaitingGames" name="test_get_trivia_questions_with_count" time="0.059" /><testcase classname="backend.tests.test_story_video_templates_iteration128.TestWaitingGames" name="test_get_word_puzzle" time="0.067" /><testcase classname="backend.tests.test_story_video_templates_iteration128.TestWaitingGames" name="test_get_riddle" time="0.063" /><testcase classname="backend.tests.test_story_video_templates_iteration128.TestSocialSharing" name="test_share_video_all_platforms" time="0.399" /><testcase classname="backend.tests.test_story_video_templates_iteration128.TestSocialSharing" name="test_share_requires_auth" time="0.131" /><testcase classname="backend.tests.test_story_video_templates_iteration128.TestUserVideos" name="test_get_my_videos" time="0.071" /><testcase classname="backend.tests.test_story_video_templates_iteration128.TestUserVideos" name="test_my_videos_requires_auth" time="0.136" /><testcase classname="backend.tests.test_story_video_templates_iteration128.TestBetaTesterGuide" name="test_get_beta_test_guide_returns_8_steps" time="0.062" /><testcase classname="backend.tests.test_story_video_templates_iteration128.TestBetaTesterGuide" name="test_guide_steps_have_proper_flow" time="0.065" /></testsuite></testsuites>