<?xml version="1.0" encoding="utf-8"?><testsuites name="pytest tests"><testsuite name="pytest" errors="0" failures="0" skipped="0" tests="10" time="4.970" timestamp="2026-02-21T19:04:39.814355+00:00" hostname="agent-env-3c90a103-5879-4562-b0ea-ed554954588f"><testcase classname="backend.tests.test_iteration54_trending_fix.TestHealthAndAuth" name="test_health_endpoint" time="0.367" /><testcase classname="backend.tests.test_iteration54_trending_fix.TestHealthAndAuth" name="test_admin_login" time="0.368" /><testcase classname="backend.tests.test_iteration54_trending_fix.TestTrendingEndpointFix" name="test_trending_general_niche" time="0.511" /><testcase classname="backend.tests.test_iteration54_trending_fix.TestTrendingEndpointFix" name="test_trending_fitness_niche" time="0.502" /><testcase classname="backend.tests.test_iteration54_trending_fix.TestTrendingEndpointFix" name="test_trending_business_niche" time="0.490" /><testcase classname="backend.tests.test_iteration54_trending_fix.TestTrendingEndpointFix" name="test_trending_includes_tips" time="0.494" /><testcase classname="backend.tests.test_iteration54_trending_fix.TestCreatorToolsAPIs" name="test_hashtags_endpoint" time="0.504" /><testcase classname="backend.tests.test_iteration54_trending_fix.TestCreatorToolsAPIs" name="test_niches_endpoint" time="0.449" /><testcase classname="backend.tests.test_iteration54_trending_fix.TestWalletAndCredits" name="test_wallet_balance" time="0.538" /><testcase classname="backend.tests.test_iteration54_trending_fix.TestBillingProducts" name="test_products_endpoint" time="0.653" /></testsuite></testsuites>