<?xml version="1.0" encoding="utf-8"?><testsuites name="pytest tests"><testsuite name="pytest" errors="0" failures="1" skipped="0" tests="32" time="10.775" timestamp="2026-02-26T06:35:28.294294+00:00" hostname="agent-env-1d21644e-21f5-4629-908d-bc10186f06f7"><testcase classname="backend.tests.test_user_analytics_ratings_iteration84.TestUserAnalyticsAuth" name="test_admin_login_success" time="0.373" /><testcase classname="backend.tests.test_user_analytics_ratings_iteration84.TestUserAnalyticsAuth" name="test_demo_user_login_success" time="0.335" /><testcase classname="backend.tests.test_user_analytics_ratings_iteration84.TestAdminRatingsSummary" name="test_ratings_summary_endpoint" time="0.448" /><testcase classname="backend.tests.test_user_analytics_ratings_iteration84.TestAdminRatingsSummary" name="test_ratings_summary_with_days_filter" time="0.439" /><testcase classname="backend.tests.test_user_analytics_ratings_iteration84.TestAdminRatingsSummary" name="test_ratings_summary_requires_admin" time="0.463" /><testcase classname="backend.tests.test_user_analytics_ratings_iteration84.TestAdminRatingsList" name="test_ratings_list_endpoint" time="0.479" /><testcase classname="backend.tests.test_user_analytics_ratings_iteration84.TestAdminRatingsList" name="test_ratings_list_with_rating_filter" time="0.562" /><testcase classname="backend.tests.test_user_analytics_ratings_iteration84.TestAdminRatingsList" name="test_ratings_list_with_feature_filter" time="0.099" /><testcase classname="backend.tests.test_user_analytics_ratings_iteration84.TestRatingSubmission" name="test_submit_high_rating_no_reason_required" time="0.461" /><testcase classname="backend.tests.test_user_analytics_ratings_iteration84.TestRatingSubmission" name="test_submit_3_star_rating_no_reason_required" time="0.106" /><testcase classname="backend.tests.test_user_analytics_ratings_iteration84.TestRatingSubmission" name="test_submit_1_star_without_reason_fails" time="0.108" /><testcase classname="backend.tests.test_user_analytics_ratings_iteration84.TestRatingSubmission" name="test_submit_2_star_without_reason_fails" time="0.102" /><testcase classname="backend.tests.test_user_analytics_ratings_iteration84.TestRatingSubmission" name="test_submit_1_star_with_reason_succeeds" time="0.111" /><testcase classname="backend.tests.test_user_analytics_ratings_iteration84.TestRatingSubmission" name="test_submit_2_star_with_other_reason_needs_comment" time="0.106" /><testcase classname="backend.tests.test_user_analytics_ratings_iteration84.TestRatingSubmission" name="test_submit_2_star_with_other_reason_and_comment" time="0.102" /><testcase classname="backend.tests.test_user_analytics_ratings_iteration84.TestSessionTracking" name="test_start_session" time="0.577" /><testcase classname="backend.tests.test_user_analytics_ratings_iteration84.TestSessionTracking" name="test_end_session" time="0.222" /><testcase classname="backend.tests.test_user_analytics_ratings_iteration84.TestFeatureEventTracking" name="test_track_feature_event_success" time="0.500" /><testcase classname="backend.tests.test_user_analytics_ratings_iteration84.TestFeatureEventTracking" name="test_track_feature_event_failure" time="0.104" /><testcase classname="backend.tests.test_user_analytics_ratings_iteration84.TestFeatureEventTracking" name="test_track_feature_opened_event" time="0.120" /><testcase classname="backend.tests.test_user_analytics_ratings_iteration84.TestAdminFeatureEvents" name="test_get_feature_events" time="0.500" /><testcase classname="backend.tests.test_user_analytics_ratings_iteration84.TestAdminFeatureEvents" name="test_feature_events_with_filters" time="0.098" /><testcase classname="backend.tests.test_user_analytics_ratings_iteration84.TestAdminRatingsDrilldown" name="test_rating_drilldown" time="0.938" /><testcase classname="backend.tests.test_user_analytics_ratings_iteration84.TestAdminRatingsDrilldown" name="test_drilldown_nonexistent_rating" time="0.113" /><testcase classname="backend.tests.test_user_analytics_ratings_iteration84.TestAdminUserSessions" name="test_get_user_sessions" time="0.849" /><testcase classname="backend.tests.test_user_analytics_ratings_iteration84.TestFeatureHappinessReport" name="test_feature_happiness_report" time="0.546" /><testcase classname="backend.tests.test_user_analytics_ratings_iteration84.TestDashboardSummary" name="test_dashboard_summary" time="0.492" /><testcase classname="backend.tests.test_user_analytics_ratings_iteration84.TestCSVExport" name="test_csv_export" time="0.465" /><testcase classname="backend.tests.test_user_analytics_ratings_iteration84.TestCSVExport" name="test_csv_export_with_rating_filter" time="0.118" /><testcase classname="backend.tests.test_user_analytics_ratings_iteration84.TestResetRatings" name="test_reset_ratings_without_confirm_fails" time="0.461" /><testcase classname="backend.tests.test_user_analytics_ratings_iteration84.TestResetRatings" name="test_reset_ratings_requires_admin" time="0.121"><failure message="KeyError: 'token'">backend/tests/test_user_analytics_ratings_iteration84.py:680: in test_reset_ratings_requires_admin
    demo_token = demo_response.json()["token"]
                 ^^^^^^^^^^^^^^^^^^^^^^^^^^^^^
E   KeyError: 'token'</failure></testcase><testcase classname="backend.tests.test_user_analytics_ratings_iteration84.TestRatingReasons" name="test_get_rating_reasons" time="0.111" /></testsuite></testsuites>