<?xml version="1.0" encoding="utf-8"?><testsuites name="pytest tests"><testsuite name="pytest" errors="0" failures="0" skipped="0" tests="10" time="6.146" timestamp="2026-04-08T10:11:55.195648+00:00" hostname="agent-env-46d95153-5e49-4e7f-ac0c-d5b00c0bc0f7"><testcase classname="backend.tests.test_idempotency_projects_iteration463.TestIdempotencyProjectCreation" name="test_01_create_project_with_idempotency_key_first_call" time="0.729" /><testcase classname="backend.tests.test_idempotency_projects_iteration463.TestIdempotencyProjectCreation" name="test_02_create_project_with_same_idempotency_key_returns_existing" time="0.652" /><testcase classname="backend.tests.test_idempotency_projects_iteration463.TestIdempotencyProjectCreation" name="test_03_create_project_with_different_idempotency_key_creates_new" time="0.748" /><testcase classname="backend.tests.test_idempotency_projects_iteration463.TestIdempotencyProjectCreation" name="test_04_create_project_without_idempotency_key_works" time="0.544" /><testcase classname="backend.tests.test_idempotency_projects_iteration463.TestListProjectsAuth" name="test_05_list_projects_with_auth_token_extracts_user_id" time="0.430" /><testcase classname="backend.tests.test_idempotency_projects_iteration463.TestListProjectsAuth" name="test_06_list_projects_without_auth_falls_back_to_test_user" time="0.499" /><testcase classname="backend.tests.test_idempotency_projects_iteration463.TestListProjectsAuth" name="test_07_list_projects_returns_only_parent_projects" time="0.431" /><testcase classname="backend.tests.test_idempotency_projects_iteration463.TestListProjectsIdempotencyCollapse" name="test_08_list_projects_collapses_duplicate_idempotency_keys" time="0.718" /><testcase classname="backend.tests.test_idempotency_projects_iteration463.TestDeleteProject" name="test_09_delete_project_removes_project_and_assets" time="0.822" /><testcase classname="backend.tests.test_idempotency_projects_iteration463.TestDeleteProject" name="test_10_delete_nonexistent_project_returns_404" time="0.482" /></testsuite></testsuites>