<?xml version="1.0" encoding="utf-8"?><testsuites name="pytest tests"><testsuite name="pytest" errors="0" failures="0" skipped="0" tests="20" time="20.564" timestamp="2026-04-08T05:40:40.697067+00:00" hostname="agent-env-46d95153-5e49-4e7f-ac0c-d5b00c0bc0f7"><testcase classname="tests.test_load_guard_alerts_iteration459.TestLoadGuardAlerts" name="test_get_alerts_endpoint_returns_200" time="0.789" /><testcase classname="tests.test_load_guard_alerts_iteration459.TestLoadGuardAlerts" name="test_get_active_alerts_endpoint_returns_200" time="0.534" /><testcase classname="tests.test_load_guard_alerts_iteration459.TestLoadGuardAlerts" name="test_get_alerts_summary_endpoint_returns_200" time="0.495" /><testcase classname="tests.test_load_guard_alerts_iteration459.TestLoadGuardAlerts" name="test_set_mode_triggers_manual_override_alert" time="1.582" /><testcase classname="tests.test_load_guard_alerts_iteration459.TestLoadGuardAlerts" name="test_alert_payload_contains_required_fields" time="1.513" /><testcase classname="tests.test_load_guard_alerts_iteration459.TestLoadGuardAlerts" name="test_dashboard_link_points_to_admin" time="1.532" /><testcase classname="tests.test_load_guard_alerts_iteration459.TestLoadGuardAlerts" name="test_api_link_points_to_load_guard" time="1.578" /><testcase classname="tests.test_load_guard_alerts_iteration459.TestLoadGuardAlerts" name="test_critical_then_normal_creates_two_alerts" time="2.187" /><testcase classname="tests.test_load_guard_alerts_iteration459.TestLoadGuardAlerts" name="test_alert_has_unique_incident_id" time="2.159" /><testcase classname="tests.test_load_guard_alerts_iteration459.TestLoadGuardAlerts" name="test_alerts_filter_by_status_active" time="0.530" /><testcase classname="tests.test_load_guard_alerts_iteration459.TestLoadGuardAlerts" name="test_alerts_filter_by_alert_type" time="0.481" /><testcase classname="tests.test_load_guard_alerts_iteration459.TestLoadGuardAlerts" name="test_non_admin_cannot_access_alerts" time="0.760" /><testcase classname="tests.test_load_guard_alerts_iteration459.TestLoadGuardAlerts" name="test_non_admin_cannot_access_active_alerts" time="0.789" /><testcase classname="tests.test_load_guard_alerts_iteration459.TestLoadGuardAlerts" name="test_non_admin_cannot_access_alerts_summary" time="0.744" /><testcase classname="tests.test_load_guard_alerts_iteration459.TestLoadGuardAlerts" name="test_load_guard_status_get_still_works" time="0.491" /><testcase classname="tests.test_load_guard_alerts_iteration459.TestLoadGuardAlerts" name="test_load_guard_decisions_get_still_works" time="0.467" /><testcase classname="tests.test_load_guard_alerts_iteration459.TestLoadGuardAlerts" name="test_system_health_overview_backward_compat" time="0.485" /><testcase classname="tests.test_load_guard_alerts_iteration459.TestLoadGuardAlerts" name="test_pipeline_create_returns_429_when_guard_critical" time="1.313" /><testcase classname="tests.test_load_guard_alerts_iteration459.TestLoadGuardAlerts" name="test_alert_system_works_without_slack_webhook" time="1.614" /><testcase classname="tests.test_load_guard_alerts_iteration459.TestAlertSummaryAggregation" name="test_summary_returns_aggregate_counts" time="0.423" /></testsuite></testsuites>