<?xml version="1.0" encoding="utf-8"?><testsuites name="pytest tests"><testsuite name="pytest" errors="0" failures="0" skipped="0" tests="22" time="3.243" timestamp="2026-03-13T22:25:45.452257+00:00" hostname="agent-env-46d6eecd-5b2d-424c-b0bc-d74dba2a818c"><testcase classname="backend.tests.test_phase6_10_iteration158.TestGalleryCategories" name="test_categories_endpoint_returns_success" time="1.063" /><testcase classname="backend.tests.test_phase6_10_iteration158.TestGalleryCategories" name="test_categories_has_all_category" time="0.067" /><testcase classname="backend.tests.test_phase6_10_iteration158.TestGalleryCategories" name="test_categories_have_required_fields" time="0.054" /><testcase classname="backend.tests.test_phase6_10_iteration158.TestGalleryLeaderboard" name="test_leaderboard_endpoint_returns_success" time="0.061" /><testcase classname="backend.tests.test_phase6_10_iteration158.TestGalleryLeaderboard" name="test_leaderboard_items_have_required_fields" time="0.062" /><testcase classname="backend.tests.test_phase6_10_iteration158.TestGalleryFiltering" name="test_gallery_default_returns_videos" time="0.066" /><testcase classname="backend.tests.test_phase6_10_iteration158.TestGalleryFiltering" name="test_gallery_sort_newest" time="0.059" /><testcase classname="backend.tests.test_phase6_10_iteration158.TestGalleryFiltering" name="test_gallery_sort_most_remixed" time="0.061" /><testcase classname="backend.tests.test_phase6_10_iteration158.TestGalleryFiltering" name="test_gallery_sort_trending" time="0.067" /><testcase classname="backend.tests.test_phase6_10_iteration158.TestGalleryFiltering" name="test_gallery_category_filter" time="0.122" /><testcase classname="backend.tests.test_phase6_10_iteration158.TestGalleryFiltering" name="test_gallery_combined_sort_and_category" time="0.064" /><testcase classname="backend.tests.test_phase6_10_iteration158.TestOpenGraphMetaTags" name="test_og_endpoint_404_for_invalid_id" time="0.104" /><testcase classname="backend.tests.test_phase6_10_iteration158.TestOpenGraphMetaTags" name="test_og_endpoint_returns_html_for_valid_video" time="0.126" /><testcase classname="backend.tests.test_phase6_10_iteration158.TestPerformanceMonitoring" name="test_performance_requires_auth" time="0.056" /><testcase classname="backend.tests.test_phase6_10_iteration158.TestPerformanceMonitoring" name="test_performance_requires_admin" time="0.349" /><testcase classname="backend.tests.test_phase6_10_iteration158.TestPerformanceMonitoring" name="test_performance_returns_data_for_admin" time="0.352" /><testcase classname="backend.tests.test_phase6_10_iteration158.TestPerformanceMonitoring" name="test_performance_queue_has_required_fields" time="0.078" /><testcase classname="backend.tests.test_phase6_10_iteration158.TestPerformanceMonitoring" name="test_performance_render_stats_fields" time="0.076" /><testcase classname="backend.tests.test_phase6_10_iteration158.TestPricingPlans" name="test_cashfree_products_returns_plans" time="0.053" /><testcase classname="backend.tests.test_phase6_10_iteration158.TestAnalyticsFunnel" name="test_funnel_requires_admin" time="0.071" /><testcase classname="backend.tests.test_phase6_10_iteration158.TestAnalyticsFunnel" name="test_funnel_returns_data_for_admin" time="0.072" /><testcase classname="backend.tests.test_phase6_10_iteration158.TestPipelineOptions" name="test_options_returns_all_configs" time="0.067" /></testsuite></testsuites>