<?xml version="1.0" encoding="utf-8"?><testsuites name="pytest tests"><testsuite name="pytest" errors="0" failures="2" skipped="2" tests="21" time="8.302" timestamp="2026-02-28T14:17:52.530517+00:00" hostname="agent-env-dbf522fb-ea77-4aff-806f-71ad55352341"><testcase classname="backend.tests.test_production_uat_109.TestAPIHealth" name="test_api_health_endpoint" time="0.273" /><testcase classname="backend.tests.test_production_uat_109.TestAPIHealth" name="test_api_root" time="0.116" /><testcase classname="backend.tests.test_production_uat_109.TestAuthenticationAPI" name="test_login_demo_user" time="0.428" /><testcase classname="backend.tests.test_production_uat_109.TestAuthenticationAPI" name="test_login_invalid_credentials" time="0.142" /><testcase classname="backend.tests.test_production_uat_109.TestAuthenticationAPI" name="test_signup_validation" time="0.117" /><testcase classname="backend.tests.test_production_uat_109.TestCreditsAPI" name="test_get_credits_balance" time="0.545" /><testcase classname="backend.tests.test_production_uat_109.TestCreditsAPI" name="test_get_wallet" time="0.455"><failure message="assert 404 == 200&#10; +  where 404 = &lt;Response [404]&gt;.status_code">backend/tests/test_production_uat_109.py:106: in test_get_wallet
    assert response.status_code == 200
E   assert 404 == 200
E    +  where 404 = &lt;Response [404]&gt;.status_code</failure></testcase><testcase classname="backend.tests.test_production_uat_109.TestGeneratorAPIs" name="test_photo_to_comic_styles" time="0.481" /><testcase classname="backend.tests.test_production_uat_109.TestGeneratorAPIs" name="test_photo_to_comic_pricing" time="0.477" /><testcase classname="backend.tests.test_production_uat_109.TestGeneratorAPIs" name="test_photo_to_comic_history" time="0.459" /><testcase classname="backend.tests.test_production_uat_109.TestGeneratorAPIs" name="test_reel_generator_endpoint" time="0.500" /><testcase classname="backend.tests.test_production_uat_109.TestNotificationAPI" name="test_get_notifications" time="0.464" /><testcase classname="backend.tests.test_production_uat_109.TestNotificationAPI" name="test_notification_poll" time="0.476" /><testcase classname="backend.tests.test_production_uat_109.TestNotificationAPI" name="test_unread_count" time="0.698" /><testcase classname="backend.tests.test_production_uat_109.TestUserAPI" name="test_get_user_profile" time="0.448" /><testcase classname="backend.tests.test_production_uat_109.TestUserAPI" name="test_get_generation_history" time="0.445"><failure message="assert 404 == 200&#10; +  where 404 = &lt;Response [404]&gt;.status_code">backend/tests/test_production_uat_109.py:259: in test_get_generation_history
    assert response.status_code == 200
E   assert 404 == 200
E    +  where 404 = &lt;Response [404]&gt;.status_code</failure></testcase><testcase classname="backend.tests.test_production_uat_109.TestDownloadsAPI" name="test_get_my_downloads" time="0.112"><skipped type="pytest.skip" message="Could not authenticate">/app/backend/tests/test_production_uat_109.py:279: Could not authenticate</skipped></testcase><testcase classname="backend.tests.test_production_uat_109.TestPaymentAPIs" name="test_get_pricing_plans" time="0.151"><skipped type="pytest.skip" message="Could not authenticate">/app/backend/tests/test_production_uat_109.py:311: Could not authenticate</skipped></testcase><testcase classname="backend.tests.test_production_uat_109.TestPaymentAPIs" name="test_subscription_status" time="0.468" /><testcase classname="backend.tests.test_production_uat_109.TestAdminAccessControl" name="test_admin_dashboard_blocked_for_non_admin" time="0.450" /><testcase classname="backend.tests.test_production_uat_109.TestAdminAccessControl" name="test_admin_users_blocked_for_non_admin" time="0.488" /></testsuite></testsuites>