<?xml version="1.0" encoding="utf-8"?><testsuites name="pytest tests"><testsuite name="pytest" errors="0" failures="0" skipped="0" tests="12" time="1.592" timestamp="2026-04-06T09:15:57.187105+00:00" hostname="agent-env-46d95153-5e49-4e7f-ac0c-d5b00c0bc0f7"><testcase classname="backend.tests.test_growth_optimization_iteration443.TestMoreVideosEndpoint" name="test_more_videos_returns_videos" time="0.214" /><testcase classname="backend.tests.test_growth_optimization_iteration443.TestMoreVideosEndpoint" name="test_more_videos_excludes_current_share" time="0.111" /><testcase classname="backend.tests.test_growth_optimization_iteration443.TestMoreVideosEndpoint" name="test_more_videos_invalid_share_id" time="0.142" /><testcase classname="backend.tests.test_growth_optimization_iteration443.TestGrowthEventTracking" name="test_share_viewed_event" time="0.106" /><testcase classname="backend.tests.test_growth_optimization_iteration443.TestGrowthEventTracking" name="test_cta_clicked_event" time="0.105" /><testcase classname="backend.tests.test_growth_optimization_iteration443.TestGrowthEventTracking" name="test_remix_clicked_event" time="0.115" /><testcase classname="backend.tests.test_growth_optimization_iteration443.TestGrowthEventTracking" name="test_whatsapp_shared_event" time="0.103" /><testcase classname="backend.tests.test_growth_optimization_iteration443.TestGrowthEventTracking" name="test_invalid_event_rejected" time="0.103" /><testcase classname="backend.tests.test_growth_optimization_iteration443.TestSharePageEndpoint" name="test_share_page_data" time="0.109" /><testcase classname="backend.tests.test_growth_optimization_iteration443.TestSharePageEndpoint" name="test_share_page_increments_views" time="0.198" /><testcase classname="backend.tests.test_growth_optimization_iteration443.TestForkEndpoint" name="test_fork_returns_prefill_data" time="0.107" /><testcase classname="backend.tests.test_growth_optimization_iteration443.TestForkEndpoint" name="test_fork_invalid_share_id" time="0.108" /></testsuite></testsuites>