<?xml version="1.0" encoding="utf-8"?><testsuites name="pytest tests"><testsuite name="pytest" errors="0" failures="1" skipped="0" tests="14" time="4.074" timestamp="2026-03-08T14:12:54.326252+00:00" hostname="agent-env-d798eeb2-87e3-4807-8399-556d4ead0f1f"><testcase classname="tests.test_ga4_enhanced_ecommerce_iteration125.TestBlogAPI" name="test_get_blog_posts" time="2.371" /><testcase classname="tests.test_ga4_enhanced_ecommerce_iteration125.TestBlogAPI" name="test_get_blog_categories" time="0.124" /><testcase classname="tests.test_ga4_enhanced_ecommerce_iteration125.TestBlogAPI" name="test_get_single_blog_post" time="0.119" /><testcase classname="tests.test_ga4_enhanced_ecommerce_iteration125.TestBlogAPI" name="test_get_nonexistent_blog_post" time="0.097" /><testcase classname="tests.test_ga4_enhanced_ecommerce_iteration125.TestBlogAPI" name="test_blog_posts_filter_by_category" time="0.102" /><testcase classname="tests.test_ga4_enhanced_ecommerce_iteration125.TestBlogAPI" name="test_blog_posts_pagination" time="0.255" /><testcase classname="tests.test_ga4_enhanced_ecommerce_iteration125.TestBlogAPI" name="test_blog_tags_endpoint" time="0.101" /><testcase classname="tests.test_ga4_enhanced_ecommerce_iteration125.TestNewBlogPosts" name="test_new_gif_maker_post" time="0.107" /><testcase classname="tests.test_ga4_enhanced_ecommerce_iteration125.TestNewBlogPosts" name="test_new_comic_avatar_post" time="0.111" /><testcase classname="tests.test_ga4_enhanced_ecommerce_iteration125.TestNewBlogPosts" name="test_new_coloring_book_post" time="0.104" /><testcase classname="tests.test_ga4_enhanced_ecommerce_iteration125.TestNewBlogPosts" name="test_new_social_hooks_post" time="0.100" /><testcase classname="tests.test_ga4_enhanced_ecommerce_iteration125.TestNewBlogPosts" name="test_new_content_repurposing_post" time="0.154" /><testcase classname="tests.test_ga4_enhanced_ecommerce_iteration125.TestHealthAndBasicAPI" name="test_api_health" time="0.107" /><testcase classname="tests.test_ga4_enhanced_ecommerce_iteration125.TestHealthAndBasicAPI" name="test_products_endpoint" time="0.133"><failure message="assert 404 == 200&#10; +  where 404 = &lt;Response [404]&gt;.status_code">tests/test_ga4_enhanced_ecommerce_iteration125.py:173: in test_products_endpoint
    assert response.status_code == 200
E   assert 404 == 200
E    +  where 404 = &lt;Response [404]&gt;.status_code</failure></testcase></testsuite></testsuites>