<?xml version="1.0" encoding="utf-8"?><testsuites name="pytest tests"><testsuite name="pytest" errors="0" failures="0" skipped="0" tests="20" time="8.561" timestamp="2026-03-31T07:38:47.962828+00:00" hostname="agent-env-46d95153-5e49-4e7f-ac0c-d5b00c0bc0f7"><testcase classname="backend.tests.test_p0_navigation_failure_ux_iteration392.TestAuthentication" name="test_login_test_user" time="0.389" /><testcase classname="backend.tests.test_p0_navigation_failure_ux_iteration392.TestAuthentication" name="test_login_admin_user" time="0.336" /><testcase classname="backend.tests.test_p0_navigation_failure_ux_iteration392.TestP0FailureUXAllowedActions" name="test_status_endpoint_returns_allowed_actions" time="0.535" /><testcase classname="backend.tests.test_p0_navigation_failure_ux_iteration392.TestP0FailureUXAllowedActions" name="test_status_endpoint_returns_recovery_state" time="0.440" /><testcase classname="backend.tests.test_p0_navigation_failure_ux_iteration392.TestP0FailureUXAllowedActions" name="test_status_endpoint_returns_resume_supported" time="0.441" /><testcase classname="backend.tests.test_p0_navigation_failure_ux_iteration392.TestP0FailureUXAllowedActions" name="test_status_endpoint_returns_next_best_action" time="0.442" /><testcase classname="backend.tests.test_p0_navigation_failure_ux_iteration392.TestP0FailureUXAllowedActions" name="test_status_endpoint_returns_fallback_in_use" time="0.433" /><testcase classname="backend.tests.test_p0_navigation_failure_ux_iteration392.TestP0FailureUXAllowedActions" name="test_ready_job_allowed_actions_include_watch" time="0.446" /><testcase classname="backend.tests.test_p0_navigation_failure_ux_iteration392.TestP0FailureUXAllowedActions" name="test_ready_job_allowed_actions_include_download" time="0.452" /><testcase classname="backend.tests.test_p0_navigation_failure_ux_iteration392.TestP0FailureUXAllowedActions" name="test_ready_job_allowed_actions_include_share" time="0.439" /><testcase classname="backend.tests.test_p0_navigation_failure_ux_iteration392.TestP0FailureUXAllowedActions" name="test_ready_job_allowed_actions_include_remix" time="0.435" /><testcase classname="backend.tests.test_p0_navigation_failure_ux_iteration392.TestP0FailureUXAllowedActions" name="test_ready_job_allowed_actions_include_continue" time="0.459" /><testcase classname="backend.tests.test_p0_navigation_failure_ux_iteration392.TestP0FailureUXAllowedActions" name="test_ready_job_resume_supported_is_false" time="0.470" /><testcase classname="backend.tests.test_p0_navigation_failure_ux_iteration392.TestP0FailureUXAllowedActions" name="test_ready_job_recovery_state_is_none" time="0.448" /><testcase classname="backend.tests.test_p0_navigation_failure_ux_iteration392.TestP0FailureUXAllowedActions" name="test_ready_job_next_best_action_is_watch" time="0.442" /><testcase classname="backend.tests.test_p0_navigation_failure_ux_iteration392.TestCharactersEndpoint" name="test_my_characters_endpoint_exists" time="0.428" /><testcase classname="backend.tests.test_p0_navigation_failure_ux_iteration392.TestUserJobsEndpoint" name="test_user_jobs_endpoint_exists" time="0.469" /><testcase classname="backend.tests.test_p0_navigation_failure_ux_iteration392.TestCreditsEndpoint" name="test_credits_balance_endpoint_exists" time="0.443" /><testcase classname="backend.tests.test_p0_navigation_failure_ux_iteration392.TestReelsEndpoint" name="test_user_reels_endpoint_exists" time="0.436" /><testcase classname="backend.tests.test_p0_navigation_failure_ux_iteration392.TestStoryEngineOptions" name="test_options_endpoint_exists" time="0.102" /></testsuite></testsuites>