<?xml version="1.0" encoding="utf-8"?><testsuites name="pytest tests"><testsuite name="pytest" errors="0" failures="6" skipped="0" tests="34" time="10.083" timestamp="2026-02-18T08:33:54.259958+00:00" hostname="agent-env-84da31cc-a739-41de-8aba-ab3fde054f5d"><testcase classname="backend.tests.test_release_gatekeeper.TestHealthAndBasics" name="test_api_health" time="0.293" /><testcase classname="backend.tests.test_release_gatekeeper.TestHealthAndBasics" name="test_payments_health" time="0.115" /><testcase classname="backend.tests.test_release_gatekeeper.TestAuthentication" name="test_login_demo_user" time="0.335" /><testcase classname="backend.tests.test_release_gatekeeper.TestAuthentication" name="test_login_admin_user" time="0.327" /><testcase classname="backend.tests.test_release_gatekeeper.TestAuthentication" name="test_login_invalid_credentials" time="0.117" /><testcase classname="backend.tests.test_release_gatekeeper.TestAuthentication" name="test_login_sql_injection" time="0.157"><failure message="assert 422 == 401&#10; +  where 422 = &lt;Response [422]&gt;.status_code">backend/tests/test_release_gatekeeper.py:79: in test_login_sql_injection
    assert response.status_code == 401
E   assert 422 == 401
E    +  where 422 = &lt;Response [422]&gt;.status_code</failure></testcase><testcase classname="backend.tests.test_release_gatekeeper.TestAuthentication" name="test_login_xss_attempt" time="0.106"><failure message="assert 422 == 401&#10; +  where 422 = &lt;Response [422]&gt;.status_code">backend/tests/test_release_gatekeeper.py:88: in test_login_xss_attempt
    assert response.status_code == 401
E   assert 422 == 401
E    +  where 422 = &lt;Response [422]&gt;.status_code</failure></testcase><testcase classname="backend.tests.test_release_gatekeeper.TestAuthentication" name="test_protected_route_without_auth" time="0.095" /><testcase classname="backend.tests.test_release_gatekeeper.TestAdminAccess" name="test_admin_dashboard_with_admin" time="0.462" /><testcase classname="backend.tests.test_release_gatekeeper.TestAdminAccess" name="test_admin_dashboard_with_regular_user" time="0.416" /><testcase classname="backend.tests.test_release_gatekeeper.TestAdminAccess" name="test_admin_users_list" time="0.411" /><testcase classname="backend.tests.test_release_gatekeeper.TestAdminAccess" name="test_admin_feedback_list" time="0.418" /><testcase classname="backend.tests.test_release_gatekeeper.TestAdminAccess" name="test_admin_exceptions_list" time="0.455" /><testcase classname="backend.tests.test_release_gatekeeper.TestPayments" name="test_get_products" time="0.095" /><testcase classname="backend.tests.test_release_gatekeeper.TestPayments" name="test_get_currencies" time="0.096" /><testcase classname="backend.tests.test_release_gatekeeper.TestPayments" name="test_exchange_rate" time="0.103" /><testcase classname="backend.tests.test_release_gatekeeper.TestGenStudio" name="test_genstudio_dashboard" time="0.426" /><testcase classname="backend.tests.test_release_gatekeeper.TestGenStudio" name="test_genstudio_templates" time="0.100" /><testcase classname="backend.tests.test_release_gatekeeper.TestGenStudio" name="test_genstudio_history" time="0.462" /><testcase classname="backend.tests.test_release_gatekeeper.TestGenStudio" name="test_genstudio_style_profiles" time="0.437" /><testcase classname="backend.tests.test_release_gatekeeper.TestCreatorProTools" name="test_creator_tools_list" time="0.431" /><testcase classname="backend.tests.test_release_gatekeeper.TestGenerationEndpoints" name="test_reel_generation_endpoint" time="0.423"><failure message="assert 404 != 404&#10; +  where 404 = &lt;Response [404]&gt;.status_code">backend/tests/test_release_gatekeeper.py:283: in test_reel_generation_endpoint
    assert response.status_code != 404
E   assert 404 != 404
E    +  where 404 = &lt;Response [404]&gt;.status_code</failure></testcase><testcase classname="backend.tests.test_release_gatekeeper.TestGenerationEndpoints" name="test_story_generation_endpoint" time="0.424"><failure message="assert 404 != 404&#10; +  where 404 = &lt;Response [404]&gt;.status_code">backend/tests/test_release_gatekeeper.py:297: in test_story_generation_endpoint
    assert response.status_code != 404
E   assert 404 != 404
E    +  where 404 = &lt;Response [404]&gt;.status_code</failure></testcase><testcase classname="backend.tests.test_release_gatekeeper.TestContactAndFeedback" name="test_contact_form" time="0.093"><failure message="assert 404 == 200&#10; +  where 404 = &lt;Response [404]&gt;.status_code">backend/tests/test_release_gatekeeper.py:312: in test_contact_form
    assert response.status_code == 200
E   assert 404 == 200
E    +  where 404 = &lt;Response [404]&gt;.status_code</failure></testcase><testcase classname="backend.tests.test_release_gatekeeper.TestContactAndFeedback" name="test_feedback_submission" time="0.208" /><testcase classname="backend.tests.test_release_gatekeeper.TestSecurityHeaders" name="test_security_headers_present" time="0.227" /><testcase classname="backend.tests.test_release_gatekeeper.TestAdminDashboardData" name="test_admin_analytics_overview" time="0.451" /><testcase classname="backend.tests.test_release_gatekeeper.TestAdminDashboardData" name="test_admin_satisfaction_data" time="0.561" /><testcase classname="backend.tests.test_release_gatekeeper.TestAdminDashboardData" name="test_admin_visitors_data" time="0.557" /><testcase classname="backend.tests.test_release_gatekeeper.TestAdminDashboardData" name="test_admin_payments_data" time="0.426" /><testcase classname="backend.tests.test_release_gatekeeper.TestEdgeCases" name="test_very_long_input" time="0.103" /><testcase classname="backend.tests.test_release_gatekeeper.TestEdgeCases" name="test_unicode_emoji_input" time="0.097"><failure message="assert 429 in [400, 401, 422]&#10; +  where 429 = &lt;Response [429]&gt;.status_code">backend/tests/test_release_gatekeeper.py:438: in test_unicode_emoji_input
    assert response.status_code in [400, 401, 422]
E   assert 429 in [400, 401, 422]
E    +  where 429 = &lt;Response [429]&gt;.status_code</failure></testcase><testcase classname="backend.tests.test_release_gatekeeper.TestEdgeCases" name="test_empty_request_body" time="0.304" /><testcase classname="backend.tests.test_release_gatekeeper.TestTwinFinder" name="test_celebrity_database" time="0.214" /></testsuite></testsuites>