<?xml version="1.0" encoding="utf-8"?><testsuites name="pytest tests"><testsuite name="pytest" errors="0" failures="0" skipped="0" tests="17" time="8.491" timestamp="2026-03-17T09:33:15.007966+00:00" hostname="agent-env-1d2b209b-868a-43e2-9815-6807f650c378"><testcase classname="backend.tests.test_reengagement_momentum_iteration292.TestActiveChainsMomentum" name="test_active_chains_returns_chains" time="0.715" /><testcase classname="backend.tests.test_reengagement_momentum_iteration292.TestActiveChainsMomentum" name="test_active_chains_momentum_fields" time="0.292" /><testcase classname="backend.tests.test_reengagement_momentum_iteration292.TestActiveChainsMomentum" name="test_active_chains_has_preview_and_continue_fields" time="0.239" /><testcase classname="backend.tests.test_reengagement_momentum_iteration292.TestMetricsTracking" name="test_track_event_success" time="0.104" /><testcase classname="backend.tests.test_reengagement_momentum_iteration292.TestMetricsTracking" name="test_track_event_various_types" time="0.672" /><testcase classname="backend.tests.test_reengagement_momentum_iteration292.TestMetricsTracking" name="test_track_event_without_auth_fails" time="0.109" /><testcase classname="backend.tests.test_reengagement_momentum_iteration292.TestMetricsReengagementAdmin" name="test_reengagement_requires_admin" time="0.098" /><testcase classname="backend.tests.test_reengagement_momentum_iteration292.TestMetricsReengagementAdmin" name="test_reengagement_admin_access" time="0.506" /><testcase classname="backend.tests.test_reengagement_momentum_iteration292.TestChainSuggestions" name="test_suggestions_requires_chain_id" time="0.098" /><testcase classname="backend.tests.test_reengagement_momentum_iteration292.TestChainSuggestions" name="test_suggestions_invalid_chain" time="0.103" /><testcase classname="backend.tests.test_reengagement_momentum_iteration292.TestChainSuggestions" name="test_suggestions_with_valid_chain" time="3.982" /><testcase classname="backend.tests.test_reengagement_momentum_iteration292.TestChainSuggestions" name="test_suggestions_are_cached" time="0.557" /><testcase classname="backend.tests.test_reengagement_momentum_iteration292.TestStoryVideoChains" name="test_continue_video_endpoint_exists" time="0.098" /><testcase classname="backend.tests.test_reengagement_momentum_iteration292.TestStoryVideoChains" name="test_active_video_chains_returns_chains" time="0.099" /><testcase classname="backend.tests.test_reengagement_momentum_iteration292.TestStoryVideoChains" name="test_video_chain_detail_requires_valid_id" time="0.098" /><testcase classname="backend.tests.test_reengagement_momentum_iteration292.TestChainDetailEndpoint" name="test_chain_detail_returns_progress_data" time="0.392" /><testcase classname="backend.tests.test_reengagement_momentum_iteration292.TestMyChains" name="test_my_chains_returns_progress_pct" time="0.243" /></testsuite></testsuites>