<?xml version="1.0" encoding="utf-8"?><testsuites name="pytest tests"><testsuite name="pytest" errors="0" failures="0" skipped="0" tests="17" time="1.220" timestamp="2026-03-31T15:31:29.871435+00:00" hostname="agent-env-46d95153-5e49-4e7f-ac0c-d5b00c0bc0f7"><testcase classname="tests.test_series_episode_registration_iteration395.TestCreateEngineRequestModel" name="test_create_request_accepts_series_id" time="0.591" /><testcase classname="tests.test_series_episode_registration_iteration395.TestCreateEngineRequestModel" name="test_create_request_accepts_episode_number" time="0.057" /><testcase classname="tests.test_series_episode_registration_iteration395.TestStatusEndpointSeriesId" name="test_status_response_includes_series_id_field" time="0.222" /><testcase classname="tests.test_series_episode_registration_iteration395.TestSeriesEpisodesEndpoint" name="test_series_episodes_endpoint_exists" time="0.062" /><testcase classname="tests.test_series_episode_registration_iteration395.TestSeriesEpisodesEndpoint" name="test_series_episodes_response_structure" time="0.071" /><testcase classname="tests.test_series_episode_registration_iteration395.TestEpisodeLockStatus" name="test_episode_lock_logic_documentation" time="0.000" /><testcase classname="tests.test_series_episode_registration_iteration395.TestOrphanJobFallback" name="test_orphan_job_fallback_code_exists" time="0.000" /><testcase classname="tests.test_series_episode_registration_iteration395.TestRegisterSeriesEpisodeFunction" name="test_register_function_exists_in_pipeline" time="0.000" /><testcase classname="tests.test_series_episode_registration_iteration395.TestRegisterSeriesEpisodeFunction" name="test_register_function_upsert_logic" time="0.000" /><testcase classname="tests.test_series_episode_registration_iteration395.TestRegisterSeriesEpisodeFunction" name="test_register_function_updates_episode_count" time="0.000" /><testcase classname="tests.test_series_episode_registration_iteration395.TestFailedJobsNoRegistration" name="test_failed_jobs_excluded_from_registration" time="0.000" /><testcase classname="tests.test_series_episode_registration_iteration395.TestNoDuplicateEpisodes" name="test_upsert_prevents_duplicates" time="0.000" /><testcase classname="tests.test_series_episode_registration_iteration395.TestFrontendSeriesContextPassing" name="test_frontend_series_context_code_review" time="0.000" /><testcase classname="tests.test_series_episode_registration_iteration395.TestFrontendSeriesContextPassing" name="test_frontend_series_banner_rendering" time="0.000" /><testcase classname="tests.test_series_episode_registration_iteration395.TestEndToEndSeriesFlow" name="test_series_continue_endpoint" time="0.061" /><testcase classname="tests.test_series_episode_registration_iteration395.TestEndToEndSeriesFlow" name="test_story_engine_options_endpoint" time="0.075" /><testcase classname="tests.test_series_episode_registration_iteration395.TestBackendJobStorageSeriesFields" name="test_job_storage_code_review" time="0.001" /></testsuite></testsuites>