<?xml version="1.0" encoding="utf-8"?><testsuites name="pytest tests"><testsuite name="pytest" errors="0" failures="0" skipped="0" tests="11" time="6.471" timestamp="2026-03-25T20:33:53.686405+00:00" hostname="agent-env-46d95153-5e49-4e7f-ac0c-d5b00c0bc0f7"><testcase classname="backend.tests.test_content_engine_iteration336.TestContentEngineAuth" name="test_admin_login_success" time="1.112" /><testcase classname="backend.tests.test_content_engine_iteration336.TestControlledBatchAPI" name="test_controlled_batch_endpoint_exists" time="2.834" /><testcase classname="backend.tests.test_content_engine_iteration336.TestControlledBatchAPI" name="test_controlled_batch_validation_zero_total" time="0.069" /><testcase classname="backend.tests.test_content_engine_iteration336.TestRateVideoAPI" name="test_rate_video_high" time="0.510" /><testcase classname="backend.tests.test_content_engine_iteration336.TestRateVideoAPI" name="test_rate_video_medium" time="0.065" /><testcase classname="backend.tests.test_content_engine_iteration336.TestRateVideoAPI" name="test_rate_video_low" time="0.063" /><testcase classname="backend.tests.test_content_engine_iteration336.TestRateVideoAPI" name="test_rate_video_invalid_rating" time="0.058" /><testcase classname="backend.tests.test_content_engine_iteration336.TestBatchMetricsAPI" name="test_batch_metrics_returns_data" time="0.548" /><testcase classname="backend.tests.test_content_engine_iteration336.TestPublishToStoryEngineAPI" name="test_publish_to_story_engine_not_found" time="0.487" /><testcase classname="backend.tests.test_content_engine_iteration336.TestPublishToStoryEngineAPI" name="test_publish_to_story_engine_endpoint_exists" time="0.142" /><testcase classname="backend.tests.test_content_engine_iteration336.TestContentEngineListAPI" name="test_list_stories_returns_data" time="0.486" /></testsuite></testsuites>