<?xml version="1.0" encoding="utf-8"?><testsuites name="pytest tests"><testsuite name="pytest" errors="0" failures="0" skipped="0" tests="14" time="3.999" timestamp="2026-04-09T07:02:54.431038+00:00" hostname="agent-env-46d95153-5e49-4e7f-ac0c-d5b00c0bc0f7"><testcase classname="tests.test_creator_digest_iteration473.TestCreatorDigestBackend" name="test_digest_preview_admin_access" time="0.713" /><testcase classname="tests.test_creator_digest_iteration473.TestCreatorDigestBackend" name="test_digest_preview_returns_digest_fields" time="0.121" /><testcase classname="tests.test_creator_digest_iteration473.TestCreatorDigestBackend" name="test_digest_preview_non_admin_blocked" time="0.503" /><testcase classname="tests.test_creator_digest_iteration473.TestCreatorDigestBackend" name="test_digest_preview_no_activity_user" time="0.130" /><testcase classname="tests.test_creator_digest_iteration473.TestCreatorDigestBackend" name="test_digest_send_admin_access" time="0.392" /><testcase classname="tests.test_creator_digest_iteration473.TestCreatorDigestBackend" name="test_digest_send_non_admin_blocked" time="0.112" /><testcase classname="tests.test_creator_digest_iteration473.TestCreatorDigestBackend" name="test_digest_weekly_cap_prevents_duplicate" time="0.624" /><testcase classname="tests.test_creator_digest_iteration473.TestCreatorDigestBackend" name="test_digest_run_admin_access" time="0.304" /><testcase classname="tests.test_creator_digest_iteration473.TestCreatorDigestBackend" name="test_digest_run_non_admin_blocked" time="0.113" /><testcase classname="tests.test_creator_digest_iteration473.TestCreatorDigestBackend" name="test_email_events_shows_digest_events" time="0.117" /><testcase classname="tests.test_creator_digest_iteration473.TestCreatorDigestBackend" name="test_email_events_non_admin_blocked" time="0.109" /><testcase classname="tests.test_creator_digest_iteration473.TestRegressionFailedJobRecovery" name="test_failed_job_endpoint_accessible" time="0.452" /><testcase classname="tests.test_creator_digest_iteration473.TestExistingRetentionFeatures" name="test_daily_challenge_today" time="0.124" /><testcase classname="tests.test_creator_digest_iteration473.TestExistingRetentionFeatures" name="test_top_stories_endpoint" time="0.097" /></testsuite></testsuites>