<?xml version="1.0" encoding="utf-8"?><testsuites name="pytest tests"><testsuite name="pytest" errors="0" failures="1" skipped="0" tests="7" time="19.769" timestamp="2026-02-18T15:31:36.623538+00:00" hostname="agent-env-602784b5-3182-4c2b-8219-cc843a3b90d9"><testcase classname="backend.tests.test_ui_improvements.TestAdminCredentials" name="test_admin_login_success" time="0.426" /><testcase classname="backend.tests.test_ui_improvements.TestAdminCredentials" name="test_demo_user_login" time="0.383" /><testcase classname="backend.tests.test_ui_improvements.TestCashfreePaymentGateway" name="test_cashfree_health_check" time="0.138" /><testcase classname="backend.tests.test_ui_improvements.TestCashfreePaymentGateway" name="test_cashfree_products" time="0.148" /><testcase classname="backend.tests.test_ui_improvements.TestStoryGeneratorAPI" name="test_story_generation_endpoint" time="10.738" /><testcase classname="backend.tests.test_ui_improvements.TestReelGeneratorAPI" name="test_reel_generation_endpoint" time="7.261" /><testcase classname="backend.tests.test_ui_improvements.TestCreditsAPI" name="test_credits_balance" time="0.586"><failure message="AssertionError: assert 'balance' in {'credits': 999979, 'plan': 'admin', 'subscription': None}">backend/tests/test_ui_improvements.py:161: in test_credits_balance
    assert "balance" in data
E   AssertionError: assert 'balance' in {'credits': 999979, 'plan': 'admin', 'subscription': None}</failure></testcase></testsuite></testsuites>