<?xml version="1.0" encoding="utf-8"?><testsuites name="pytest tests"><testsuite name="pytest" errors="0" failures="0" skipped="0" tests="24" time="0.967" timestamp="2026-03-29T17:56:37.259389+00:00" hostname="agent-env-46d95153-5e49-4e7f-ac0c-d5b00c0bc0f7"><testcase classname="backend.tests.test_continue_story_loop_iteration362.TestStoryFeedAPI" name="test_story_feed_returns_trending_stories" time="0.287" /><testcase classname="backend.tests.test_continue_story_loop_iteration362.TestStoryFeedAPI" name="test_story_feed_returns_featured_story" time="0.137" /><testcase classname="backend.tests.test_continue_story_loop_iteration362.TestStoryPreviewAPI" name="test_preview_endpoint_exists" time="0.321" /><testcase classname="backend.tests.test_continue_story_loop_iteration362.TestPublicCreationAPI" name="test_public_creation_endpoint_structure" time="0.120" /><testcase classname="backend.tests.test_continue_story_loop_iteration362.TestBackendCliffhangerEnforcement" name="test_planning_llm_file_exists" time="0.000" /><testcase classname="backend.tests.test_continue_story_loop_iteration362.TestBackendCliffhangerEnforcement" name="test_cliffhanger_enforcement_code_present" time="0.000" /><testcase classname="backend.tests.test_continue_story_loop_iteration362.TestBackendCliffhangerEnforcement" name="test_cliffhanger_minimum_length_check" time="0.000" /><testcase classname="backend.tests.test_continue_story_loop_iteration362.TestBackendCliffhangerEnforcement" name="test_cliffhanger_rewrite_llm_call" time="0.000" /><testcase classname="backend.tests.test_continue_story_loop_iteration362.TestFrontendContinueElements" name="test_story_preview_has_continue_overlay" time="0.000" /><testcase classname="backend.tests.test_continue_story_loop_iteration362.TestFrontendContinueElements" name="test_story_preview_has_header_continue_btn" time="0.000" /><testcase classname="backend.tests.test_continue_story_loop_iteration362.TestFrontendContinueElements" name="test_story_preview_has_banner_continue" time="0.000" /><testcase classname="backend.tests.test_continue_story_loop_iteration362.TestFrontendContinueElements" name="test_story_preview_has_sidebar_continue" time="0.000" /><testcase classname="backend.tests.test_continue_story_loop_iteration362.TestFrontendContinueElements" name="test_story_preview_has_last_scene_arrow" time="0.000" /><testcase classname="backend.tests.test_continue_story_loop_iteration362.TestFrontendContinueElements" name="test_story_preview_passes_hook_text_and_characters" time="0.000" /><testcase classname="backend.tests.test_continue_story_loop_iteration362.TestPublicCreationContinueElements" name="test_public_creation_has_post_video_overlay" time="0.000" /><testcase classname="backend.tests.test_continue_story_loop_iteration362.TestPublicCreationContinueElements" name="test_public_creation_overlay_shows_cliffhanger" time="0.000" /><testcase classname="backend.tests.test_continue_story_loop_iteration362.TestPublicCreationContinueElements" name="test_public_creation_handle_continue_passes_hook_text" time="0.000" /><testcase classname="backend.tests.test_continue_story_loop_iteration362.TestPublicCreationContinueElements" name="test_public_creation_has_continue_ctas" time="0.000" /><testcase classname="backend.tests.test_continue_story_loop_iteration362.TestStoryVideoPipelineRemixData" name="test_pipeline_reads_hook_text_from_remix_data" time="0.000" /><testcase classname="backend.tests.test_continue_story_loop_iteration362.TestStoryVideoPipelineRemixData" name="test_pipeline_reads_characters_from_remix_data" time="0.000" /><testcase classname="backend.tests.test_continue_story_loop_iteration362.TestStoryVideoPipelineRemixData" name="test_pipeline_sets_remix_data_with_hook_and_characters" time="0.000" /><testcase classname="backend.tests.test_continue_story_loop_iteration362.TestDataTestIdAttributes" name="test_story_preview_data_testids" time="0.000" /><testcase classname="backend.tests.test_continue_story_loop_iteration362.TestDataTestIdAttributes" name="test_public_creation_data_testids" time="0.000" /><testcase classname="backend.tests.test_continue_story_loop_iteration362.TestHomepageStoryCards" name="test_dashboard_has_story_cards" time="0.000" /></testsuite></testsuites>