<?xml version="1.0" encoding="utf-8"?><testsuites name="pytest tests"><testsuite name="pytest" errors="0" failures="0" skipped="0" tests="28" time="9.374" timestamp="2026-03-16T17:23:42.492202+00:00" hostname="agent-env-02d03e61-810f-49c5-9e99-b339032b7e06"><testcase classname="backend.tests.test_distribution_engine.TestSeedStatus" name="test_seed_status_returns_40_plus" time="0.917" /><testcase classname="backend.tests.test_distribution_engine.TestExploreAPI" name="test_explore_returns_total_count" time="0.261" /><testcase classname="backend.tests.test_distribution_engine.TestExploreAPI" name="test_explore_items_have_thumbnails" time="0.143" /><testcase classname="backend.tests.test_distribution_engine.TestExploreAPI" name="test_explore_items_have_engagement_metrics" time="0.146" /><testcase classname="backend.tests.test_distribution_engine.TestPublicCreation" name="test_public_creation_returns_prompt" time="0.347" /><testcase classname="backend.tests.test_distribution_engine.TestPublicCreation" name="test_public_creation_returns_category" time="0.145" /><testcase classname="backend.tests.test_distribution_engine.TestPublicCreation" name="test_public_creation_returns_tags" time="0.125" /><testcase classname="backend.tests.test_distribution_engine.TestSharePage" name="test_share_page_returns_html" time="0.254" /><testcase classname="backend.tests.test_distribution_engine.TestSharePage" name="test_share_page_has_og_title" time="0.121" /><testcase classname="backend.tests.test_distribution_engine.TestSharePage" name="test_share_page_has_og_description" time="0.122" /><testcase classname="backend.tests.test_distribution_engine.TestSharePage" name="test_share_page_has_og_image" time="0.137" /><testcase classname="backend.tests.test_distribution_engine.TestSharePage" name="test_share_page_has_redirect" time="0.119" /><testcase classname="backend.tests.test_distribution_engine.TestOGImage" name="test_og_image_returns_200" time="1.644" /><testcase classname="backend.tests.test_distribution_engine.TestOGImage" name="test_og_image_is_png" time="1.442" /><testcase classname="backend.tests.test_distribution_engine.TestOGImage" name="test_og_image_has_content" time="1.449" /><testcase classname="backend.tests.test_distribution_engine.TestSitemap" name="test_sitemap_returns_xml" time="0.125" /><testcase classname="backend.tests.test_distribution_engine.TestSitemap" name="test_sitemap_has_urlset" time="0.188" /><testcase classname="backend.tests.test_distribution_engine.TestSitemap" name="test_sitemap_has_creation_urls" time="0.129" /><testcase classname="backend.tests.test_distribution_engine.TestSitemap" name="test_sitemap_has_static_pages" time="0.133" /><testcase classname="backend.tests.test_distribution_engine.TestCreatorProfile" name="test_creator_visionary_ai_exists" time="0.125" /><testcase classname="backend.tests.test_distribution_engine.TestCreatorProfile" name="test_creator_visionary_ai_has_40_creations" time="0.137" /><testcase classname="backend.tests.test_distribution_engine.TestCreatorProfile" name="test_creator_profile_has_name" time="0.207" /><testcase classname="backend.tests.test_distribution_engine.TestCreatorProfile" name="test_creator_profile_has_stats" time="0.195" /><testcase classname="backend.tests.test_distribution_engine.TestGrowthMetrics" name="test_growth_metrics_returns_success" time="0.135" /><testcase classname="backend.tests.test_distribution_engine.TestGrowthMetrics" name="test_growth_metrics_has_daily_creations" time="0.126" /><testcase classname="backend.tests.test_distribution_engine.TestGrowthMetrics" name="test_growth_metrics_has_remix_rate" time="0.146" /><testcase classname="backend.tests.test_distribution_engine.TestGrowthMetrics" name="test_growth_metrics_has_creator_activation" time="0.126" /><testcase classname="backend.tests.test_distribution_engine.TestGrowthMetrics" name="test_growth_metrics_has_total_creations" time="0.127" /></testsuite></testsuites>