<?xml version="1.0" encoding="utf-8"?><testsuites name="pytest tests"><testsuite name="pytest" errors="0" failures="0" skipped="0" tests="36" time="6.381" timestamp="2026-03-17T18:23:45.523711+00:00" hostname="agent-env-c5598eaf-5018-4d8b-83d0-f7f1670ff136"><testcase classname="backend.tests.test_growth_analytics_iteration302.TestGrowthMetrics" name="test_metrics_default_7_days" time="0.459" /><testcase classname="backend.tests.test_growth_analytics_iteration302.TestGrowthMetrics" name="test_metrics_14_days" time="0.132" /><testcase classname="backend.tests.test_growth_analytics_iteration302.TestGrowthMetrics" name="test_metrics_30_days" time="0.148" /><testcase classname="backend.tests.test_growth_analytics_iteration302.TestViralCoefficient" name="test_viral_coefficient_returns_k" time="0.195" /><testcase classname="backend.tests.test_growth_analytics_iteration302.TestViralCoefficient" name="test_viral_coefficient_components" time="0.140" /><testcase classname="backend.tests.test_growth_analytics_iteration302.TestViralCoefficient" name="test_viral_coefficient_top_slugs" time="0.130" /><testcase classname="backend.tests.test_growth_analytics_iteration302.TestFunnel" name="test_funnel_returns_all_stages" time="0.130" /><testcase classname="backend.tests.test_growth_analytics_iteration302.TestFunnel" name="test_funnel_stage_structure" time="0.168" /><testcase classname="backend.tests.test_growth_analytics_iteration302.TestTrends" name="test_trends_returns_daily" time="0.136" /><testcase classname="backend.tests.test_growth_analytics_iteration302.TestTrends" name="test_trends_daily_structure" time="0.330" /><testcase classname="backend.tests.test_growth_analytics_iteration302.TestEventTracking" name="test_track_page_view_event" time="0.257" /><testcase classname="backend.tests.test_growth_analytics_iteration302.TestEventTracking" name="test_track_remix_click_event" time="0.135" /><testcase classname="backend.tests.test_growth_analytics_iteration302.TestEventTracking" name="test_track_signup_completed_event" time="0.118" /><testcase classname="backend.tests.test_growth_analytics_iteration302.TestEventTracking" name="test_track_invalid_event_returns_400" time="0.303" /><testcase classname="backend.tests.test_growth_analytics_iteration302.TestBatchEventTracking" name="test_batch_track_multiple_events" time="0.173" /><testcase classname="backend.tests.test_growth_analytics_iteration302.TestBatchEventTracking" name="test_batch_ignores_invalid_events" time="0.125" /><testcase classname="backend.tests.test_growth_analytics_iteration302.TestAllValidEventTypes" name="test_all_valid_event_types[page_view]" time="0.144" /><testcase classname="backend.tests.test_growth_analytics_iteration302.TestAllValidEventTypes" name="test_all_valid_event_types[remix_click]" time="0.334" /><testcase classname="backend.tests.test_growth_analytics_iteration302.TestAllValidEventTypes" name="test_all_valid_event_types[tool_open_prefilled]" time="0.147" /><testcase classname="backend.tests.test_growth_analytics_iteration302.TestAllValidEventTypes" name="test_all_valid_event_types[generate_click]" time="0.148" /><testcase classname="backend.tests.test_growth_analytics_iteration302.TestAllValidEventTypes" name="test_all_valid_event_types[signup_triggered]" time="0.144" /><testcase classname="backend.tests.test_growth_analytics_iteration302.TestAllValidEventTypes" name="test_all_valid_event_types[signup_completed]" time="0.116" /><testcase classname="backend.tests.test_growth_analytics_iteration302.TestAllValidEventTypes" name="test_all_valid_event_types[creation_completed]" time="0.275" /><testcase classname="backend.tests.test_growth_analytics_iteration302.TestAllValidEventTypes" name="test_all_valid_event_types[share_click]" time="0.197" /><testcase classname="backend.tests.test_growth_analytics_iteration302.TestPeriodFiltering" name="test_metrics_period_filter[7]" time="0.145" /><testcase classname="backend.tests.test_growth_analytics_iteration302.TestPeriodFiltering" name="test_metrics_period_filter[14]" time="0.140" /><testcase classname="backend.tests.test_growth_analytics_iteration302.TestPeriodFiltering" name="test_metrics_period_filter[30]" time="0.167" /><testcase classname="backend.tests.test_growth_analytics_iteration302.TestPeriodFiltering" name="test_viral_coefficient_period_filter[7]" time="0.142" /><testcase classname="backend.tests.test_growth_analytics_iteration302.TestPeriodFiltering" name="test_viral_coefficient_period_filter[14]" time="0.119" /><testcase classname="backend.tests.test_growth_analytics_iteration302.TestPeriodFiltering" name="test_viral_coefficient_period_filter[30]" time="0.139" /><testcase classname="backend.tests.test_growth_analytics_iteration302.TestPeriodFiltering" name="test_funnel_period_filter[7]" time="0.183" /><testcase classname="backend.tests.test_growth_analytics_iteration302.TestPeriodFiltering" name="test_funnel_period_filter[14]" time="0.142" /><testcase classname="backend.tests.test_growth_analytics_iteration302.TestPeriodFiltering" name="test_funnel_period_filter[30]" time="0.135" /><testcase classname="backend.tests.test_growth_analytics_iteration302.TestPeriodFiltering" name="test_trends_period_filter[7]" time="0.109" /><testcase classname="backend.tests.test_growth_analytics_iteration302.TestPeriodFiltering" name="test_trends_period_filter[14]" time="0.117" /><testcase classname="backend.tests.test_growth_analytics_iteration302.TestPeriodFiltering" name="test_trends_period_filter[30]" time="0.140" /></testsuite></testsuites>