<?xml version="1.0" encoding="utf-8"?><testsuites name="pytest tests"><testsuite name="pytest" errors="0" failures="0" skipped="0" tests="21" time="31.194" timestamp="2026-04-04T07:54:10.658822+00:00" hostname="agent-env-46d95153-5e49-4e7f-ac0c-d5b00c0bc0f7"><testcase classname="backend.tests.test_viral_ideas_v2_iteration424.TestDailyFeed" name="test_daily_feed_returns_ideas" time="0.209" /><testcase classname="backend.tests.test_viral_ideas_v2_iteration424.TestDailyFeed" name="test_daily_feed_filter_by_niche" time="0.099" /><testcase classname="backend.tests.test_viral_ideas_v2_iteration424.TestExistingCompletedJob" name="test_job_status_completed" time="0.460" /><testcase classname="backend.tests.test_viral_ideas_v2_iteration424.TestExistingCompletedJob" name="test_job_assets_include_audio_video" time="0.112" /><testcase classname="backend.tests.test_viral_ideas_v2_iteration424.TestStaticFileAccess" name="test_audio_file_accessible" time="0.229" /><testcase classname="backend.tests.test_viral_ideas_v2_iteration424.TestStaticFileAccess" name="test_video_file_accessible" time="0.202" /><testcase classname="backend.tests.test_viral_ideas_v2_iteration424.TestFeedbackFlow" name="test_feedback_valid_signal_useful" time="0.106" /><testcase classname="backend.tests.test_viral_ideas_v2_iteration424.TestFeedbackFlow" name="test_feedback_valid_signal_not_useful" time="0.108" /><testcase classname="backend.tests.test_viral_ideas_v2_iteration424.TestFeedbackFlow" name="test_feedback_valid_signal_regenerate_angle" time="0.109" /><testcase classname="backend.tests.test_viral_ideas_v2_iteration424.TestFeedbackFlow" name="test_feedback_valid_signal_more_aggressive_hook" time="0.102" /><testcase classname="backend.tests.test_viral_ideas_v2_iteration424.TestFeedbackFlow" name="test_feedback_valid_signal_safer_hook" time="0.110" /><testcase classname="backend.tests.test_viral_ideas_v2_iteration424.TestFeedbackFlow" name="test_feedback_valid_signal_better_captions" time="0.114" /><testcase classname="backend.tests.test_viral_ideas_v2_iteration424.TestFeedbackFlow" name="test_feedback_invalid_signal_rejected" time="0.101" /><testcase classname="backend.tests.test_viral_ideas_v2_iteration424.TestFeedbackFlow" name="test_feedback_summary_returns_aggregated_data" time="0.123" /><testcase classname="backend.tests.test_viral_ideas_v2_iteration424.TestRepairEndpoint" name="test_repair_endpoint_works" time="0.104" /><testcase classname="backend.tests.test_viral_ideas_v2_iteration424.TestRepairEndpoint" name="test_repair_nonexistent_job_returns_404" time="0.109" /><testcase classname="backend.tests.test_viral_ideas_v2_iteration424.TestMyJobs" name="test_my_jobs_returns_user_jobs" time="0.106" /><testcase classname="backend.tests.test_viral_ideas_v2_iteration424.TestGenerateBundleEndpoint" name="test_generate_bundle_creates_job_with_7_tasks" time="14.877" /><testcase classname="backend.tests.test_viral_ideas_v2_iteration424.TestAccessControl" name="test_job_access_denied_for_other_user" time="0.457" /><testcase classname="backend.tests.test_viral_ideas_v2_iteration424.TestAccessControl" name="test_feedback_requires_auth" time="11.295" /><testcase classname="backend.tests.test_viral_ideas_v2_iteration424.TestZipBundle" name="test_zip_bundle_accessible" time="1.955" /></testsuite></testsuites>