<?xml version="1.0" encoding="utf-8"?><testsuites name="pytest tests"><testsuite name="pytest" errors="0" failures="0" skipped="0" tests="30" time="3.271" timestamp="2026-03-30T19:18:42.175373+00:00" hostname="agent-env-46d95153-5e49-4e7f-ac0c-d5b00c0bc0f7"><testcase classname="tests.test_pipeline_architecture_iteration387.TestRetryEndpoint" name="test_retry_nonexistent_job_returns_404" time="0.528" /><testcase classname="tests.test_pipeline_architecture_iteration387.TestRetryEndpoint" name="test_retry_without_auth_returns_401" time="0.128" /><testcase classname="tests.test_pipeline_architecture_iteration387.TestCancelEndpoint" name="test_cancel_nonexistent_job_returns_404" time="0.152" /><testcase classname="tests.test_pipeline_architecture_iteration387.TestCancelEndpoint" name="test_cancel_without_auth_returns_401" time="0.148" /><testcase classname="tests.test_pipeline_architecture_iteration387.TestStatusEndpointRetryInfo" name="test_status_nonexistent_job_returns_404" time="0.136" /><testcase classname="tests.test_pipeline_architecture_iteration387.TestStatusEndpointRetryInfo" name="test_status_response_structure" time="0.262" /><testcase classname="tests.test_pipeline_architecture_iteration387.TestPerStageFailureStates" name="test_failure_states_in_schemas" time="0.059" /><testcase classname="tests.test_pipeline_architecture_iteration387.TestPerStageFailureStates" name="test_failure_states_in_terminal_states" time="0.000" /><testcase classname="tests.test_pipeline_architecture_iteration387.TestStateMachineTransitions" name="test_valid_transition_planning_to_building_character_context" time="0.000" /><testcase classname="tests.test_pipeline_architecture_iteration387.TestStateMachineTransitions" name="test_invalid_transition_planning_to_ready" time="0.000" /><testcase classname="tests.test_pipeline_architecture_iteration387.TestStateMachineTransitions" name="test_valid_transition_planning_to_failed_planning" time="0.000" /><testcase classname="tests.test_pipeline_architecture_iteration387.TestStateMachineTransitions" name="test_valid_transition_failed_planning_to_planning" time="0.000" /><testcase classname="tests.test_pipeline_architecture_iteration387.TestStateMachineTransitions" name="test_stage_order_defined" time="0.000" /><testcase classname="tests.test_pipeline_architecture_iteration387.TestStateMachineTransitions" name="test_failure_to_retry_mapping" time="0.000" /><testcase classname="tests.test_pipeline_architecture_iteration387.TestCostGuard" name="test_budget_exceeded_error_exists" time="0.000" /><testcase classname="tests.test_pipeline_architecture_iteration387.TestCostGuard" name="test_enforce_runtime_budget_within_budget" time="0.000" /><testcase classname="tests.test_pipeline_architecture_iteration387.TestCostGuard" name="test_enforce_runtime_budget_exceeds_budget" time="0.000" /><testcase classname="tests.test_pipeline_architecture_iteration387.TestCostGuard" name="test_pre_flight_check_sufficient_credits" time="0.000" /><testcase classname="tests.test_pipeline_architecture_iteration387.TestCostGuard" name="test_pre_flight_check_insufficient_credits" time="0.000" /><testcase classname="tests.test_pipeline_architecture_iteration387.TestDeterministicFallback" name="test_deterministic_scene_splitter_produces_valid_plan" time="0.001" /><testcase classname="tests.test_pipeline_architecture_iteration387.TestDeterministicFallback" name="test_deterministic_scene_splitter_handles_empty_text" time="0.000" /><testcase classname="tests.test_pipeline_architecture_iteration387.TestErrorCodes" name="test_error_codes_defined" time="0.000" /><testcase classname="tests.test_pipeline_architecture_iteration387.TestRecoveryDaemon" name="test_recovery_daemon_log_message" time="0.013" /><testcase classname="tests.test_pipeline_architecture_iteration387.TestRateLimitFriendlyMessages" name="test_rate_limit_status_returns_friendly_message" time="0.146" /><testcase classname="tests.test_pipeline_architecture_iteration387.TestStageOrchestrator" name="test_execute_pipeline_exists" time="1.627" /><testcase classname="tests.test_pipeline_architecture_iteration387.TestStageOrchestrator" name="test_process_next_stage_exists" time="0.000" /><testcase classname="tests.test_pipeline_architecture_iteration387.TestStageOrchestrator" name="test_refund_credits_exists" time="0.000" /><testcase classname="tests.test_pipeline_architecture_iteration387.TestStageOrchestrator" name="test_stage_functions_registered" time="0.000" /><testcase classname="tests.test_pipeline_architecture_iteration387.TestHeartbeatFunctions" name="test_update_heartbeat_exists" time="0.000" /><testcase classname="tests.test_pipeline_architecture_iteration387.TestHeartbeatFunctions" name="test_heartbeat_thresholds_defined" time="0.000" /></testsuite></testsuites>