<?xml version="1.0" encoding="utf-8"?><testsuites name="pytest tests"><testsuite name="pytest" errors="0" failures="0" skipped="0" tests="20" time="3.109" timestamp="2026-03-05T07:08:06.296709+00:00" hostname="agent-env-ed5473ac-e8e8-4ddd-87e9-38528f85cd91"><testcase classname="backend.tests.test_new_features_iteration119.TestReviewsAPI" name="test_approved_reviews_returns_empty" time="0.656" /><testcase classname="backend.tests.test_new_features_iteration119.TestReviewsAPI" name="test_reviews_list_returns_empty" time="0.250" /><testcase classname="backend.tests.test_new_features_iteration119.TestReviewsAPI" name="test_approved_reviews_with_limit" time="0.134" /><testcase classname="backend.tests.test_new_features_iteration119.TestReviewsAPI" name="test_submit_review_requires_auth" time="0.130" /><testcase classname="backend.tests.test_new_features_iteration119.TestReviewsAPI" name="test_admin_pending_requires_auth" time="0.151" /><testcase classname="backend.tests.test_new_features_iteration119.TestBlogAPI" name="test_blog_posts_returns_seeded_posts" time="0.107" /><testcase classname="backend.tests.test_new_features_iteration119.TestBlogAPI" name="test_blog_posts_category_filter" time="0.119" /><testcase classname="backend.tests.test_new_features_iteration119.TestBlogAPI" name="test_blog_posts_youtube_category" time="0.110" /><testcase classname="backend.tests.test_new_features_iteration119.TestBlogAPI" name="test_blog_posts_content_strategy_category" time="0.111" /><testcase classname="backend.tests.test_new_features_iteration119.TestBlogAPI" name="test_blog_categories_endpoint" time="0.100" /><testcase classname="backend.tests.test_new_features_iteration119.TestBlogAPI" name="test_blog_tags_endpoint" time="0.105" /><testcase classname="backend.tests.test_new_features_iteration119.TestBlogAPI" name="test_blog_single_post_by_slug" time="0.105" /><testcase classname="backend.tests.test_new_features_iteration119.TestBlogAPI" name="test_blog_post_not_found" time="0.147" /><testcase classname="backend.tests.test_new_features_iteration119.TestBlogAPI" name="test_blog_admin_seed_requires_auth" time="0.115" /><testcase classname="backend.tests.test_new_features_iteration119.TestWatermarkAPI" name="test_watermark_settings_requires_auth" time="0.117" /><testcase classname="backend.tests.test_new_features_iteration119.TestWatermarkAPI" name="test_watermark_image_requires_auth" time="0.111" /><testcase classname="backend.tests.test_new_features_iteration119.TestLandingPageAPIs" name="test_live_stats_public" time="0.133" /><testcase classname="backend.tests.test_new_features_iteration119.TestLandingPageAPIs" name="test_health_endpoint" time="0.095" /><testcase classname="backend.tests.test_new_features_iteration119.TestFooterLinks" name="test_blog_page_accessible" time="0.110" /><testcase classname="backend.tests.test_new_features_iteration119.TestFooterLinks" name="test_reviews_page_data" time="0.108" /></testsuite></testsuites>