<?xml version="1.0" encoding="utf-8"?><testsuites name="pytest tests"><testsuite name="pytest" errors="0" failures="0" skipped="0" tests="16" time="5.761" timestamp="2026-03-26T16:35:39.505561+00:00" hostname="agent-env-46d95153-5e49-4e7f-ac0c-d5b00c0bc0f7"><testcase classname="backend.tests.test_explore_page_iteration343.TestExploreEndpoint" name="test_explore_default_returns_stories" time="3.468" /><testcase classname="backend.tests.test_explore_page_iteration343.TestExploreEndpoint" name="test_explore_returns_category_counts" time="0.206" /><testcase classname="backend.tests.test_explore_page_iteration343.TestExploreEndpoint" name="test_explore_category_filter_kids" time="0.141" /><testcase classname="backend.tests.test_explore_page_iteration343.TestExploreEndpoint" name="test_explore_category_filter_emotional" time="0.133" /><testcase classname="backend.tests.test_explore_page_iteration343.TestExploreEndpoint" name="test_explore_category_filter_mystery" time="0.138" /><testcase classname="backend.tests.test_explore_page_iteration343.TestExploreEndpoint" name="test_explore_category_filter_viral" time="0.136" /><testcase classname="backend.tests.test_explore_page_iteration343.TestExploreEndpoint" name="test_explore_sort_trending" time="0.153" /><testcase classname="backend.tests.test_explore_page_iteration343.TestExploreEndpoint" name="test_explore_sort_new" time="0.126" /><testcase classname="backend.tests.test_explore_page_iteration343.TestExploreEndpoint" name="test_explore_sort_most_continued" time="0.118" /><testcase classname="backend.tests.test_explore_page_iteration343.TestExploreEndpoint" name="test_explore_pagination_limit" time="0.114" /><testcase classname="backend.tests.test_explore_page_iteration343.TestExploreEndpoint" name="test_explore_pagination_cursor" time="0.280" /><testcase classname="backend.tests.test_explore_page_iteration343.TestExploreEndpoint" name="test_explore_end_of_list" time="0.153" /><testcase classname="backend.tests.test_explore_page_iteration343.TestExploreEndpoint" name="test_explore_stories_have_presigned_urls" time="0.135" /><testcase classname="backend.tests.test_explore_page_iteration343.TestExploreEndpoint" name="test_explore_stories_have_hook_text" time="0.146" /><testcase classname="backend.tests.test_explore_page_iteration343.TestExploreWithCategoryAndSort" name="test_explore_kids_trending" time="0.111" /><testcase classname="backend.tests.test_explore_page_iteration343.TestExploreWithCategoryAndSort" name="test_explore_emotional_new" time="0.115" /></testsuite></testsuites>