<?xml version="1.0" encoding="utf-8"?><testsuites name="pytest tests"><testsuite name="pytest" errors="0" failures="0" skipped="0" tests="11" time="4.555" timestamp="2026-02-28T04:32:55.033012+00:00" hostname="agent-env-561fa248-971f-4da9-8913-dfb2b04420a6"><testcase classname="tests.test_iteration103_waiting_download.TestDownloadExpiryAPI" name="test_health_check" time="0.323" /><testcase classname="tests.test_iteration103_waiting_download.TestDownloadExpiryAPI" name="test_login_demo_user" time="0.351" /><testcase classname="tests.test_iteration103_waiting_download.TestDownloadExpiryAPI" name="test_my_downloads_endpoint_exists" time="0.486" /><testcase classname="tests.test_iteration103_waiting_download.TestDownloadExpiryAPI" name="test_my_downloads_without_auth" time="0.111" /><testcase classname="tests.test_iteration103_waiting_download.TestDownloadExpiryAPI" name="test_download_info_endpoint_pattern" time="0.477" /><testcase classname="tests.test_iteration103_waiting_download.TestDownloadExpiryAPI" name="test_delete_download_endpoint_pattern" time="0.470" /><testcase classname="tests.test_iteration103_waiting_download.TestDownloadExpiryAPI" name="test_extend_download_endpoint_pattern" time="0.447" /><testcase classname="tests.test_iteration103_waiting_download.TestWaitingWithGamesComponent" name="test_reel_generator_api_exists" time="0.479" /><testcase classname="tests.test_iteration103_waiting_download.TestWaitingWithGamesComponent" name="test_credits_balance_api" time="0.463" /><testcase classname="tests.test_iteration103_waiting_download.TestAdminDownloadStats" name="test_download_stats_admin_only" time="0.440" /><testcase classname="tests.test_iteration103_waiting_download.TestAdminDownloadStats" name="test_download_stats_forbidden_for_regular_user" time="0.446" /></testsuite></testsuites>