<?xml version="1.0" encoding="utf-8"?><testsuites name="pytest tests"><testsuite name="pytest" errors="0" failures="3" skipped="0" tests="20" time="5.042" timestamp="2026-02-22T06:17:29.903917+00:00" hostname="agent-env-3c90a103-5879-4562-b0ea-ed554954588f"><testcase classname="backend.tests.test_iteration56_new_pages.TestAuthAndBasics" name="test_health_check" time="0.162" /><testcase classname="backend.tests.test_iteration56_new_pages.TestAuthAndBasics" name="test_auth_login" time="0.327" /><testcase classname="backend.tests.test_iteration56_new_pages.TestChallengeGenerator" name="test_challenge_pricing" time="0.442" /><testcase classname="backend.tests.test_iteration56_new_pages.TestChallengeGenerator" name="test_challenge_niches" time="0.106" /><testcase classname="backend.tests.test_iteration56_new_pages.TestChallengeGenerator" name="test_challenge_platforms" time="0.108" /><testcase classname="backend.tests.test_iteration56_new_pages.TestChallengeGenerator" name="test_challenge_goals" time="0.119" /><testcase classname="backend.tests.test_iteration56_new_pages.TestChallengeGenerator" name="test_challenge_history" time="0.121" /><testcase classname="backend.tests.test_iteration56_new_pages.TestToneSwitcher" name="test_tone_pricing" time="0.439" /><testcase classname="backend.tests.test_iteration56_new_pages.TestToneSwitcher" name="test_tone_list" time="0.123" /><testcase classname="backend.tests.test_iteration56_new_pages.TestToneSwitcher" name="test_tone_preview_free" time="0.108" /><testcase classname="backend.tests.test_iteration56_new_pages.TestToneSwitcher" name="test_tone_history" time="0.108" /><testcase classname="backend.tests.test_iteration56_new_pages.TestGenerationHistory" name="test_generation_list" time="0.435"><failure message="AssertionError: assert 'content' in {'generations': [{'completedAt': '2026-02-21T19:20:36.242816+00:00', 'createdAt': '2026-02-21T19:20:36.242809+00:00', 'creditsUsed': 10, 'id': '4b67e523-c7e0-4d37-beef-7d39411cb740', ...}, {'completedAt': '2026-02-21T19:20:36.241023+00:00', 'createdAt': '2026-02-21T19:20:36.241018+00:00', 'creditsUsed': 10, 'id': '8fb6fc61-3ce3-4c29-aa14-f16ac98c0f87', ...}, {'completedAt': '2026-02-21T19:20:36.240254+00:00', 'createdAt': '2026-02-21T19:20:36.240251+00:00', 'creditsUsed': 10, 'id': '38840162-b694-4ab2-a618-8fd25d45f333', ...}, {'completedAt': '2026-02-21T19:20:36.239954+00:00', 'createdAt': '2026-02-21T19:20:36.239952+00:00', 'creditsUsed': 10, 'id': 'ae88b3b1-e9c2-4a33-9323-33d8aacaed28', ...}, {'completedAt': '2026-02-21T19:20:36.239919+00:00', 'createdAt': '2026-02-21T19:20:36.239917+00:00', 'creditsUsed': 10, 'id': '015afdee-440b-4a08-b6b6-80ea041e9b9e', ...}, {'completedAt': '2026-02-21T19:19:56.922654+00:00', 'createdAt': '2026-02-21T19:19:56.922649+00:00', 'creditsUsed': 10, 'id': '51e06972-dbb2-4775-8e33-04c21b9e34da', ...}, ...], 'page': 0, 'size': 20, 'total': 91}">backend/tests/test_iteration56_new_pages.py:187: in test_generation_list
    assert "content" in data
E   AssertionError: assert 'content' in {'generations': [{'completedAt': '2026-02-21T19:20:36.242816+00:00', 'createdAt': '2026-02-21T19:20:36.242809+00:00', 'creditsUsed': 10, 'id': '4b67e523-c7e0-4d37-beef-7d39411cb740', ...}, {'completedAt': '2026-02-21T19:20:36.241023+00:00', 'createdAt': '2026-02-21T19:20:36.241018+00:00', 'creditsUsed': 10, 'id': '8fb6fc61-3ce3-4c29-aa14-f16ac98c0f87', ...}, {'completedAt': '2026-02-21T19:20:36.240254+00:00', 'createdAt': '2026-02-21T19:20:36.240251+00:00', 'creditsUsed': 10, 'id': '38840162-b694-4ab2-a618-8fd25d45f333', ...}, {'completedAt': '2026-02-21T19:20:36.239954+00:00', 'createdAt': '2026-02-21T19:20:36.239952+00:00', 'creditsUsed': 10, 'id': 'ae88b3b1-e9c2-4a33-9323-33d8aacaed28', ...}, {'completedAt': '2026-02-21T19:20:36.239919+00:00', 'createdAt': '2026-02-21T19:20:36.239917+00:00', 'creditsUsed': 10, 'id': '015afdee-440b-4a08-b6b6-80ea041e9b9e', ...}, {'completedAt': '2026-02-21T19:19:56.922654+00:00', 'createdAt': '2026-02-21T19:19:56.922649+00:00', 'creditsUsed': 10, 'id': '51e06972-dbb2-4775-8e33-04c21b9e34da', ...}, ...], 'page': 0, 'size': 20, 'total': 91}</failure></testcase><testcase classname="backend.tests.test_iteration56_new_pages.TestGenerationHistory" name="test_generation_filter_by_type_reel" time="0.117"><failure message="AssertionError: assert 'content' in {'generations': [{'completedAt': '2026-02-21T19:20:36.242816+00:00', 'createdAt': '2026-02-21T19:20:36.242809+00:00', 'creditsUsed': 10, 'id': '4b67e523-c7e0-4d37-beef-7d39411cb740', ...}, {'completedAt': '2026-02-21T19:20:36.241023+00:00', 'createdAt': '2026-02-21T19:20:36.241018+00:00', 'creditsUsed': 10, 'id': '8fb6fc61-3ce3-4c29-aa14-f16ac98c0f87', ...}, {'completedAt': '2026-02-21T19:20:36.240254+00:00', 'createdAt': '2026-02-21T19:20:36.240251+00:00', 'creditsUsed': 10, 'id': '38840162-b694-4ab2-a618-8fd25d45f333', ...}, {'completedAt': '2026-02-21T19:20:36.239954+00:00', 'createdAt': '2026-02-21T19:20:36.239952+00:00', 'creditsUsed': 10, 'id': 'ae88b3b1-e9c2-4a33-9323-33d8aacaed28', ...}, {'completedAt': '2026-02-21T19:20:36.239919+00:00', 'createdAt': '2026-02-21T19:20:36.239917+00:00', 'creditsUsed': 10, 'id': '015afdee-440b-4a08-b6b6-80ea041e9b9e', ...}, {'completedAt': '2026-02-21T19:19:56.922654+00:00', 'createdAt': '2026-02-21T19:19:56.922649+00:00', 'creditsUsed': 10, 'id': '51e06972-dbb2-4775-8e33-04c21b9e34da', ...}, ...], 'page': 0, 'size': 10, 'total': 86}">backend/tests/test_iteration56_new_pages.py:195: in test_generation_filter_by_type_reel
    assert "content" in data
E   AssertionError: assert 'content' in {'generations': [{'completedAt': '2026-02-21T19:20:36.242816+00:00', 'createdAt': '2026-02-21T19:20:36.242809+00:00', 'creditsUsed': 10, 'id': '4b67e523-c7e0-4d37-beef-7d39411cb740', ...}, {'completedAt': '2026-02-21T19:20:36.241023+00:00', 'createdAt': '2026-02-21T19:20:36.241018+00:00', 'creditsUsed': 10, 'id': '8fb6fc61-3ce3-4c29-aa14-f16ac98c0f87', ...}, {'completedAt': '2026-02-21T19:20:36.240254+00:00', 'createdAt': '2026-02-21T19:20:36.240251+00:00', 'creditsUsed': 10, 'id': '38840162-b694-4ab2-a618-8fd25d45f333', ...}, {'completedAt': '2026-02-21T19:20:36.239954+00:00', 'createdAt': '2026-02-21T19:20:36.239952+00:00', 'creditsUsed': 10, 'id': 'ae88b3b1-e9c2-4a33-9323-33d8aacaed28', ...}, {'completedAt': '2026-02-21T19:20:36.239919+00:00', 'createdAt': '2026-02-21T19:20:36.239917+00:00', 'creditsUsed': 10, 'id': '015afdee-440b-4a08-b6b6-80ea041e9b9e', ...}, {'completedAt': '2026-02-21T19:19:56.922654+00:00', 'createdAt': '2026-02-21T19:19:56.922649+00:00', 'creditsUsed': 10, 'id': '51e06972-dbb2-4775-8e33-04c21b9e34da', ...}, ...], 'page': 0, 'size': 10, 'total': 86}</failure></testcase><testcase classname="backend.tests.test_iteration56_new_pages.TestGenerationHistory" name="test_generation_filter_by_type_story" time="0.126"><failure message="AssertionError: assert 'content' in {'generations': [{'completedAt': '2026-02-20T18:22:54.597143+00:00', 'createdAt': '2026-02-20T18:22:54.597139+00:00', 'creditsUsed': 10, 'id': '4fa29f2a-ba76-4a8d-a5e0-b12e088e10c7', ...}, {'completedAt': '2026-02-20T18:20:49.329005+00:00', 'createdAt': '2026-02-20T18:20:49.329001+00:00', 'creditsUsed': 10, 'id': 'ba265613-b595-4058-a06c-e2551afe93e4', ...}, {'completedAt': '2026-02-20T13:44:07.619613+00:00', 'createdAt': '2026-02-20T13:44:07.619609+00:00', 'creditsUsed': 10, 'id': '389f484f-4ff2-43b2-bbcb-065a5a0eb9e4', ...}, {'completedAt': '2026-02-20T13:43:14.700105+00:00', 'createdAt': '2026-02-20T13:43:14.700096+00:00', 'creditsUsed': 10, 'id': 'd8d09510-8b31-49ee-9d8e-3ebb16b928ad', ...}, {'completedAt': '2026-02-20T06:08:23.837876+00:00', 'createdAt': '2026-02-20T06:08:23.837873+00:00', 'creditsUsed': 10, 'id': 'ed9d0c35-fcd5-4e7f-a9a2-0e77b2cc29a3', ...}], 'page': 0, 'size': 10, 'total': 5}">backend/tests/test_iteration56_new_pages.py:203: in test_generation_filter_by_type_story
    assert "content" in data
E   AssertionError: assert 'content' in {'generations': [{'completedAt': '2026-02-20T18:22:54.597143+00:00', 'createdAt': '2026-02-20T18:22:54.597139+00:00', 'creditsUsed': 10, 'id': '4fa29f2a-ba76-4a8d-a5e0-b12e088e10c7', ...}, {'completedAt': '2026-02-20T18:20:49.329005+00:00', 'createdAt': '2026-02-20T18:20:49.329001+00:00', 'creditsUsed': 10, 'id': 'ba265613-b595-4058-a06c-e2551afe93e4', ...}, {'completedAt': '2026-02-20T13:44:07.619613+00:00', 'createdAt': '2026-02-20T13:44:07.619609+00:00', 'creditsUsed': 10, 'id': '389f484f-4ff2-43b2-bbcb-065a5a0eb9e4', ...}, {'completedAt': '2026-02-20T13:43:14.700105+00:00', 'createdAt': '2026-02-20T13:43:14.700096+00:00', 'creditsUsed': 10, 'id': 'd8d09510-8b31-49ee-9d8e-3ebb16b928ad', ...}, {'completedAt': '2026-02-20T06:08:23.837876+00:00', 'createdAt': '2026-02-20T06:08:23.837873+00:00', 'creditsUsed': 10, 'id': 'ed9d0c35-fcd5-4e7f-a9a2-0e77b2cc29a3', ...}], 'page': 0, 'size': 10, 'total': 5}</failure></testcase><testcase classname="backend.tests.test_iteration56_new_pages.TestBilling" name="test_get_products" time="0.453" /><testcase classname="backend.tests.test_iteration56_new_pages.TestBilling" name="test_get_credits_balance" time="0.104" /><testcase classname="backend.tests.test_iteration56_new_pages.TestBilling" name="test_wallet_me" time="0.112" /><testcase classname="backend.tests.test_iteration56_new_pages.TestFeatureRequests" name="test_feature_requests_list" time="0.446" /><testcase classname="backend.tests.test_iteration56_new_pages.TestFeatureRequests" name="test_feature_requests_categories" time="0.103" /><testcase classname="backend.tests.test_iteration56_new_pages.TestCashfreePayments" name="test_cashfree_create_order" time="0.896" /></testsuite></testsuites>