<?xml version="1.0" encoding="utf-8"?><testsuites name="pytest tests"><testsuite name="pytest" errors="0" failures="0" skipped="0" tests="25" time="9.045" timestamp="2026-02-20T16:41:28.756897+00:00" hostname="agent-env-b7026ec2-1cbd-43e4-a724-b1881c64e309"><testcase classname="backend.tests.test_comprehensive_qa_iteration42.TestPhase1PublicURLs" name="test_landing_page" time="0.141" /><testcase classname="backend.tests.test_comprehensive_qa_iteration42.TestPhase1PublicURLs" name="test_pricing_page" time="0.124" /><testcase classname="backend.tests.test_comprehensive_qa_iteration42.TestPhase1PublicURLs" name="test_user_manual_page" time="0.142" /><testcase classname="backend.tests.test_comprehensive_qa_iteration42.TestPhase1PublicURLs" name="test_contact_page" time="0.134" /><testcase classname="backend.tests.test_comprehensive_qa_iteration42.TestPhase1PublicURLs" name="test_reviews_page" time="0.168" /><testcase classname="backend.tests.test_comprehensive_qa_iteration42.TestPhase3LoginLogout" name="test_demo_user_login" time="0.398" /><testcase classname="backend.tests.test_comprehensive_qa_iteration42.TestPhase3LoginLogout" name="test_admin_user_login" time="0.358" /><testcase classname="backend.tests.test_comprehensive_qa_iteration42.TestPhase3LoginLogout" name="test_invalid_login" time="0.160" /><testcase classname="backend.tests.test_comprehensive_qa_iteration42.TestPhase10CashfreePayment" name="test_cashfree_health" time="0.185" /><testcase classname="backend.tests.test_comprehensive_qa_iteration42.TestPhase10CashfreePayment" name="test_cashfree_products" time="0.127" /><testcase classname="backend.tests.test_comprehensive_qa_iteration42.TestPhase10CashfreePayment" name="test_cashfree_create_order" time="1.505" /><testcase classname="backend.tests.test_comprehensive_qa_iteration42.TestPhase11WorkerScaling" name="test_worker_status_requires_admin" time="0.523" /><testcase classname="backend.tests.test_comprehensive_qa_iteration42.TestPhase11WorkerScaling" name="test_worker_status_as_admin" time="0.692" /><testcase classname="backend.tests.test_comprehensive_qa_iteration42.TestPhase12CopyrightAudit" name="test_run_copyright_audit_as_admin" time="0.461" /><testcase classname="backend.tests.test_comprehensive_qa_iteration42.TestPhase12CopyrightAudit" name="test_get_copyright_audit_result" time="0.614" /><testcase classname="backend.tests.test_comprehensive_qa_iteration42.TestPhase13ABTesting" name="test_ab_test_pricing_requires_auth" time="0.142" /><testcase classname="backend.tests.test_comprehensive_qa_iteration42.TestPhase13ABTesting" name="test_ab_test_pricing_returns_variant" time="0.528" /><testcase classname="backend.tests.test_comprehensive_qa_iteration42.TestPhase14WebhookEndpoint" name="test_webhook_endpoint_exists" time="0.142" /><testcase classname="backend.tests.test_comprehensive_qa_iteration42.TestCDNStatus" name="test_cdn_status_as_admin" time="0.481" /><testcase classname="backend.tests.test_comprehensive_qa_iteration42.TestSubscriptionPlans" name="test_get_subscription_plans" time="0.131" /><testcase classname="backend.tests.test_comprehensive_qa_iteration42.TestSubscriptionPlans" name="test_subscription_plans_currency_usd" time="0.178" /><testcase classname="backend.tests.test_comprehensive_qa_iteration42.TestAdminMonitoringEndpoints" name="test_admin_overview" time="0.503" /><testcase classname="backend.tests.test_comprehensive_qa_iteration42.TestAdminMonitoringEndpoints" name="test_admin_threat_stats" time="0.464" /><testcase classname="backend.tests.test_comprehensive_qa_iteration42.TestUserAnalytics" name="test_user_stats_requires_auth" time="0.140" /><testcase classname="backend.tests.test_comprehensive_qa_iteration42.TestUserAnalytics" name="test_user_stats_returns_data" time="0.515" /></testsuite></testsuites>