<?xml version="1.0" encoding="utf-8"?><testsuites name="pytest tests"><testsuite name="pytest" errors="0" failures="0" skipped="0" tests="20" time="5.495" timestamp="2026-03-08T08:26:56.286082+00:00" hostname="agent-env-b8012c57-3884-4980-a1fe-fef48e7068e7"><testcase classname="backend.tests.test_iteration122_comprehensive_features.TestHealthCheck" name="test_api_health" time="0.205" /><testcase classname="backend.tests.test_iteration122_comprehensive_features.TestAuthentication" name="test_login_success" time="0.297" /><testcase classname="backend.tests.test_iteration122_comprehensive_features.TestAuthentication" name="test_admin_login_success" time="0.283" /><testcase classname="backend.tests.test_iteration122_comprehensive_features.TestWatermarkService" name="test_should_apply_watermark" time="0.336" /><testcase classname="backend.tests.test_iteration122_comprehensive_features.TestWatermarkService" name="test_watermark_settings_get" time="0.055" /><testcase classname="backend.tests.test_iteration122_comprehensive_features.TestMonitoringAPIs" name="test_queue_status" time="0.380" /><testcase classname="backend.tests.test_iteration122_comprehensive_features.TestMonitoringAPIs" name="test_system_health" time="0.056" /><testcase classname="backend.tests.test_iteration122_comprehensive_features.TestMonitoringAPIs" name="test_load_test_start" time="3.111" /><testcase classname="backend.tests.test_iteration122_comprehensive_features.TestMonitoringAPIs" name="test_load_test_history" time="0.052" /><testcase classname="backend.tests.test_iteration122_comprehensive_features.TestMonitoringAPIs" name="test_feature_usage" time="0.051" /><testcase classname="backend.tests.test_iteration122_comprehensive_features.TestMonitoringAPIs" name="test_output_tracking" time="0.057" /><testcase classname="backend.tests.test_iteration122_comprehensive_features.TestReelGenerator" name="test_get_reel_templates" time="0.056" /><testcase classname="backend.tests.test_iteration122_comprehensive_features.TestReelGenerator" name="test_get_user_credits" time="0.061" /><testcase classname="backend.tests.test_iteration122_comprehensive_features.TestStoryGenerator" name="test_get_story_templates" time="0.055" /><testcase classname="backend.tests.test_iteration122_comprehensive_features.TestColoringBook" name="test_coloring_book_status_endpoint" time="0.054" /><testcase classname="backend.tests.test_iteration122_comprehensive_features.TestComicStorybook" name="test_comic_storybook_genres" time="0.057" /><testcase classname="backend.tests.test_iteration122_comprehensive_features.TestGifMaker" name="test_gif_maker_reactions" time="0.066" /><testcase classname="backend.tests.test_iteration122_comprehensive_features.TestPhotoToComic" name="test_photo_to_comic_styles" time="0.059" /><testcase classname="backend.tests.test_iteration122_comprehensive_features.TestDownloadService" name="test_protected_download_check" time="0.056" /><testcase classname="backend.tests.test_iteration122_comprehensive_features.TestUserProfile" name="test_get_user_profile" time="0.059" /></testsuite></testsuites>