<?xml version="1.0" encoding="utf-8"?><testsuites name="pytest tests"><testsuite name="pytest" errors="0" failures="0" skipped="0" tests="12" time="5.853" timestamp="2026-03-17T17:23:51.502268+00:00" hostname="agent-env-c5598eaf-5018-4d8b-83d0-f7f1670ff136"><testcase classname="backend.tests.test_cross_tool_prefill.TestBackendHealth" name="test_health_check" time="0.827" /><testcase classname="backend.tests.test_cross_tool_prefill.TestBackendHealth" name="test_login_success" time="0.357" /><testcase classname="backend.tests.test_cross_tool_prefill.TestToolEndpoints" name="test_reel_generator_config" time="0.489" /><testcase classname="backend.tests.test_cross_tool_prefill.TestToolEndpoints" name="test_gif_maker_emotions" time="0.530" /><testcase classname="backend.tests.test_cross_tool_prefill.TestToolEndpoints" name="test_bedtime_story_config" time="1.182" /><testcase classname="backend.tests.test_cross_tool_prefill.TestToolEndpoints" name="test_caption_rewriter_preview" time="0.567" /><testcase classname="backend.tests.test_cross_tool_prefill.TestToolEndpoints" name="test_brand_story_config" time="0.615" /><testcase classname="backend.tests.test_cross_tool_prefill.TestToolEndpoints" name="test_daily_viral_ideas_config" time="0.605" /><testcase classname="backend.tests.test_cross_tool_prefill.TestToolEndpoints" name="test_comic_storybook_v2_options" time="0.606" /><testcase classname="backend.tests.test_cross_tool_prefill.TestNextActionHooksConfig" name="test_hook_configs_coverage" time="0.000" /><testcase classname="backend.tests.test_cross_tool_prefill.TestRemixDataStructure" name="test_remix_data_structure" time="0.000" /><testcase classname="backend.tests.test_cross_tool_prefill.TestRemixDataStructure" name="test_ttl_calculation" time="0.000" /></testsuite></testsuites>