<?xml version="1.0" encoding="utf-8"?><testsuites name="pytest tests"><testsuite name="pytest" errors="0" failures="0" skipped="0" tests="13" time="5.458" timestamp="2026-03-12T14:34:37.189647+00:00" hostname="agent-env-67256290-2fdc-45ea-9a21-17c7a00b72c1"><testcase classname="tests.test_p0_bugs_iteration145.TestRatingAPI" name="test_rating_endpoint_returns_success" time="1.944" /><testcase classname="tests.test_p0_bugs_iteration145.TestRatingAPI" name="test_rating_1_to_5_accepted" time="0.631" /><testcase classname="tests.test_p0_bugs_iteration145.TestRatingAPI" name="test_rating_with_feature_key" time="0.111" /><testcase classname="tests.test_p0_bugs_iteration145.TestRatingAPI" name="test_low_rating_requires_reason" time="0.129" /><testcase classname="tests.test_p0_bugs_iteration145.TestPromoVideosAPI" name="test_promo_videos_status_endpoint" time="0.133" /><testcase classname="tests.test_p0_bugs_iteration145.TestPromoVideosAPI" name="test_all_videos_completed_status" time="0.128" /><testcase classname="tests.test_p0_bugs_iteration145.TestPromoVideosAPI" name="test_all_videos_have_download_url" time="0.139" /><testcase classname="tests.test_p0_bugs_iteration145.TestPromoVideosAPI" name="test_no_file_missing_status" time="0.121" /><testcase classname="tests.test_p0_bugs_iteration145.TestPromoVideosAPI" name="test_video_metadata_present" time="0.108" /><testcase classname="tests.test_p0_bugs_iteration145.TestPromoVideoFiles" name="test_all_video_files_downloadable" time="0.530" /><testcase classname="tests.test_p0_bugs_iteration145.TestPromoVideoFiles" name="test_video_files_correct_content_type" time="0.560" /><testcase classname="tests.test_p0_bugs_iteration145.TestPromoVideoFiles" name="test_video_files_have_content" time="0.545" /><testcase classname="tests.test_p0_bugs_iteration145.TestHealthCheck" name="test_api_health" time="0.304" /></testsuite></testsuites>