<?xml version="1.0" encoding="utf-8"?><testsuites name="pytest tests"><testsuite name="pytest" errors="0" failures="0" skipped="0" tests="19" time="3.913" timestamp="2026-04-12T16:20:46.549730+00:00" hostname="agent-env-46d95153-5e49-4e7f-ac0c-d5b00c0bc0f7"><testcase classname="backend.tests.test_consumption_first_iteration502.TestAPIHealth" name="test_api_health" time="1.523" /><testcase classname="backend.tests.test_consumption_first_iteration502.TestFunnelTrackingEndpoint" name="test_track_story_viewed" time="0.137" /><testcase classname="backend.tests.test_consumption_first_iteration502.TestFunnelTrackingEndpoint" name="test_track_story_card_clicked" time="0.128" /><testcase classname="backend.tests.test_consumption_first_iteration502.TestFunnelTrackingEndpoint" name="test_track_watch_started" time="0.170" /><testcase classname="backend.tests.test_consumption_first_iteration502.TestFunnelTrackingEndpoint" name="test_track_watch_completed_50" time="0.149" /><testcase classname="backend.tests.test_consumption_first_iteration502.TestFunnelTrackingEndpoint" name="test_track_watch_completed_100" time="0.111" /><testcase classname="backend.tests.test_consumption_first_iteration502.TestFunnelTrackingEndpoint" name="test_track_cta_clicked" time="0.113" /><testcase classname="backend.tests.test_consumption_first_iteration502.TestFunnelTrackingEndpoint" name="test_track_remix_clicked" time="0.141" /><testcase classname="backend.tests.test_consumption_first_iteration502.TestFunnelTrackingEndpoint" name="test_track_scroll_depth_50" time="0.147" /><testcase classname="backend.tests.test_consumption_first_iteration502.TestFunnelTrackingEndpoint" name="test_track_invalid_step_rejected" time="0.131" /><testcase classname="backend.tests.test_consumption_first_iteration502.TestStoryViewerEndpoint" name="test_viewer_endpoint_returns_story" time="0.118" /><testcase classname="backend.tests.test_consumption_first_iteration502.TestStoryViewerEndpoint" name="test_viewer_endpoint_returns_chain_info" time="0.115" /><testcase classname="backend.tests.test_consumption_first_iteration502.TestStoryViewerEndpoint" name="test_viewer_endpoint_404_for_invalid_id" time="0.109" /><testcase classname="backend.tests.test_consumption_first_iteration502.TestStoryChainEndpoint" name="test_chain_endpoint_returns_episodes" time="0.117" /><testcase classname="backend.tests.test_consumption_first_iteration502.TestStoryBranchesEndpoint" name="test_branches_endpoint_returns_remixes" time="0.114" /><testcase classname="backend.tests.test_consumption_first_iteration502.TestStoryFeedEndpoint" name="test_feed_returns_rows" time="0.133" /><testcase classname="backend.tests.test_consumption_first_iteration502.TestStoryFeedEndpoint" name="test_feed_stories_have_required_fields" time="0.121" /><testcase classname="backend.tests.test_consumption_first_iteration502.TestIncrementMetricEndpoint" name="test_increment_views" time="0.123" /><testcase classname="backend.tests.test_consumption_first_iteration502.TestIncrementMetricEndpoint" name="test_increment_shares" time="0.115" /></testsuite></testsuites>