<?xml version="1.0" encoding="utf-8"?><testsuites name="pytest tests"><testsuite name="pytest" errors="0" failures="2" skipped="0" tests="22" time="2.804" timestamp="2026-03-14T05:20:33.696917+00:00" hostname="agent-env-46d6eecd-5b2d-424c-b0bc-d74dba2a818c"><testcase classname="backend.tests.test_p0_studio_bugfix_iteration159.TestHealthCheck" name="test_api_health" time="0.609" /><testcase classname="backend.tests.test_p0_studio_bugfix_iteration159.TestRateLimitStatusEndpoint" name="test_rate_limit_status_requires_auth" time="0.062" /><testcase classname="backend.tests.test_p0_studio_bugfix_iteration159.TestRateLimitStatusEndpoint" name="test_rate_limit_status_returns_required_fields" time="0.359" /><testcase classname="backend.tests.test_p0_studio_bugfix_iteration159.TestRateLimitStatusEndpoint" name="test_rate_limit_status_has_reason_when_blocked" time="0.058" /><testcase classname="backend.tests.test_p0_studio_bugfix_iteration159.TestPipelineCreateValidation" name="test_create_requires_auth" time="0.062"><failure message="assert 200 == 401&#10; +  where 200 = &lt;Response [200]&gt;.status_code">backend/tests/test_p0_studio_bugfix_iteration159.py:132: in test_create_requires_auth
    assert response.status_code == 401
E   assert 200 == 401
E    +  where 200 = &lt;Response [200]&gt;.status_code</failure></testcase><testcase classname="backend.tests.test_p0_studio_bugfix_iteration159.TestPipelineCreateValidation" name="test_create_validates_title_length" time="0.062" /><testcase classname="backend.tests.test_p0_studio_bugfix_iteration159.TestPipelineCreateValidation" name="test_create_validates_story_length" time="0.064" /><testcase classname="backend.tests.test_p0_studio_bugfix_iteration159.TestPipelineCreateValidation" name="test_create_rate_limit_returns_429" time="0.127" /><testcase classname="backend.tests.test_p0_studio_bugfix_iteration159.TestPipelineOptions" name="test_options_returns_styles" time="0.057" /><testcase classname="backend.tests.test_p0_studio_bugfix_iteration159.TestPipelineOptions" name="test_options_returns_age_groups" time="0.064" /><testcase classname="backend.tests.test_p0_studio_bugfix_iteration159.TestPipelineOptions" name="test_options_returns_voice_presets" time="0.056" /><testcase classname="backend.tests.test_p0_studio_bugfix_iteration159.TestUserJobs" name="test_user_jobs_requires_auth" time="0.070"><failure message="assert 200 == 401&#10; +  where 200 = &lt;Response [200]&gt;.status_code">backend/tests/test_p0_studio_bugfix_iteration159.py:221: in test_user_jobs_requires_auth
    assert response.status_code == 401
E   assert 200 == 401
E    +  where 200 = &lt;Response [200]&gt;.status_code</failure></testcase><testcase classname="backend.tests.test_p0_studio_bugfix_iteration159.TestUserJobs" name="test_user_jobs_returns_jobs_list" time="0.074" /><testcase classname="backend.tests.test_p0_studio_bugfix_iteration159.TestGalleryEndpointsRegression" name="test_gallery_public_access" time="0.061" /><testcase classname="backend.tests.test_p0_studio_bugfix_iteration159.TestGalleryEndpointsRegression" name="test_gallery_categories" time="0.059" /><testcase classname="backend.tests.test_p0_studio_bugfix_iteration159.TestGalleryEndpointsRegression" name="test_gallery_leaderboard" time="0.057" /><testcase classname="backend.tests.test_p0_studio_bugfix_iteration159.TestGalleryEndpointsRegression" name="test_gallery_filtering" time="0.202" /><testcase classname="backend.tests.test_p0_studio_bugfix_iteration159.TestLandingPageRegression" name="test_live_stats_public" time="0.061" /><testcase classname="backend.tests.test_p0_studio_bugfix_iteration159.TestPricingPageRegression" name="test_payment_products" time="0.059" /><testcase classname="backend.tests.test_p0_studio_bugfix_iteration159.TestCreditsCheck" name="test_credits_check_upsell" time="0.057" /><testcase classname="backend.tests.test_p0_studio_bugfix_iteration159.TestAdminPerformanceMonitoring" name="test_performance_requires_admin" time="0.067" /><testcase classname="backend.tests.test_p0_studio_bugfix_iteration159.TestAdminPerformanceMonitoring" name="test_performance_works_for_admin" time="0.348" /></testsuite></testsuites>