<?xml version="1.0" encoding="utf-8"?><testsuites name="pytest tests"><testsuite name="pytest" errors="0" failures="0" skipped="0" tests="16" time="5.054" timestamp="2026-03-15T14:57:43.665201+00:00" hostname="agent-env-610baa65-2832-4559-adda-fcc9340e91e6"><testcase classname="backend.tests.test_admin_panel_iteration264.TestAdminAuth" name="test_admin_login" time="1.521" /><testcase classname="backend.tests.test_admin_panel_iteration264.TestTrendingTopics" name="test_get_trending_topics" time="0.464" /><testcase classname="backend.tests.test_admin_panel_iteration264.TestTrendingTopics" name="test_create_trending_topic" time="0.117" /><testcase classname="backend.tests.test_admin_panel_iteration264.TestTrendingTopics" name="test_delete_trending_topic" time="0.260" /><testcase classname="backend.tests.test_admin_panel_iteration264.TestAdminAnalytics" name="test_admin_analytics_dashboard_fast" time="0.467" /><testcase classname="backend.tests.test_admin_panel_iteration264.TestAdminPanelEndpoints" name="test_users_list" time="0.506" /><testcase classname="backend.tests.test_admin_panel_iteration264.TestAdminPanelEndpoints" name="test_login_activity" time="0.127" /><testcase classname="backend.tests.test_admin_panel_iteration264.TestAdminPanelEndpoints" name="test_audit_logs" time="0.118" /><testcase classname="backend.tests.test_admin_panel_iteration264.TestAdminPanelEndpoints" name="test_audit_stats" time="0.108" /><testcase classname="backend.tests.test_admin_panel_iteration264.TestAdminPanelEndpoints" name="test_worker_metrics" time="0.106" /><testcase classname="backend.tests.test_admin_panel_iteration264.TestAdminPanelEndpoints" name="test_system_health" time="0.112" /><testcase classname="backend.tests.test_admin_panel_iteration264.TestAdminPanelEndpoints" name="test_monitoring_dashboard" time="0.127" /><testcase classname="backend.tests.test_admin_panel_iteration264.TestAdminPanelEndpoints" name="test_revenue_analytics_summary" time="0.119" /><testcase classname="backend.tests.test_admin_panel_iteration264.TestAdminPanelEndpoints" name="test_successful_payments" time="0.111" /><testcase classname="backend.tests.test_admin_panel_iteration264.TestAdminPanelEndpoints" name="test_all_feedback" time="0.110" /><testcase classname="backend.tests.test_admin_panel_iteration264.TestCleanup" name="test_cleanup_test_topics" time="0.603" /></testsuite></testsuites>