<?xml version="1.0" encoding="utf-8"?><testsuites name="pytest tests"><testsuite name="pytest" errors="0" failures="0" skipped="0" tests="19" time="1.418" timestamp="2026-03-30T14:31:54.723112+00:00" hostname="agent-env-46d95153-5e49-4e7f-ac0c-d5b00c0bc0f7"><testcase classname="tests.test_hook_system_iteration382.TestHookEventEndpoint" name="test_hook_event_endpoint_exists" time="0.259" /><testcase classname="tests.test_hook_system_iteration382.TestHookEventEndpoint" name="test_hook_event_accepts_impression" time="0.063" /><testcase classname="tests.test_hook_system_iteration382.TestHookEventEndpoint" name="test_hook_event_accepts_continue" time="0.081" /><testcase classname="tests.test_hook_system_iteration382.TestHookEventEndpoint" name="test_hook_event_accepts_share" time="0.060" /><testcase classname="tests.test_hook_system_iteration382.TestHookEventEndpoint" name="test_hook_event_accepts_completion" time="0.061" /><testcase classname="tests.test_hook_system_iteration382.TestLockedJobBehavior" name="test_locked_job_returns_locked_true" time="0.063" /><testcase classname="tests.test_hook_system_iteration382.TestStoryFeedHookABServing" name="test_story_feed_returns_hook_variant_id" time="0.414" /><testcase classname="tests.test_hook_system_iteration382.TestStoryFeedHookABServing" name="test_story_feed_has_hook_text" time="0.071" /><testcase classname="tests.test_hook_system_iteration382.TestScoringFormulaWithHookStrength" name="test_personalization_service_score_formula" time="0.001" /><testcase classname="tests.test_hook_system_iteration382.TestHookServiceFunctions" name="test_is_weak_hook_detection" time="0.000" /><testcase classname="tests.test_hook_system_iteration382.TestHookServiceFunctions" name="test_check_lock_condition_under_300" time="0.000" /><testcase classname="tests.test_hook_system_iteration382.TestHookServiceFunctions" name="test_check_lock_condition_over_300_with_margin" time="0.000" /><testcase classname="tests.test_hook_system_iteration382.TestHookServiceFunctions" name="test_check_lock_condition_over_300_no_margin" time="0.000" /><testcase classname="tests.test_hook_system_iteration382.TestHookServiceFunctions" name="test_compute_hook_strength" time="0.000" /><testcase classname="tests.test_hook_system_iteration382.TestHookServiceFunctions" name="test_select_hook_for_user_locked" time="0.000" /><testcase classname="tests.test_hook_system_iteration382.TestHookServiceFunctions" name="test_select_hook_for_user_not_locked" time="0.000" /><testcase classname="tests.test_hook_system_iteration382.TestColdStartBehavior" name="test_story_feed_fallback_hooks" time="0.070" /><testcase classname="tests.test_hook_system_iteration382.TestHookEventTracking" name="test_hook_event_increments_counters" time="0.058" /><testcase classname="tests.test_hook_system_iteration382.TestAPIIntegration" name="test_full_hook_flow" time="0.128" /></testsuite></testsuites>