<?xml version="1.0" encoding="utf-8"?><testsuites name="pytest tests"><testsuite name="pytest" errors="0" failures="2" skipped="0" tests="12" time="2.786" timestamp="2026-02-21T14:38:12.069106+00:00" hostname="agent-env-2226d564-f3e4-4e91-8c25-b068044f9aea"><testcase classname="backend.tests.test_reset_password_modal.TestForgotPasswordEndpoint" name="test_health_check" time="0.362" /><testcase classname="backend.tests.test_reset_password_modal.TestForgotPasswordEndpoint" name="test_forgot_password_with_valid_existing_email" time="0.507" /><testcase classname="backend.tests.test_reset_password_modal.TestForgotPasswordEndpoint" name="test_forgot_password_with_non_existent_email" time="0.135" /><testcase classname="backend.tests.test_reset_password_modal.TestForgotPasswordEndpoint" name="test_forgot_password_invalid_email_format" time="0.100" /><testcase classname="backend.tests.test_reset_password_modal.TestForgotPasswordEndpoint" name="test_forgot_password_empty_email" time="0.111" /><testcase classname="backend.tests.test_reset_password_modal.TestForgotPasswordEndpoint" name="test_forgot_password_missing_email_field" time="0.104" /><testcase classname="backend.tests.test_reset_password_modal.TestForgotPasswordEndpoint" name="test_forgot_password_email_with_spaces_trimmed" time="0.357" /><testcase classname="backend.tests.test_reset_password_modal.TestForgotPasswordEndpoint" name="test_forgot_password_case_insensitive" time="0.124"><failure message="assert 429 == 200&#10; +  where 429 = &lt;Response [429]&gt;.status_code">backend/tests/test_reset_password_modal.py:94: in test_forgot_password_case_insensitive
    assert response.status_code == 200
E   assert 429 == 200
E    +  where 429 = &lt;Response [429]&gt;.status_code</failure></testcase><testcase classname="backend.tests.test_reset_password_modal.TestForgotPasswordEndpoint" name="test_forgot_password_rate_limiting" time="0.096" /><testcase classname="backend.tests.test_reset_password_modal.TestForgotPasswordEndpoint" name="test_forgot_password_long_email" time="0.122" /><testcase classname="backend.tests.test_reset_password_modal.TestForgotPasswordSecurity" name="test_no_user_enumeration_same_response" time="0.207"><failure message="assert 429 == 200&#10; +  where 429 = &lt;Response [429]&gt;.status_code">backend/tests/test_reset_password_modal.py:150: in test_no_user_enumeration_same_response
    assert resp1.status_code == 200
E   assert 429 == 200
E    +  where 429 = &lt;Response [429]&gt;.status_code</failure></testcase><testcase classname="backend.tests.test_reset_password_modal.TestForgotPasswordSecurity" name="test_no_timing_attack_vulnerability" time="0.483" /></testsuite></testsuites>