<?xml version="1.0" encoding="utf-8"?><testsuites name="pytest tests"><testsuite name="pytest" errors="0" failures="6" skipped="0" tests="20" time="554.189" timestamp="2026-02-23T09:13:53.759239+00:00" hostname="agent-env-6d7da188-c45e-4a86-8215-4f146cc55a3e"><testcase classname="backend.tests.test_comic_storybook_iteration69.TestComicStorybookFeature" name="test_authentication" time="0.395" /><testcase classname="backend.tests.test_comic_storybook_iteration69.TestComicStorybookFeature" name="test_get_styles_returns_14_styles" time="0.107" /><testcase classname="backend.tests.test_comic_storybook_iteration69.TestComicStorybookFeature" name="test_styles_returns_pricing" time="0.117" /><testcase classname="backend.tests.test_comic_storybook_iteration69.TestComicStorybookFeature" name="test_styles_returns_layouts" time="0.133" /><testcase classname="backend.tests.test_comic_storybook_iteration69.TestComicStorybookFeature" name="test_styles_returns_limits" time="0.092" /><testcase classname="backend.tests.test_comic_storybook_iteration69.TestComicStorybookFeature" name="test_parse_story_text" time="0.115" /><testcase classname="backend.tests.test_comic_storybook_iteration69.TestComicStorybookFeature" name="test_parse_story_requires_content" time="0.099" /><testcase classname="backend.tests.test_comic_storybook_iteration69.TestComicStorybookFeature" name="test_parse_story_content_safety" time="0.125"><failure message="AssertionError: Should block copyrighted content: {&quot;success&quot;:true,&quot;scene_count&quot;:1,&quot;scenes_preview&quot;:[{&quot;scene_number&quot;:1,&quot;title&quot;:&quot;Spider-Man swings through New York...&quot;,&quot;description&quot;:&quot;Spider-Man swings through New York City, fighting the Green Goblin.&quot;,&quot;dialogue&quot;:null}],&quot;recommended_pages&quot;:10,&quot;estimated_credits&quot;:50,&quot;word_count&quot;:10}&#10;assert 200 == 400&#10; +  where 200 = &lt;Response [200]&gt;.status_code">backend/tests/test_comic_storybook_iteration69.py:200: in test_parse_story_content_safety
    assert response.status_code == 400, f"Should block copyrighted content: {response.text}"
E   AssertionError: Should block copyrighted content: {"success":true,"scene_count":1,"scenes_preview":[{"scene_number":1,"title":"Spider-Man swings through New York...","description":"Spider-Man swings through New York City, fighting the Green Goblin.","dialogue":null}],"recommended_pages":10,"estimated_credits":50,"word_count":10}
E   assert 200 == 400
E    +  where 200 = &lt;Response [200]&gt;.status_code</failure></testcase><testcase classname="backend.tests.test_comic_storybook_iteration69.TestComicStorybookFeature" name="test_generate_storybook_starts_job" time="0.108" /><testcase classname="backend.tests.test_comic_storybook_iteration69.TestComicStorybookFeature" name="test_generate_validates_style" time="60.097"><failure message="assert 520 == 400&#10; +  where 520 = &lt;Response [520]&gt;.status_code">backend/tests/test_comic_storybook_iteration69.py:259: in test_generate_validates_style
    assert response.status_code == 400
E   assert 520 == 400
E    +  where 520 = &lt;Response [520]&gt;.status_code</failure></testcase><testcase classname="backend.tests.test_comic_storybook_iteration69.TestComicStorybookFeature" name="test_generate_blocks_copyrighted_content" time="60.163"><failure message="assert 520 == 400&#10; +  where 520 = &lt;Response [520]&gt;.status_code">backend/tests/test_comic_storybook_iteration69.py:276: in test_generate_blocks_copyrighted_content
    assert response.status_code == 400
E   assert 520 == 400
E    +  where 520 = &lt;Response [520]&gt;.status_code</failure></testcase><testcase classname="backend.tests.test_comic_storybook_iteration69.TestComicStorybookFeature" name="test_job_polling" time="60.233"><failure message="assert 520 == 200&#10; +  where 520 = &lt;Response [520]&gt;.status_code">backend/tests/test_comic_storybook_iteration69.py:297: in test_job_polling
    assert response.status_code == 200
E   assert 520 == 200
E    +  where 520 = &lt;Response [520]&gt;.status_code</failure></testcase><testcase classname="backend.tests.test_comic_storybook_iteration69.TestComicStorybookFeature" name="test_job_not_found" time="24.013" /><testcase classname="backend.tests.test_comic_storybook_iteration69.TestComicStorybookFeature" name="test_get_history" time="60.145"><failure message="assert 520 == 200&#10; +  where 520 = &lt;Response [520]&gt;.status_code">backend/tests/test_comic_storybook_iteration69.py:331: in test_get_history
    assert response.status_code == 200
E   assert 520 == 200
E    +  where 520 = &lt;Response [520]&gt;.status_code</failure></testcase><testcase classname="backend.tests.test_comic_storybook_iteration69.TestComicStorybookFeature" name="test_download_not_ready" time="60.188" /><testcase classname="backend.tests.test_comic_storybook_iteration69.TestComicStorybookFeature" name="test_static_files_headers" time="71.061" /><testcase classname="backend.tests.test_comic_storybook_iteration69.TestStaticFileDownloadFix" name="test_static_endpoint_accessible" time="60.165"><failure message="AssertionError: Static endpoint not accessible: 520&#10;assert 520 in [200, 403, 404]&#10; +  where 520 = &lt;Response [520]&gt;.status_code">backend/tests/test_comic_storybook_iteration69.py:409: in test_static_endpoint_accessible
    assert response.status_code in [200, 403, 404], f"Static endpoint not accessible: {response.status_code}"
E   AssertionError: Static endpoint not accessible: 520
E   assert 520 in [200, 403, 404]
E    +  where 520 = &lt;Response [520]&gt;.status_code</failure></testcase><testcase classname="backend.tests.test_comic_storybook_iteration69.TestStaticFileDownloadFix" name="test_static_headers_for_download" time="35.675" /><testcase classname="backend.tests.test_comic_storybook_iteration69.TestDashboardComicStorybookCard" name="test_dashboard_api_accessible" time="0.471" /><testcase classname="backend.tests.test_comic_storybook_iteration69.TestJobCompletionAndDownload" name="test_full_generation_flow" time="60.547" /></testsuite></testsuites>