<?xml version="1.0" encoding="utf-8"?><testsuites name="pytest tests"><testsuite name="pytest" errors="9" failures="1" skipped="0" tests="22" time="9.162" timestamp="2026-02-28T10:04:26.505401+00:00" hostname="agent-env-dbf522fb-ea77-4aff-806f-71ad55352341"><testcase classname="backend.tests.test_iteration107_regression.TestHealthAndBasicEndpoints" name="test_health_endpoint" time="0.288" /><testcase classname="backend.tests.test_iteration107_regression.TestHealthAndBasicEndpoints" name="test_worker_system_status" time="0.265"><failure message="AssertionError: Worker status returned 404&#10;assert 404 in [200, 401, 403]&#10; +  where 404 = &lt;Response [404]&gt;.status_code">backend/tests/test_iteration107_regression.py:35: in test_worker_system_status
    assert response.status_code in [200, 401, 403], f"Worker status returned {response.status_code}"
E   AssertionError: Worker status returned 404
E   assert 404 in [200, 401, 403]
E    +  where 404 = &lt;Response [404]&gt;.status_code</failure></testcase><testcase classname="backend.tests.test_iteration107_regression.TestDemoUserLogin" name="test_login_demo_user" time="0.480" /><testcase classname="backend.tests.test_iteration107_regression.TestDemoUserLogin" name="test_login_with_wrong_password" time="0.472" /><testcase classname="backend.tests.test_iteration107_regression.TestDemoUserLogin" name="test_get_current_user" time="0.607" /><testcase classname="backend.tests.test_iteration107_regression.TestAdminUserLogin" name="test_login_admin_user" time="0.467" /><testcase classname="backend.tests.test_iteration107_regression.TestMyDownloadsEndpoint" name="test_my_downloads_endpoint" time="0.610" /><testcase classname="backend.tests.test_iteration107_regression.TestPhotoToComicEndpoints" name="test_styles_endpoint" time="0.586" /><testcase classname="backend.tests.test_iteration107_regression.TestPhotoToComicEndpoints" name="test_pricing_endpoint" time="0.604" /><testcase classname="backend.tests.test_iteration107_regression.TestPhotoToComicEndpoints" name="test_history_endpoint" time="0.594" /><testcase classname="backend.tests.test_iteration107_regression.TestPhotoToComicEndpoints" name="test_diagnostic_endpoint" time="0.629" /><testcase classname="backend.tests.test_iteration107_regression.TestDashboardEndpoints" name="test_credits_balance" time="0.601" /><testcase classname="backend.tests.test_iteration107_regression.TestDashboardEndpoints" name="test_wallet_endpoint" time="0.607" /><testcase classname="backend.tests.test_iteration107_regression.TestDashboardEndpoints" name="test_generations_history" time="0.247"><error message="failed on setup with &quot;assert 429 == 200&#10; +  where 429 = &lt;Response [429]&gt;.status_code&quot;">backend/tests/test_iteration107_regression.py:191: in setup
    assert response.status_code == 200
E   assert 429 == 200
E    +  where 429 = &lt;Response [429]&gt;.status_code</error></testcase><testcase classname="backend.tests.test_iteration107_regression.TestNotificationSystem" name="test_get_notifications" time="0.248"><error message="failed on setup with &quot;assert 429 == 200&#10; +  where 429 = &lt;Response [429]&gt;.status_code&quot;">backend/tests/test_iteration107_regression.py:229: in setup
    assert response.status_code == 200
E   assert 429 == 200
E    +  where 429 = &lt;Response [429]&gt;.status_code</error></testcase><testcase classname="backend.tests.test_iteration107_regression.TestNotificationSystem" name="test_unread_count" time="0.268"><error message="failed on setup with &quot;assert 429 == 200&#10; +  where 429 = &lt;Response [429]&gt;.status_code&quot;">backend/tests/test_iteration107_regression.py:229: in setup
    assert response.status_code == 200
E   assert 429 == 200
E    +  where 429 = &lt;Response [429]&gt;.status_code</error></testcase><testcase classname="backend.tests.test_iteration107_regression.TestNotificationSystem" name="test_poll_endpoint_no_403" time="0.239"><error message="failed on setup with &quot;assert 429 == 200&#10; +  where 429 = &lt;Response [429]&gt;.status_code&quot;">backend/tests/test_iteration107_regression.py:229: in setup
    assert response.status_code == 200
E   assert 429 == 200
E    +  where 429 = &lt;Response [429]&gt;.status_code</error></testcase><testcase classname="backend.tests.test_iteration107_regression.TestNotificationSystem" name="test_mark_all_read_no_403" time="0.246"><error message="failed on setup with &quot;assert 429 == 200&#10; +  where 429 = &lt;Response [429]&gt;.status_code&quot;">backend/tests/test_iteration107_regression.py:229: in setup
    assert response.status_code == 200
E   assert 429 == 200
E    +  where 429 = &lt;Response [429]&gt;.status_code</error></testcase><testcase classname="backend.tests.test_iteration107_regression.TestCreditAndMonetizationSystem" name="test_credit_status" time="0.239"><error message="failed on setup with &quot;assert 429 == 200&#10; +  where 429 = &lt;Response [429]&gt;.status_code&quot;">backend/tests/test_iteration107_regression.py:274: in setup
    assert response.status_code == 200
E   assert 429 == 200
E    +  where 429 = &lt;Response [429]&gt;.status_code</error></testcase><testcase classname="backend.tests.test_iteration107_regression.TestCreditAndMonetizationSystem" name="test_daily_reward_status" time="0.241"><error message="failed on setup with &quot;assert 429 == 200&#10; +  where 429 = &lt;Response [429]&gt;.status_code&quot;">backend/tests/test_iteration107_regression.py:274: in setup
    assert response.status_code == 200
E   assert 429 == 200
E    +  where 429 = &lt;Response [429]&gt;.status_code</error></testcase><testcase classname="backend.tests.test_iteration107_regression.TestComicStorybookEndpoints" name="test_storybook_pricing" time="0.236"><error message="failed on setup with &quot;assert 429 == 200&#10; +  where 429 = &lt;Response [429]&gt;.status_code&quot;">backend/tests/test_iteration107_regression.py:302: in setup
    assert response.status_code == 200
E   assert 429 == 200
E    +  where 429 = &lt;Response [429]&gt;.status_code</error></testcase><testcase classname="backend.tests.test_iteration107_regression.TestProfileEndpoints" name="test_get_profile" time="0.242"><error message="failed on setup with &quot;assert 429 == 200&#10; +  where 429 = &lt;Response [429]&gt;.status_code&quot;">backend/tests/test_iteration107_regression.py:325: in setup
    assert response.status_code == 200
E   assert 429 == 200
E    +  where 429 = &lt;Response [429]&gt;.status_code</error></testcase></testsuite></testsuites>