<?xml version="1.0" encoding="utf-8"?><testsuites name="pytest tests"><testsuite name="pytest" errors="0" failures="5" skipped="0" tests="15" time="2.855" timestamp="2026-02-27T20:45:45.828837+00:00" hostname="agent-env-561fa248-971f-4da9-8913-dfb2b04420a6"><testcase classname="backend.tests.test_iteration101_features.TestAdminWorkerRoutes" name="test_worker_metrics_endpoint_requires_admin" time="0.619"><failure message="AssertionError: Expected 403 for non-admin, got 401&#10;assert 401 == 403&#10; +  where 401 = &lt;Response [401]&gt;.status_code">backend/tests/test_iteration101_features.py:47: in test_worker_metrics_endpoint_requires_admin
    assert response.status_code == 403, f"Expected 403 for non-admin, got {response.status_code}"
E   AssertionError: Expected 403 for non-admin, got 401
E   assert 401 == 403
E    +  where 401 = &lt;Response [401]&gt;.status_code</failure></testcase><testcase classname="backend.tests.test_iteration101_features.TestAdminWorkerRoutes" name="test_worker_metrics_endpoint_admin_access" time="0.532"><failure message="AssertionError: Expected 200 for admin, got 401&#10;assert 401 == 200&#10; +  where 401 = &lt;Response [401]&gt;.status_code">backend/tests/test_iteration101_features.py:56: in test_worker_metrics_endpoint_admin_access
    assert response.status_code == 200, f"Expected 200 for admin, got {response.status_code}"
E   AssertionError: Expected 200 for admin, got 401
E   assert 401 == 200
E    +  where 401 = &lt;Response [401]&gt;.status_code</failure></testcase><testcase classname="backend.tests.test_iteration101_features.TestAdminWorkerRoutes" name="test_load_balancer_status_requires_admin" time="0.529"><failure message="AssertionError: Expected 403 for non-admin, got 401&#10;assert 401 == 403&#10; +  where 401 = &lt;Response [401]&gt;.status_code">backend/tests/test_iteration101_features.py:69: in test_load_balancer_status_requires_admin
    assert response.status_code == 403, f"Expected 403 for non-admin, got {response.status_code}"
E   AssertionError: Expected 403 for non-admin, got 401
E   assert 401 == 403
E    +  where 401 = &lt;Response [401]&gt;.status_code</failure></testcase><testcase classname="backend.tests.test_iteration101_features.TestAdminWorkerRoutes" name="test_load_balancer_status_admin_access" time="0.457"><failure message="AssertionError: Expected 200 for admin, got 401&#10;assert 401 == 200&#10; +  where 401 = &lt;Response [401]&gt;.status_code">backend/tests/test_iteration101_features.py:78: in test_load_balancer_status_admin_access
    assert response.status_code == 200, f"Expected 200 for admin, got {response.status_code}"
E   AssertionError: Expected 200 for admin, got 401
E   assert 401 == 200
E    +  where 401 = &lt;Response [401]&gt;.status_code</failure></testcase><testcase classname="backend.tests.test_iteration101_features.TestHealthAndBasicEndpoints" name="test_health_endpoint" time="0.482" /><testcase classname="backend.tests.test_iteration101_features.TestHealthAndBasicEndpoints" name="test_comics_config_endpoint" time="0.128"><failure message="AssertionError: Comics config failed: 404&#10;assert 404 == 200&#10; +  where 404 = &lt;Response [404]&gt;.status_code">backend/tests/test_iteration101_features.py:110: in test_comics_config_endpoint
    assert response.status_code == 200, f"Comics config failed: {response.status_code}"
E   AssertionError: Comics config failed: 404
E   assert 404 == 200
E    +  where 404 = &lt;Response [404]&gt;.status_code</failure></testcase><testcase classname="backend.tests.test_iteration101_features.TestPageBackgrounds" name="test_comic_storybook_background" time="0.000" /><testcase classname="backend.tests.test_iteration101_features.TestPageBackgrounds" name="test_gif_maker_background" time="0.000" /><testcase classname="backend.tests.test_iteration101_features.TestPageBackgrounds" name="test_photo_to_comic_background" time="0.000" /><testcase classname="backend.tests.test_iteration101_features.TestWaitingWithGamesComponent" name="test_waiting_with_games_component_exists" time="0.000" /><testcase classname="backend.tests.test_iteration101_features.TestWaitingWithGamesComponent" name="test_waiting_with_games_imported_in_comic_storybook" time="0.000" /><testcase classname="backend.tests.test_iteration101_features.TestWaitingWithGamesComponent" name="test_waiting_with_games_imported_in_photo_to_comic" time="0.000" /><testcase classname="backend.tests.test_iteration101_features.TestEnhancedWorkerSystemCode" name="test_enhanced_worker_system_exists" time="0.000" /><testcase classname="backend.tests.test_iteration101_features.TestEnhancedWorkerSystemCode" name="test_admin_worker_routes_exists" time="0.000" /><testcase classname="backend.tests.test_iteration101_features.TestCSSVariables" name="test_css_unified_theme_variables" time="0.000" /></testsuite></testsuites>