<?xml version="1.0" encoding="utf-8"?><testsuites name="pytest tests"><testsuite name="pytest" errors="0" failures="0" skipped="0" tests="21" time="1.843" timestamp="2026-04-11T19:22:40.929445+00:00" hostname="agent-env-46d95153-5e49-4e7f-ac0c-d5b00c0bc0f7"><testcase classname="backend.tests.test_competition_pulse_phase2b.TestAPIHealth" name="test_api_health" time="0.340" /><testcase classname="backend.tests.test_competition_pulse_phase2b.TestBattleEndpoint" name="test_battle_endpoint_exists" time="0.064" /><testcase classname="backend.tests.test_competition_pulse_phase2b.TestBattleEndpoint" name="test_battle_endpoint_with_auth" time="0.350" /><testcase classname="backend.tests.test_competition_pulse_phase2b.TestBattleEndpoint" name="test_battle_response_structure" time="0.056" /><testcase classname="backend.tests.test_competition_pulse_phase2b.TestBattleEndpoint" name="test_battle_user_rank_calculation" time="0.057" /><testcase classname="backend.tests.test_competition_pulse_phase2b.TestBattleContenderFields" name="test_contender_battle_score" time="0.057" /><testcase classname="backend.tests.test_competition_pulse_phase2b.TestBattleContenderFields" name="test_contender_total_children" time="0.055" /><testcase classname="backend.tests.test_competition_pulse_phase2b.TestBattleContenderFields" name="test_contender_creator_name" time="0.056" /><testcase classname="backend.tests.test_competition_pulse_phase2b.TestBattleRanking" name="test_contenders_sorted_by_score" time="0.057" /><testcase classname="backend.tests.test_competition_pulse_phase2b.TestBattleRanking" name="test_contenders_have_rank" time="0.057" /><testcase classname="backend.tests.test_competition_pulse_phase2b.TestIncrementMetric" name="test_increment_views" time="0.056" /><testcase classname="backend.tests.test_competition_pulse_phase2b.TestIncrementMetric" name="test_increment_shares" time="0.055" /><testcase classname="backend.tests.test_competition_pulse_phase2b.TestIncrementMetric" name="test_invalid_metric_rejected" time="0.050" /><testcase classname="backend.tests.test_competition_pulse_phase2b.TestFunnelTracking" name="test_funnel_track_endpoint" time="0.055" /><testcase classname="backend.tests.test_competition_pulse_phase2b.TestFunnelTracking" name="test_style_remix_clicked_event" time="0.052" /><testcase classname="backend.tests.test_competition_pulse_phase2b.TestFunnelTracking" name="test_pulse_try_again_clicked_event" time="0.057" /><testcase classname="backend.tests.test_competition_pulse_phase2b.TestFunnelTracking" name="test_pulse_beat_top_clicked_event" time="0.053" /><testcase classname="backend.tests.test_competition_pulse_phase2b.TestContinuationEndpoints" name="test_continue_episode_endpoint_exists" time="0.055" /><testcase classname="backend.tests.test_competition_pulse_phase2b.TestContinuationEndpoints" name="test_continue_branch_endpoint_exists" time="0.055" /><testcase classname="backend.tests.test_competition_pulse_phase2b.TestDiscoverFeed" name="test_discover_feed_returns_stories" time="0.055" /><testcase classname="backend.tests.test_competition_pulse_phase2b.TestDiscoverFeed" name="test_trending_feed_returns_stories" time="0.054" /></testsuite></testsuites>