<?xml version="1.0" encoding="utf-8"?><testsuites name="pytest tests"><testsuite name="pytest" errors="0" failures="0" skipped="0" tests="11" time="4.383" timestamp="2026-03-26T14:54:20.115894+00:00" hostname="agent-env-46d95153-5e49-4e7f-ac0c-d5b00c0bc0f7"><testcase classname="backend.tests.test_dashboard_story_feed_iteration338.TestStoryFeedAPI" name="test_story_feed_returns_200" time="1.324" /><testcase classname="backend.tests.test_dashboard_story_feed_iteration338.TestStoryFeedAPI" name="test_story_feed_has_hero_section" time="0.165" /><testcase classname="backend.tests.test_dashboard_story_feed_iteration338.TestStoryFeedAPI" name="test_story_feed_has_trending_stories" time="0.125" /><testcase classname="backend.tests.test_dashboard_story_feed_iteration338.TestStoryFeedAPI" name="test_story_feed_has_characters" time="0.169" /><testcase classname="backend.tests.test_dashboard_story_feed_iteration338.TestStoryFeedAPI" name="test_story_feed_has_live_stats" time="0.195" /><testcase classname="backend.tests.test_dashboard_story_feed_iteration338.TestStoryFeedAPI" name="test_trending_stories_have_thumbnails" time="0.160" /><testcase classname="backend.tests.test_dashboard_story_feed_iteration338.TestStoryFeedAPI" name="test_trending_returns_up_to_12_stories" time="0.136" /><testcase classname="backend.tests.test_dashboard_story_feed_iteration338.TestEngagementDashboardAPI" name="test_engagement_dashboard_authenticated" time="0.451" /><testcase classname="backend.tests.test_dashboard_story_feed_iteration338.TestEngagementDashboardAPI" name="test_engagement_dashboard_has_daily_challenge" time="0.502" /><testcase classname="backend.tests.test_dashboard_story_feed_iteration338.TestEngagementDashboardAPI" name="test_engagement_dashboard_has_streak" time="0.531" /><testcase classname="backend.tests.test_dashboard_story_feed_iteration338.TestCreditsAPI" name="test_credits_balance" time="0.503" /></testsuite></testsuites>