<?xml version="1.0" encoding="utf-8"?><testsuites name="pytest tests"><testsuite name="pytest" errors="0" failures="0" skipped="0" tests="26" time="78.177" timestamp="2026-04-07T19:31:43.575611+00:00" hostname="agent-env-46d95153-5e49-4e7f-ac0c-d5b00c0bc0f7"><testcase classname="backend.tests.test_load_guard_iteration458.TestLoadGuardStatus" name="test_load_guard_status_returns_full_status" time="2.082" /><testcase classname="backend.tests.test_load_guard_iteration458.TestLoadGuardStatus" name="test_load_guard_status_requires_admin" time="0.482" /><testcase classname="backend.tests.test_load_guard_iteration458.TestLoadGuardControl" name="test_set_mode_to_critical" time="0.808" /><testcase classname="backend.tests.test_load_guard_iteration458.TestLoadGuardControl" name="test_set_mode_to_stressed" time="0.752" /><testcase classname="backend.tests.test_load_guard_iteration458.TestLoadGuardControl" name="test_set_mode_to_severe" time="0.761" /><testcase classname="backend.tests.test_load_guard_iteration458.TestLoadGuardControl" name="test_set_mode_to_null_resets_to_normal" time="0.253" /><testcase classname="backend.tests.test_load_guard_iteration458.TestLoadGuardControl" name="test_set_mode_invalid_returns_400" time="0.144" /><testcase classname="backend.tests.test_load_guard_iteration458.TestLoadGuardControl" name="test_set_auto_toggle" time="0.224" /><testcase classname="backend.tests.test_load_guard_iteration458.TestLoadGuardControl" name="test_set_bypass_toggle" time="0.267" /><testcase classname="backend.tests.test_load_guard_iteration458.TestLoadGuardControl" name="test_invalid_action_returns_400" time="0.116" /><testcase classname="backend.tests.test_load_guard_iteration458.TestLoadGuardControl" name="test_control_requires_admin" time="0.124" /><testcase classname="backend.tests.test_load_guard_iteration458.TestLoadGuardDecisions" name="test_decisions_endpoint_returns_history" time="0.111" /><testcase classname="backend.tests.test_load_guard_iteration458.TestLoadGuardDecisions" name="test_decisions_accepts_limit_param" time="0.116" /><testcase classname="backend.tests.test_load_guard_iteration458.TestLoadGuardDecisions" name="test_decisions_requires_admin" time="0.131" /><testcase classname="backend.tests.test_load_guard_iteration458.TestGuardMode429Responses" name="test_critical_mode_blocks_free_user_pipeline_create" time="1.414" /><testcase classname="backend.tests.test_load_guard_iteration458.TestGuardMode429Responses" name="test_stressed_mode_blocks_free_user_heavy_job" time="1.362" /><testcase classname="backend.tests.test_load_guard_iteration458.TestGuardMode429Responses" name="test_severe_mode_blocks_free_user" time="1.345" /><testcase classname="backend.tests.test_load_guard_iteration458.TestGuardMode429Responses" name="test_normal_mode_does_not_block_by_guard" time="1.388" /><testcase classname="backend.tests.test_load_guard_iteration458.TestBackwardCompatibility" name="test_system_health_overview_still_works" time="62.770" /><testcase classname="backend.tests.test_load_guard_iteration458.TestBackwardCompatibility" name="test_guardrail_state_still_works" time="0.157" /><testcase classname="backend.tests.test_load_guard_iteration458.TestAuditLog" name="test_audit_log_records_set_mode_action" time="0.881" /><testcase classname="backend.tests.test_load_guard_iteration458.TestAuditLog" name="test_audit_log_records_set_auto_action" time="0.346" /><testcase classname="backend.tests.test_load_guard_iteration458.TestAuditLog" name="test_audit_log_records_set_bypass_action" time="0.382" /><testcase classname="backend.tests.test_load_guard_iteration458.TestPerQueueStatus" name="test_per_queue_has_all_queue_types" time="0.119" /><testcase classname="backend.tests.test_load_guard_iteration458.TestPerQueueStatus" name="test_per_queue_has_required_fields" time="0.121" /><testcase classname="backend.tests.test_load_guard_iteration458.TestComicStorybookAdmission" name="test_critical_mode_blocks_comic_storybook" time="1.392" /></testsuite></testsuites>