<?xml version="1.0" encoding="utf-8"?><testsuites name="pytest tests"><testsuite name="pytest" errors="0" failures="0" skipped="0" tests="13" time="6.834" timestamp="2026-04-14T14:20:35.993477+00:00" hostname="agent-env-46d95153-5e49-4e7f-ac0c-d5b00c0bc0f7"><testcase classname="backend.tests.test_smoke_s1_s20.TestAuthSmoke" name="test_s1_login_test_user_success" time="1.592" /><testcase classname="backend.tests.test_smoke_s1_s20.TestAuthSmoke" name="test_s18_admin_login_and_role" time="0.354" /><testcase classname="backend.tests.test_smoke_s1_s20.TestDraftAPIs" name="test_s6_draft_save_api" time="0.503" /><testcase classname="backend.tests.test_smoke_s1_s20.TestDraftAPIs" name="test_s7_resume_draft" time="0.640" /><testcase classname="backend.tests.test_smoke_s1_s20.TestDraftAPIs" name="test_s8_start_fresh_discard" time="0.594" /><testcase classname="backend.tests.test_smoke_s1_s20.TestDraftAPIs" name="test_s9_draft_idea_generation" time="0.454" /><testcase classname="backend.tests.test_smoke_s1_s20.TestDashboardAPIs" name="test_s12_dashboard_init" time="0.526" /><testcase classname="backend.tests.test_smoke_s1_s20.TestCreditsAPIs" name="test_s16_credits_balance_test_user" time="0.507" /><testcase classname="backend.tests.test_smoke_s1_s20.TestCreditsAPIs" name="test_s17_admin_unlimited_credits" time="0.483" /><testcase classname="backend.tests.test_smoke_s1_s20.TestPublicEndpoints" name="test_landing_page_loads" time="0.216" /><testcase classname="backend.tests.test_smoke_s1_s20.TestPublicEndpoints" name="test_logout_clears_session" time="0.635" /><testcase classname="backend.tests.test_smoke_s1_s20.TestProtectedRoutes" name="test_protected_route_requires_auth" time="0.121" /><testcase classname="backend.tests.test_smoke_s1_s20.TestProtectedRoutes" name="test_dashboard_init_requires_auth" time="0.107" /></testsuite></testsuites>