<?xml version="1.0" encoding="utf-8"?><testsuites name="pytest tests"><testsuite name="pytest" errors="0" failures="12" skipped="0" tests="20" time="4.176" timestamp="2026-02-18T18:24:14.115531+00:00" hostname="agent-env-58e564af-5449-4eac-87ec-53d81b13eb15"><testcase classname="backend.tests.test_cashfree_payments.TestCashfreeHealthAndProducts" name="test_cashfree_health_check" time="0.298" /><testcase classname="backend.tests.test_cashfree_payments.TestCashfreeHealthAndProducts" name="test_get_all_products" time="0.070" /><testcase classname="backend.tests.test_cashfree_payments.TestSubscriptionOrderCreation" name="test_create_weekly_subscription_order" time="0.428"><failure message="assert 520 == 200&#10; +  where 520 = &lt;Response [520]&gt;.status_code">backend/tests/test_cashfree_payments.py:118: in test_create_weekly_subscription_order
    assert response.status_code == 200
E   assert 520 == 200
E    +  where 520 = &lt;Response [520]&gt;.status_code</failure></testcase><testcase classname="backend.tests.test_cashfree_payments.TestSubscriptionOrderCreation" name="test_create_monthly_subscription_order" time="0.081"><failure message="assert 520 == 200&#10; +  where 520 = &lt;Response [520]&gt;.status_code">backend/tests/test_cashfree_payments.py:136: in test_create_monthly_subscription_order
    assert response.status_code == 200
E   assert 520 == 200
E    +  where 520 = &lt;Response [520]&gt;.status_code</failure></testcase><testcase classname="backend.tests.test_cashfree_payments.TestSubscriptionOrderCreation" name="test_create_quarterly_subscription_order" time="0.087"><failure message="assert 520 == 200&#10; +  where 520 = &lt;Response [520]&gt;.status_code">backend/tests/test_cashfree_payments.py:153: in test_create_quarterly_subscription_order
    assert response.status_code == 200
E   assert 520 == 200
E    +  where 520 = &lt;Response [520]&gt;.status_code</failure></testcase><testcase classname="backend.tests.test_cashfree_payments.TestSubscriptionOrderCreation" name="test_create_yearly_subscription_order" time="0.115"><failure message="assert 520 == 200&#10; +  where 520 = &lt;Response [520]&gt;.status_code">backend/tests/test_cashfree_payments.py:170: in test_create_yearly_subscription_order
    assert response.status_code == 200
E   assert 520 == 200
E    +  where 520 = &lt;Response [520]&gt;.status_code</failure></testcase><testcase classname="backend.tests.test_cashfree_payments.TestCreditPackOrderCreation" name="test_create_starter_pack_order" time="0.101"><failure message="assert 520 == 200&#10; +  where 520 = &lt;Response [520]&gt;.status_code">backend/tests/test_cashfree_payments.py:191: in test_create_starter_pack_order
    assert response.status_code == 200
E   assert 520 == 200
E    +  where 520 = &lt;Response [520]&gt;.status_code</failure></testcase><testcase classname="backend.tests.test_cashfree_payments.TestCreditPackOrderCreation" name="test_create_creator_pack_order" time="0.208"><failure message="assert 429 == 200&#10; +  where 429 = &lt;Response [429]&gt;.status_code">backend/tests/test_cashfree_payments.py:208: in test_create_creator_pack_order
    assert response.status_code == 200
E   assert 429 == 200
E    +  where 429 = &lt;Response [429]&gt;.status_code</failure></testcase><testcase classname="backend.tests.test_cashfree_payments.TestCreditPackOrderCreation" name="test_create_pro_pack_order" time="0.068"><failure message="assert 429 == 200&#10; +  where 429 = &lt;Response [429]&gt;.status_code">backend/tests/test_cashfree_payments.py:225: in test_create_pro_pack_order
    assert response.status_code == 200
E   assert 429 == 200
E    +  where 429 = &lt;Response [429]&gt;.status_code</failure></testcase><testcase classname="backend.tests.test_cashfree_payments.TestInvalidProductHandling" name="test_invalid_product_id" time="0.106"><failure message="assert 429 == 400&#10; +  where 429 = &lt;Response [429]&gt;.status_code">backend/tests/test_cashfree_payments.py:246: in test_invalid_product_id
    assert response.status_code == 400
E   assert 429 == 400
E    +  where 429 = &lt;Response [429]&gt;.status_code</failure></testcase><testcase classname="backend.tests.test_cashfree_payments.TestInvalidProductHandling" name="test_empty_product_id" time="0.095"><failure message="assert 429 == 400&#10; +  where 429 = &lt;Response [429]&gt;.status_code">backend/tests/test_cashfree_payments.py:259: in test_empty_product_id
    assert response.status_code == 400
E   assert 429 == 400
E    +  where 429 = &lt;Response [429]&gt;.status_code</failure></testcase><testcase classname="backend.tests.test_cashfree_payments.TestPaymentVerification" name="test_verify_nonexistent_order" time="0.096" /><testcase classname="backend.tests.test_cashfree_payments.TestPaymentVerification" name="test_verify_pending_order" time="0.070"><failure message="assert 429 == 200&#10; +  where 429 = &lt;Response [429]&gt;.status_code">backend/tests/test_cashfree_payments.py:286: in test_verify_pending_order
    assert create_response.status_code == 200
E   assert 429 == 200
E    +  where 429 = &lt;Response [429]&gt;.status_code</failure></testcase><testcase classname="backend.tests.test_cashfree_payments.TestIdempotencyCheck" name="test_double_verification_prevention" time="0.109"><failure message="assert 429 == 200&#10; +  where 429 = &lt;Response [429]&gt;.status_code">backend/tests/test_cashfree_payments.py:312: in test_double_verification_prevention
    assert create_response.status_code == 200
E   assert 429 == 200
E    +  where 429 = &lt;Response [429]&gt;.status_code</failure></testcase><testcase classname="backend.tests.test_cashfree_payments.TestRateLimiting" name="test_rate_limiting_on_create_order" time="1.196" /><testcase classname="backend.tests.test_cashfree_payments.TestWebhookEndpoint" name="test_webhook_endpoint_exists" time="0.106" /><testcase classname="backend.tests.test_cashfree_payments.TestWebhookEndpoint" name="test_webhook_payment_success_event" time="0.071" /><testcase classname="backend.tests.test_cashfree_payments.TestAuthenticationRequired" name="test_create_order_requires_auth" time="0.096" /><testcase classname="backend.tests.test_cashfree_payments.TestAuthenticationRequired" name="test_verify_requires_auth" time="0.070" /><testcase classname="backend.tests.test_cashfree_payments.TestAdminUserPayments" name="test_admin_can_create_order" time="0.547"><failure message="assert 429 == 200&#10; +  where 429 = &lt;Response [429]&gt;.status_code">backend/tests/test_cashfree_payments.py:452: in test_admin_can_create_order
    assert response.status_code == 200
E   assert 429 == 200
E    +  where 429 = &lt;Response [429]&gt;.status_code</failure></testcase></testsuite></testsuites>