<?xml version="1.0" encoding="utf-8"?><testsuites name="pytest tests"><testsuite name="pytest" errors="0" failures="0" skipped="0" tests="19" time="2.747" timestamp="2026-04-06T08:54:21.730913+00:00" hostname="agent-env-46d95153-5e49-4e7f-ac0c-d5b00c0bc0f7"><testcase classname="backend.tests.test_growth_engine_iteration442.TestGrowthAnalyticsEvents" name="test_share_viewed_event" time="0.333" /><testcase classname="backend.tests.test_growth_engine_iteration442.TestGrowthAnalyticsEvents" name="test_cta_clicked_event" time="0.152" /><testcase classname="backend.tests.test_growth_engine_iteration442.TestGrowthAnalyticsEvents" name="test_remix_clicked_event" time="0.132" /><testcase classname="backend.tests.test_growth_engine_iteration442.TestGrowthAnalyticsEvents" name="test_whatsapp_shared_event" time="0.101" /><testcase classname="backend.tests.test_growth_engine_iteration442.TestGrowthAnalyticsEvents" name="test_download_triggered_event" time="0.134" /><testcase classname="backend.tests.test_growth_engine_iteration442.TestGrowthAnalyticsEvents" name="test_referral_link_copied_event" time="0.098" /><testcase classname="backend.tests.test_growth_engine_iteration442.TestGrowthAnalyticsEvents" name="test_first_video_created_event" time="0.138" /><testcase classname="backend.tests.test_growth_engine_iteration442.TestGrowthAnalyticsEvents" name="test_invalid_event_rejected" time="0.104" /><testcase classname="backend.tests.test_growth_engine_iteration442.TestReferralSystem" name="test_get_referral_code" time="0.457" /><testcase classname="backend.tests.test_growth_engine_iteration442.TestReferralSystem" name="test_get_referral_stats" time="0.111" /><testcase classname="backend.tests.test_growth_engine_iteration442.TestReferralSystem" name="test_validate_referral_code_invalid" time="0.096" /><testcase classname="backend.tests.test_growth_engine_iteration442.TestReferralSystem" name="test_validate_referral_code_valid" time="0.215" /><testcase classname="backend.tests.test_growth_engine_iteration442.TestReferralSystem" name="test_referral_code_unauthenticated" time="0.134" /><testcase classname="backend.tests.test_growth_engine_iteration442.TestSharePageAPI" name="test_share_page_data" time="0.105" /><testcase classname="backend.tests.test_growth_engine_iteration442.TestSharePageAPI" name="test_share_page_invalid_id" time="0.122" /><testcase classname="backend.tests.test_growth_engine_iteration442.TestMySpaceCreateAnother" name="test_user_jobs_endpoint" time="0.207" /><testcase classname="backend.tests.test_growth_engine_iteration442.TestWatermarkFunctionCodeReview" name="test_watermark_function_exists" time="0.000" /><testcase classname="backend.tests.test_growth_engine_iteration442.TestWatermarkFunctionCodeReview" name="test_watermark_called_in_pipeline" time="0.001" /><testcase classname="backend.tests.test_growth_engine_iteration442.TestGrowthAnalyticsValidEvents" name="test_valid_events_list" time="0.000" /></testsuite></testsuites>