<?xml version="1.0" encoding="utf-8"?><testsuites name="pytest tests"><testsuite name="pytest" errors="0" failures="0" skipped="0" tests="21" time="2.811" timestamp="2026-03-25T15:33:43.595110+00:00" hostname="agent-env-46d95153-5e49-4e7f-ac0c-d5b00c0bc0f7"><testcase classname="backend.tests.test_ux_audit_phase3_iteration327.TestPublicCharacterAPI" name="test_public_character_endpoint_returns_data" time="0.756" /><testcase classname="backend.tests.test_ux_audit_phase3_iteration327.TestPublicCharacterAPI" name="test_public_character_has_social_proof" time="0.065" /><testcase classname="backend.tests.test_ux_audit_phase3_iteration327.TestPublicCharacterAPI" name="test_public_character_has_remix_data" time="0.067" /><testcase classname="backend.tests.test_ux_audit_phase3_iteration327.TestPublicCharacterAPI" name="test_public_character_has_visual_bible" time="0.062" /><testcase classname="backend.tests.test_ux_audit_phase3_iteration327.TestCharacterStoriesFeed" name="test_character_stories_endpoint" time="0.062" /><testcase classname="backend.tests.test_ux_audit_phase3_iteration327.TestCharacterStoriesFeed" name="test_character_stories_has_required_fields" time="0.059" /><testcase classname="backend.tests.test_ux_audit_phase3_iteration327.TestFollowSystem" name="test_check_following_status" time="0.354" /><testcase classname="backend.tests.test_ux_audit_phase3_iteration327.TestFollowSystem" name="test_follow_toggle_works" time="0.163" /><testcase classname="backend.tests.test_ux_audit_phase3_iteration327.TestFollowSystem" name="test_follow_requires_auth" time="0.156" /><testcase classname="backend.tests.test_ux_audit_phase3_iteration327.TestNotificationsAPI" name="test_get_notifications" time="0.058" /><testcase classname="backend.tests.test_ux_audit_phase3_iteration327.TestNotificationsAPI" name="test_notifications_have_required_fields" time="0.057" /><testcase classname="backend.tests.test_ux_audit_phase3_iteration327.TestNotificationsAPI" name="test_mark_notifications_read" time="0.066" /><testcase classname="backend.tests.test_ux_audit_phase3_iteration327.TestNotificationsAPI" name="test_notifications_requires_auth" time="0.228" /><testcase classname="backend.tests.test_ux_audit_phase3_iteration327.TestRankingsAPI" name="test_rankings_endpoint" time="0.059" /><testcase classname="backend.tests.test_ux_audit_phase3_iteration327.TestRankingsAPI" name="test_rankings_top_stories_structure" time="0.062" /><testcase classname="backend.tests.test_ux_audit_phase3_iteration327.TestRankingsAPI" name="test_rankings_top_characters_structure" time="0.059" /><testcase classname="backend.tests.test_ux_audit_phase3_iteration327.TestSeriesTimelineAPI" name="test_series_episodes_endpoint_handles_invalid" time="0.054" /><testcase classname="backend.tests.test_ux_audit_phase3_iteration327.TestSeriesTimelineAPI" name="test_series_continue_endpoint_handles_invalid" time="0.050" /><testcase classname="backend.tests.test_ux_audit_phase3_iteration327.TestMyFollows" name="test_my_follows_endpoint" time="0.055" /><testcase classname="backend.tests.test_ux_audit_phase3_iteration327.TestMyFollows" name="test_my_follows_requires_auth" time="0.164" /><testcase classname="backend.tests.test_ux_audit_phase3_iteration327.TestHealthCheck" name="test_api_health" time="0.055" /></testsuite></testsuites>