<?xml version="1.0" encoding="utf-8"?><testsuites name="pytest tests"><testsuite name="pytest" errors="3" failures="0" skipped="0" tests="9" time="157.842" timestamp="2026-02-27T08:42:37.896487+00:00" hostname="agent-env-d5c1d990-12ee-41f8-aa9e-33e2c13a22bd"><testcase classname="backend.tests.test_comic_storybook_v2_iteration89.TestComicStorybookV2Genres" name="test_get_genres_returns_8_genres" time="0.507" /><testcase classname="backend.tests.test_comic_storybook_v2_iteration89.TestComicStorybookV2Pricing" name="test_get_pricing_structure" time="0.390" /><testcase classname="backend.tests.test_comic_storybook_v2_iteration89.TestComicStorybookV2BlockedKeywords" name="test_blocked_keyword_batman" time="0.404" /><testcase classname="backend.tests.test_comic_storybook_v2_iteration89.TestComicStorybookV2BlockedKeywords" name="test_blocked_keyword_spiderman" time="0.386" /><testcase classname="backend.tests.test_comic_storybook_v2_iteration89.TestComicStorybookV2BlockedKeywords" name="test_blocked_keyword_in_title" time="0.374" /><testcase classname="backend.tests.test_comic_storybook_v2_iteration89.TestComicStorybookV2BlockedKeywords" name="test_clean_content_accepted" time="8.112" /><testcase classname="backend.tests.test_comic_storybook_v2_iteration89.TestComicStorybookV2Preview" name="test_preview_endpoint_exists" time="60.152"><error message="failed on setup with &quot;AssertionError: Login failed: The preview environment is not responding. It may be starting up.&#10;  &#10;assert 502 == 200&#10; +  where 502 = &lt;Response [502]&gt;.status_code&quot;">backend/tests/test_comic_storybook_v2_iteration89.py:189: in setup
    assert response.status_code == 200, f"Login failed: {response.text}"
E   AssertionError: Login failed: The preview environment is not responding. It may be starting up.
E     
E   assert 502 == 200
E    +  where 502 = &lt;Response [502]&gt;.status_code</error></testcase><testcase classname="backend.tests.test_comic_storybook_v2_iteration89.TestComicStorybookV2GenreValidation" name="test_all_8_genres_accepted" time="60.208"><error message="failed on setup with &quot;AssertionError: Login failed: The preview environment is not responding. It may be starting up.&#10;  &#10;assert 502 == 200&#10; +  where 502 = &lt;Response [502]&gt;.status_code&quot;">backend/tests/test_comic_storybook_v2_iteration89.py:221: in setup
    assert response.status_code == 200, f"Login failed: {response.text}"
E   AssertionError: Login failed: The preview environment is not responding. It may be starting up.
E     
E   assert 502 == 200
E    +  where 502 = &lt;Response [502]&gt;.status_code</error></testcase><testcase classname="backend.tests.test_comic_storybook_v2_iteration89.TestComicStorybookV2PageCountValidation" name="test_valid_page_counts" time="27.220"><error message="failed on setup with &quot;AssertionError: Login failed: upstream connect error or disconnect/reset before headers. reset reason: connection termination&#10;assert 503 == 200&#10; +  where 503 = &lt;Response [503]&gt;.status_code&quot;">backend/tests/test_comic_storybook_v2_iteration89.py:254: in setup
    assert response.status_code == 200, f"Login failed: {response.text}"
E   AssertionError: Login failed: upstream connect error or disconnect/reset before headers. reset reason: connection termination
E   assert 503 == 200
E    +  where 503 = &lt;Response [503]&gt;.status_code</error></testcase></testsuite></testsuites>