<?xml version="1.0" encoding="utf-8"?><testsuites name="pytest tests"><testsuite name="pytest" errors="0" failures="0" skipped="0" tests="24" time="4.377" timestamp="2026-02-21T18:20:04.881123+00:00" hostname="agent-env-51d15732-14e3-4ea6-a8e0-b8dfd344c6fe"><testcase classname="backend.tests.test_final_qa_verification_53.TestCreatorToolsCalendar" name="test_calendar_endpoint_exists" time="0.642" /><testcase classname="backend.tests.test_final_qa_verification_53.TestCreatorToolsCalendar" name="test_calendar_generates_30_days" time="0.059" /><testcase classname="backend.tests.test_final_qa_verification_53.TestCreatorToolsCalendar" name="test_calendar_niche_dropdown_values" time="0.344" /><testcase classname="backend.tests.test_final_qa_verification_53.TestCreatorToolsCalendar" name="test_calendar_days_dropdown_values" time="0.225" /><testcase classname="backend.tests.test_final_qa_verification_53.TestCreatorToolsCarousel" name="test_carousel_endpoint_exists" time="0.065" /><testcase classname="backend.tests.test_final_qa_verification_53.TestCreatorToolsCarousel" name="test_carousel_with_topic_input" time="0.056" /><testcase classname="backend.tests.test_final_qa_verification_53.TestCreatorToolsCarousel" name="test_carousel_slides_dropdown" time="0.422" /><testcase classname="backend.tests.test_final_qa_verification_53.TestCreatorToolsHashtags" name="test_hashtags_endpoint_exists" time="0.062" /><testcase classname="backend.tests.test_final_qa_verification_53.TestCreatorToolsHashtags" name="test_hashtags_returns_10_plus" time="0.058" /><testcase classname="backend.tests.test_final_qa_verification_53.TestCreatorToolsHashtags" name="test_hashtags_is_free" time="0.187" /><testcase classname="backend.tests.test_final_qa_verification_53.TestCreatorToolsHashtags" name="test_hashtags_all_niches" time="0.635" /><testcase classname="backend.tests.test_final_qa_verification_53.TestCreatorToolsThumbnails" name="test_thumbnails_endpoint_exists" time="0.071" /><testcase classname="backend.tests.test_final_qa_verification_53.TestCreatorToolsThumbnails" name="test_thumbnails_returns_3_plus_ideas" time="0.068" /><testcase classname="backend.tests.test_final_qa_verification_53.TestCreatorToolsTrending" name="test_trending_loads_in_ui" time="0.000" /><testcase classname="backend.tests.test_final_qa_verification_53.TestCreatorToolsTrending" name="test_niches_endpoint_exists" time="0.056" /><testcase classname="backend.tests.test_final_qa_verification_53.TestCreatorToolsConvert" name="test_convert_is_ui_based" time="0.000" /><testcase classname="backend.tests.test_final_qa_verification_53.TestCashfreeProduction" name="test_cashfree_health_production" time="0.082" /><testcase classname="backend.tests.test_final_qa_verification_53.TestCashfreeProduction" name="test_cashfree_order_returns_cf_order_prefix" time="0.467" /><testcase classname="backend.tests.test_final_qa_verification_53.TestCashfreeProduction" name="test_cashfree_payment_session_id_for_checkout" time="0.366" /><testcase classname="backend.tests.test_final_qa_verification_53.TestCashfreeWebhookSignature" name="test_webhook_rejects_invalid_signature" time="0.118" /><testcase classname="backend.tests.test_final_qa_verification_53.TestCashfreeWebhookSignature" name="test_webhook_without_signature_fails" time="0.104" /><testcase classname="backend.tests.test_final_qa_verification_53.TestCashfreeSubscriptionPlans" name="test_all_subscription_plans_exist" time="0.056" /><testcase classname="backend.tests.test_final_qa_verification_53.TestCashfreeCreditPacks" name="test_all_credit_packs_exist" time="0.072" /><testcase classname="backend.tests.test_final_qa_verification_53.TestTotalProductsCount" name="test_total_products_is_7" time="0.072" /></testsuite></testsuites>