<?xml version="1.0" encoding="utf-8"?><testsuites name="pytest tests"><testsuite name="pytest" errors="0" failures="2" skipped="0" tests="13" time="2.155" timestamp="2026-03-16T05:42:16.005111+00:00" hostname="agent-env-16a8deb7-6012-486d-9af9-9c6aa23a840d"><testcase classname="backend.tests.test_cross_origin_isolation_headers.TestCrossOriginIsolationHeaders" name="test_frontend_html_has_coop_header" time="0.183" /><testcase classname="backend.tests.test_cross_origin_isolation_headers.TestCrossOriginIsolationHeaders" name="test_frontend_html_has_coep_header" time="0.136" /><testcase classname="backend.tests.test_cross_origin_isolation_headers.TestCrossOriginIsolationHeaders" name="test_backend_api_has_coop_header" time="0.148" /><testcase classname="backend.tests.test_cross_origin_isolation_headers.TestCrossOriginIsolationHeaders" name="test_backend_api_has_coep_header" time="0.129" /><testcase classname="backend.tests.test_cross_origin_isolation_headers.TestCrossOriginIsolationHeaders" name="test_csp_includes_blob_in_script_src" time="0.150" /><testcase classname="backend.tests.test_cross_origin_isolation_headers.TestCrossOriginIsolationHeaders" name="test_csp_includes_worker_src" time="0.128" /><testcase classname="backend.tests.test_cross_origin_isolation_headers.TestSecurityHeadersComprehensive" name="test_x_content_type_options" time="0.132" /><testcase classname="backend.tests.test_cross_origin_isolation_headers.TestSecurityHeadersComprehensive" name="test_x_frame_options" time="0.151" /><testcase classname="backend.tests.test_cross_origin_isolation_headers.TestSecurityHeadersComprehensive" name="test_strict_transport_security" time="0.124" /><testcase classname="backend.tests.test_cross_origin_isolation_headers.TestSecurityHeadersComprehensive" name="test_referrer_policy" time="0.152" /><testcase classname="backend.tests.test_cross_origin_isolation_headers.TestSecurityHeadersComprehensive" name="test_cross_origin_resource_policy" time="0.124" /><testcase classname="backend.tests.test_cross_origin_isolation_headers.TestPipelinePreviewEndpoint" name="test_preview_endpoint_for_completed_job" time="0.363"><failure message="AssertionError: Response missing status&#10;assert 'status' in {'preview': {'animation_style': 'cartoon_2d', 'fallback_video_url': None, 'final_video_url': None, 'job_id': 'a67ff269-1ba5-41d4-a827-9c97cff4d00d', ...}, 'success': True}">backend/tests/test_cross_origin_isolation_headers.py:144: in test_preview_endpoint_for_completed_job
    assert 'status' in data, "Response missing status"
E   AssertionError: Response missing status
E   assert 'status' in {'preview': {'animation_style': 'cartoon_2d', 'fallback_video_url': None, 'final_video_url': None, 'job_id': 'a67ff269-1ba5-41d4-a827-9c97cff4d00d', ...}, 'success': True}</failure></testcase><testcase classname="backend.tests.test_cross_origin_isolation_headers.TestPipelinePreviewEndpoint" name="test_status_endpoint_for_completed_job" time="0.138"><failure message="Failed: Unexpected status code: 401">backend/tests/test_cross_origin_isolation_headers.py:172: in test_status_endpoint_for_completed_job
    pytest.fail(f"Unexpected status code: {response.status_code}")
E   Failed: Unexpected status code: 401</failure></testcase></testsuite></testsuites>