<?xml version="1.0" encoding="utf-8"?><testsuites name="pytest tests"><testsuite name="pytest" errors="0" failures="1" skipped="0" tests="21" time="4.184" timestamp="2026-03-14T10:33:27.352810+00:00" hostname="agent-env-173f6905-79d5-4117-982a-54b0b63608ee"><testcase classname="backend.tests.test_remix_analytics_iteration162.TestRemixVariationsEndpoints" name="test_story_video_studio_variations" time="0.836" /><testcase classname="backend.tests.test_remix_analytics_iteration162.TestRemixVariationsEndpoints" name="test_reels_variations" time="0.107" /><testcase classname="backend.tests.test_remix_analytics_iteration162.TestRemixVariationsEndpoints" name="test_photo_to_comic_variations" time="0.104" /><testcase classname="backend.tests.test_remix_analytics_iteration162.TestRemixVariationsEndpoints" name="test_gif_maker_variations" time="0.109" /><testcase classname="backend.tests.test_remix_analytics_iteration162.TestRemixVariationsEndpoints" name="test_stories_variations" time="0.103" /><testcase classname="backend.tests.test_remix_analytics_iteration162.TestRemixVariationsEndpoints" name="test_bedtime_story_builder_variations" time="0.106" /><testcase classname="backend.tests.test_remix_analytics_iteration162.TestRemixVariationsEndpoints" name="test_comic_storybook_variations" time="0.110" /><testcase classname="backend.tests.test_remix_analytics_iteration162.TestRemixVariationsEndpoints" name="test_unknown_tool_returns_empty" time="0.113" /><testcase classname="backend.tests.test_remix_analytics_iteration162.TestRemixTracking" name="test_track_remix_event" time="0.460" /><testcase classname="backend.tests.test_remix_analytics_iteration162.TestRemixTracking" name="test_track_remix_requires_auth" time="0.103" /><testcase classname="backend.tests.test_remix_analytics_iteration162.TestRemixTracking" name="test_get_remix_stats_user" time="0.103" /><testcase classname="backend.tests.test_remix_analytics_iteration162.TestRemixTracking" name="test_get_remix_stats_admin" time="0.474" /><testcase classname="backend.tests.test_remix_analytics_iteration162.TestEngagementAnalytics" name="test_track_cta_click" time="0.118" /><testcase classname="backend.tests.test_remix_analytics_iteration162.TestEngagementAnalytics" name="test_track_template_usage" time="0.110" /><testcase classname="backend.tests.test_remix_analytics_iteration162.TestEngagementAnalytics" name="test_engagement_report_admin" time="0.119" /><testcase classname="backend.tests.test_remix_analytics_iteration162.TestEngagementAnalytics" name="test_engagement_report_requires_admin" time="0.132" /><testcase classname="backend.tests.test_remix_analytics_iteration162.TestPipelineWorkerStatus" name="test_worker_status" time="0.111" /><testcase classname="backend.tests.test_remix_analytics_iteration162.TestRegressionBasicEndpoints" name="test_health_endpoint" time="0.105" /><testcase classname="backend.tests.test_remix_analytics_iteration162.TestRegressionBasicEndpoints" name="test_login_flow" time="0.375" /><testcase classname="backend.tests.test_remix_analytics_iteration162.TestRegressionBasicEndpoints" name="test_user_profile" time="0.122"><failure message="assert 404 == 200&#10; +  where 404 = &lt;Response [404]&gt;.status_code">backend/tests/test_remix_analytics_iteration162.py:324: in test_user_profile
    assert response.status_code == 200
E   assert 404 == 200
E    +  where 404 = &lt;Response [404]&gt;.status_code</failure></testcase><testcase classname="backend.tests.test_remix_analytics_iteration162.TestRegressionBasicEndpoints" name="test_engagement_dashboard" time="0.130" /></testsuite></testsuites>