<?xml version="1.0" encoding="utf-8"?><testsuites name="pytest tests"><testsuite name="pytest" errors="0" failures="0" skipped="0" tests="18" time="3.364" timestamp="2026-02-25T08:46:37.316107+00:00" hostname="agent-env-741917a0-2ff7-4ec9-841d-934634425d84"><testcase classname="backend.tests.test_self_healing_system_iteration82.TestHealthEndpoints" name="test_monitoring_health_no_auth" time="0.126" /><testcase classname="backend.tests.test_self_healing_system_iteration82.TestAuthenticatedMonitoring" name="test_monitoring_dashboard" time="0.444" /><testcase classname="backend.tests.test_self_healing_system_iteration82.TestAuthenticatedMonitoring" name="test_circuit_breakers" time="0.098" /><testcase classname="backend.tests.test_self_healing_system_iteration82.TestAuthenticatedMonitoring" name="test_alerts_endpoint" time="0.120" /><testcase classname="backend.tests.test_self_healing_system_iteration82.TestAuthenticatedMonitoring" name="test_payment_health" time="0.105" /><testcase classname="backend.tests.test_self_healing_system_iteration82.TestAuthenticatedMonitoring" name="test_storage_health" time="0.103" /><testcase classname="backend.tests.test_self_healing_system_iteration82.TestAuthenticatedMonitoring" name="test_metrics_endpoint" time="0.098" /><testcase classname="backend.tests.test_self_healing_system_iteration82.TestAuthenticatedMonitoring" name="test_jobs_endpoint" time="0.142" /><testcase classname="backend.tests.test_self_healing_system_iteration82.TestAuthenticatedMonitoring" name="test_job_queues" time="0.105" /><testcase classname="backend.tests.test_self_healing_system_iteration82.TestAuthenticatedMonitoring" name="test_incidents_endpoint" time="0.101" /><testcase classname="backend.tests.test_self_healing_system_iteration82.TestRecoveryUI" name="test_recovery_status" time="0.447" /><testcase classname="backend.tests.test_self_healing_system_iteration82.TestRecoveryUI" name="test_download_regenerate" time="0.116" /><testcase classname="backend.tests.test_self_healing_system_iteration82.TestRecoveryUI" name="test_job_recovery_not_found" time="0.121" /><testcase classname="backend.tests.test_self_healing_system_iteration82.TestRecoveryUI" name="test_payment_recovery_not_found" time="0.104" /><testcase classname="backend.tests.test_self_healing_system_iteration82.TestAccessControl" name="test_dashboard_requires_admin" time="0.438" /><testcase classname="backend.tests.test_self_healing_system_iteration82.TestAccessControl" name="test_circuit_breakers_requires_admin" time="0.096" /><testcase classname="backend.tests.test_self_healing_system_iteration82.TestAccessControl" name="test_health_no_auth_required" time="0.101" /><testcase classname="backend.tests.test_self_healing_system_iteration82.TestReconciliation" name="test_reconciliation_status" time="0.418" /></testsuite></testsuites>