<?xml version="1.0" encoding="utf-8"?><testsuites name="pytest tests"><testsuite name="pytest" errors="0" failures="0" skipped="0" tests="15" time="3.501" timestamp="2026-03-31T06:04:41.481147+00:00" hostname="agent-env-46d95153-5e49-4e7f-ac0c-d5b00c0bc0f7"><testcase classname="backend.tests.test_generation_status_page_iteration389.TestGenerationStatusPage" name="test_status_endpoint_returns_timing_object" time="1.480" /><testcase classname="backend.tests.test_generation_status_page_iteration389.TestGenerationStatusPage" name="test_status_endpoint_returns_retry_info" time="0.124" /><testcase classname="backend.tests.test_generation_status_page_iteration389.TestGenerationStatusPage" name="test_status_endpoint_returns_notification_opt_in" time="0.110" /><testcase classname="backend.tests.test_generation_status_page_iteration389.TestGenerationStatusPage" name="test_status_endpoint_returns_progress_fields" time="0.108" /><testcase classname="backend.tests.test_generation_status_page_iteration389.TestGenerationStatusPage" name="test_status_endpoint_404_for_nonexistent_job" time="0.111" /><testcase classname="backend.tests.test_generation_status_page_iteration389.TestGenerationStatusPage" name="test_notification_subscribe_endpoint" time="0.109" /><testcase classname="backend.tests.test_generation_status_page_iteration389.TestGenerationStatusPage" name="test_notification_subscribe_404_for_nonexistent_job" time="0.113" /><testcase classname="backend.tests.test_generation_status_page_iteration389.TestGenerationStatusPage" name="test_validate_asset_endpoint" time="0.107" /><testcase classname="backend.tests.test_generation_status_page_iteration389.TestGenerationStatusPage" name="test_validate_asset_404_for_nonexistent_job" time="0.109" /><testcase classname="backend.tests.test_generation_status_page_iteration389.TestGenerationStatusPage" name="test_user_jobs_endpoint" time="0.132" /><testcase classname="backend.tests.test_generation_status_page_iteration389.TestGenerationStatusPage" name="test_story_engine_options_endpoint" time="0.100" /><testcase classname="backend.tests.test_generation_status_page_iteration389.TestGenerationStatusPage" name="test_rate_limit_status_endpoint" time="0.102" /><testcase classname="backend.tests.test_generation_status_page_iteration389.TestGenerationStatusPage" name="test_preview_endpoint" time="0.107" /><testcase classname="backend.tests.test_generation_status_page_iteration389.TestPostgenPhaseActions" name="test_completed_job_has_output_url" time="0.472" /><testcase classname="backend.tests.test_generation_status_page_iteration389.TestPostgenPhaseActions" name="test_validate_asset_for_completed_job" time="0.116" /></testsuite></testsuites>