<?xml version="1.0" encoding="utf-8"?><testsuites name="pytest tests"><testsuite name="pytest" errors="0" failures="0" skipped="0" tests="16" time="1.924" timestamp="2026-04-09T06:47:11.702364+00:00" hostname="agent-env-46d95153-5e49-4e7f-ac0c-d5b00c0bc0f7"><testcase classname="tests.test_retention_release2_iteration472.TestDailyChallenge" name="test_get_todays_challenge" time="0.280" /><testcase classname="tests.test_retention_release2_iteration472.TestDailyChallenge" name="test_create_challenge_admin_only" time="0.333" /><testcase classname="tests.test_retention_release2_iteration472.TestDailyChallenge" name="test_create_challenge_non_admin_forbidden" time="0.336" /><testcase classname="tests.test_retention_release2_iteration472.TestRemixStats" name="test_get_remix_stats" time="0.051" /><testcase classname="tests.test_retention_release2_iteration472.TestRemixStats" name="test_get_remix_stats_empty_list" time="0.045" /><testcase classname="tests.test_retention_release2_iteration472.TestTopStoriesLeaderboard" name="test_get_top_stories" time="0.048" /><testcase classname="tests.test_retention_release2_iteration472.TestEmailEvents" name="test_get_email_events_admin" time="0.048" /><testcase classname="tests.test_retention_release2_iteration472.TestEmailEvents" name="test_get_email_events_non_admin_forbidden" time="0.049" /><testcase classname="tests.test_retention_release2_iteration472.TestChallengeParticipation" name="test_story_engine_options_available" time="0.048" /><testcase classname="tests.test_retention_release2_iteration472.TestChallengeParticipation" name="test_create_request_accepts_challenge_id" time="0.050" /><testcase classname="tests.test_retention_release2_iteration472.TestFailedJobRecovery" name="test_failed_job_status" time="0.282" /><testcase classname="tests.test_retention_release2_iteration472.TestNotificationSystem" name="test_get_notifications" time="0.049" /><testcase classname="tests.test_retention_release2_iteration472.TestNotificationSystem" name="test_universe_notifications" time="0.047" /><testcase classname="tests.test_retention_release2_iteration472.TestGalleryRemixFeed" name="test_get_remix_feed" time="0.052" /><testcase classname="tests.test_retention_release2_iteration472.TestHealthCheck" name="test_api_health" time="0.046" /><testcase classname="tests.test_retention_release2_iteration472.TestHealthCheck" name="test_public_alive" time="0.070" /></testsuite></testsuites>