<?xml version="1.0" encoding="utf-8"?><testsuites name="pytest tests"><testsuite name="pytest" errors="0" failures="0" skipped="1" tests="27" time="4.545" timestamp="2026-02-21T15:50:02.596621+00:00" hostname="agent-env-51d15732-14e3-4ea6-a8e0-b8dfd344c6fe"><testcase classname="tests.test_dashboard_audit.TestAuth" name="test_admin_login" time="0.371" /><testcase classname="tests.test_dashboard_audit.TestAuth" name="test_demo_user_login" time="0.387" /><testcase classname="tests.test_dashboard_audit.TestAuth" name="test_invalid_login" time="0.114" /><testcase classname="tests.test_dashboard_audit.TestWalletAndCredits" name="test_get_wallet_balance" time="0.528" /><testcase classname="tests.test_dashboard_audit.TestWalletAndCredits" name="test_get_wallet_pricing" time="0.155" /><testcase classname="tests.test_dashboard_audit.TestGenStudio" name="test_genstudio_templates" time="0.107" /><testcase classname="tests.test_dashboard_audit.TestGenStudio" name="test_genstudio_dashboard" time="0.102" /><testcase classname="tests.test_dashboard_audit.TestCreatorTools" name="test_hashtags_endpoint" time="0.108" /><testcase classname="tests.test_dashboard_audit.TestCreatorTools" name="test_thumbnail_text" time="0.111" /><testcase classname="tests.test_dashboard_audit.TestColoringBook" name="test_coloring_book_pricing" time="0.101" /><testcase classname="tests.test_dashboard_audit.TestColoringBook" name="test_coloring_book_stories" time="0.128" /><testcase classname="tests.test_dashboard_audit.TestStorySeries" name="test_story_series_pricing" time="0.098" /><testcase classname="tests.test_dashboard_audit.TestStorySeries" name="test_story_series_themes" time="0.106" /><testcase classname="tests.test_dashboard_audit.TestChallengeGenerator" name="test_challenge_pricing" time="0.107" /><testcase classname="tests.test_dashboard_audit.TestChallengeGenerator" name="test_challenge_niches" time="0.102" /><testcase classname="tests.test_dashboard_audit.TestChallengeGenerator" name="test_challenge_platforms" time="0.099" /><testcase classname="tests.test_dashboard_audit.TestChallengeGenerator" name="test_challenge_goals" time="0.110" /><testcase classname="tests.test_dashboard_audit.TestToneSwitcher" name="test_tone_pricing" time="0.116" /><testcase classname="tests.test_dashboard_audit.TestToneSwitcher" name="test_tone_options" time="0.102" /><testcase classname="tests.test_dashboard_audit.TestAdminDashboard" name="test_admin_stats" time="0.211"><skipped type="pytest.skip" message="Admin stats endpoint not found">/app/backend/tests/test_dashboard_audit.py:233: Admin stats endpoint not found</skipped></testcase><testcase classname="tests.test_dashboard_audit.TestAdminDashboard" name="test_admin_users_list" time="0.123" /><testcase classname="tests.test_dashboard_audit.TestSubscriptions" name="test_get_plans" time="0.111" /><testcase classname="tests.test_dashboard_audit.TestProfileAndAuth" name="test_get_current_user" time="0.104" /><testcase classname="tests.test_dashboard_audit.TestHealthAndInfrastructure" name="test_health_endpoint" time="0.234" /><testcase classname="tests.test_dashboard_audit.TestHealthAndInfrastructure" name="test_cors_headers" time="0.072" /><testcase classname="tests.test_dashboard_audit.TestSecurityAccess" name="test_protected_route_without_auth" time="0.115" /><testcase classname="tests.test_dashboard_audit.TestSecurityAccess" name="test_admin_route_with_non_admin" time="0.439" /></testsuite></testsuites>