<?xml version="1.0" encoding="utf-8"?><testsuites name="pytest tests"><testsuite name="pytest" errors="0" failures="0" skipped="0" tests="7" time="21.270" timestamp="2026-02-18T15:32:12.669223+00:00" hostname="agent-env-602784b5-3182-4c2b-8219-cc843a3b90d9"><testcase classname="backend.tests.test_ui_improvements.TestAdminCredentials" name="test_admin_login_success" time="0.629" /><testcase classname="backend.tests.test_ui_improvements.TestAdminCredentials" name="test_demo_user_login" time="0.371" /><testcase classname="backend.tests.test_ui_improvements.TestCashfreePaymentGateway" name="test_cashfree_health_check" time="0.174" /><testcase classname="backend.tests.test_ui_improvements.TestCashfreePaymentGateway" name="test_cashfree_products" time="0.160" /><testcase classname="backend.tests.test_ui_improvements.TestStoryGeneratorAPI" name="test_story_generation_endpoint" time="10.694" /><testcase classname="backend.tests.test_ui_improvements.TestReelGeneratorAPI" name="test_reel_generation_endpoint" time="8.662" /><testcase classname="backend.tests.test_ui_improvements.TestCreditsAPI" name="test_credits_balance" time="0.508" /></testsuite></testsuites>