<?xml version="1.0" encoding="utf-8"?><testsuites name="pytest tests"><testsuite name="pytest" errors="2" failures="8" skipped="0" tests="35" time="10.189" timestamp="2026-02-23T15:10:18.513692+00:00" hostname="agent-env-27f188fb-40e4-480d-bad6-d8564450951d"><testcase classname="test_iteration71_az_qa.TestHealthAndBasics" name="test_health_endpoint" time="0.523" /><testcase classname="test_iteration71_az_qa.TestHealthAndBasics" name="test_frontend_loads" time="0.201" /><testcase classname="test_iteration71_az_qa.TestLoginPage" name="test_login_page_loads" time="0.190" /><testcase classname="test_iteration71_az_qa.TestLoginPage" name="test_login_empty_email" time="0.118" /><testcase classname="test_iteration71_az_qa.TestLoginPage" name="test_login_invalid_email_formats" time="0.430" /><testcase classname="test_iteration71_az_qa.TestLoginPage" name="test_login_empty_password" time="0.220"><failure message="assert 401 in [400, 422]&#10; +  where 401 = &lt;Response [401]&gt;.status_code">test_iteration71_az_qa.py:72: in test_login_empty_password
    assert response.status_code in [400, 422]
E   assert 401 in [400, 422]
E    +  where 401 = &lt;Response [401]&gt;.status_code</failure></testcase><testcase classname="test_iteration71_az_qa.TestLoginPage" name="test_login_invalid_credentials" time="0.113" /><testcase classname="test_iteration71_az_qa.TestLoginPage" name="test_login_success_admin" time="0.341" /><testcase classname="test_iteration71_az_qa.TestLoginPage" name="test_login_success_demo" time="0.384" /><testcase classname="test_iteration71_az_qa.TestForgotPassword" name="test_forgot_password_empty_email" time="0.172" /><testcase classname="test_iteration71_az_qa.TestForgotPassword" name="test_forgot_password_invalid_email" time="0.159" /><testcase classname="test_iteration71_az_qa.TestForgotPassword" name="test_forgot_password_success" time="0.179" /><testcase classname="test_iteration71_az_qa.TestSignup" name="test_signup_page_loads" time="0.120" /><testcase classname="test_iteration71_az_qa.TestSignup" name="test_signup_empty_name" time="0.155" /><testcase classname="test_iteration71_az_qa.TestSignup" name="test_signup_empty_email" time="0.154" /><testcase classname="test_iteration71_az_qa.TestSignup" name="test_signup_weak_password" time="0.133" /><testcase classname="test_iteration71_az_qa.TestSignup" name="test_signup_duplicate_email" time="0.118" /><testcase classname="test_iteration71_az_qa.TestProtectedRoutes" name="test_profile_requires_auth" time="0.148"><failure message="assert 404 == 401&#10; +  where 404 = &lt;Response [404]&gt;.status_code">test_iteration71_az_qa.py:205: in test_profile_requires_auth
    assert response.status_code == 401
E   assert 404 == 401
E    +  where 404 = &lt;Response [404]&gt;.status_code</failure></testcase><testcase classname="test_iteration71_az_qa.TestProtectedRoutes" name="test_profile_with_auth" time="0.525"><failure message="assert 404 == 200&#10; +  where 404 = &lt;Response [404]&gt;.status_code">test_iteration71_az_qa.py:214: in test_profile_with_auth
    assert response.status_code == 200
E   assert 404 == 200
E    +  where 404 = &lt;Response [404]&gt;.status_code</failure></testcase><testcase classname="test_iteration71_az_qa.TestProtectedRoutes" name="test_credits_balance" time="0.503" /><testcase classname="test_iteration71_az_qa.TestReelGenerator" name="test_reel_requires_auth" time="0.154"><failure message="assert 404 == 401&#10; +  where 404 = &lt;Response [404]&gt;.status_code">test_iteration71_az_qa.py:246: in test_reel_requires_auth
    assert response.status_code == 401
E   assert 404 == 401
E    +  where 404 = &lt;Response [404]&gt;.status_code</failure></testcase><testcase classname="test_iteration71_az_qa.TestGenStudio" name="test_genstudio_history_requires_auth" time="0.144" /><testcase classname="test_iteration71_az_qa.TestGenStudio" name="test_genstudio_history_with_auth" time="0.489" /><testcase classname="test_iteration71_az_qa.TestCreatorTools" name="test_creator_tools_requires_auth" time="0.109"><failure message="assert 404 == 401&#10; +  where 404 = &lt;Response [404]&gt;.status_code">test_iteration71_az_qa.py:283: in test_creator_tools_requires_auth
    assert response.status_code == 401
E   assert 404 == 401
E    +  where 404 = &lt;Response [404]&gt;.status_code</failure></testcase><testcase classname="test_iteration71_az_qa.TestComixAI" name="test_comix_styles" time="0.568" /><testcase classname="test_iteration71_az_qa.TestComixAI" name="test_comix_jobs_list" time="0.504"><failure message="assert 404 == 200&#10; +  where 404 = &lt;Response [404]&gt;.status_code">test_iteration71_az_qa.py:313: in test_comix_jobs_list
    assert response.status_code == 200
E   assert 404 == 200
E    +  where 404 = &lt;Response [404]&gt;.status_code</failure></testcase><testcase classname="test_iteration71_az_qa.TestGifMaker" name="test_gif_emotions" time="0.502" /><testcase classname="test_iteration71_az_qa.TestGifMaker" name="test_gif_jobs_list" time="0.610"><failure message="assert 404 == 200&#10; +  where 404 = &lt;Response [404]&gt;.status_code">test_iteration71_az_qa.py:343: in test_gif_jobs_list
    assert response.status_code == 200
E   assert 404 == 200
E    +  where 404 = &lt;Response [404]&gt;.status_code</failure></testcase><testcase classname="test_iteration71_az_qa.TestAdminRoutes" name="test_admin_analytics_requires_admin" time="0.572" /><testcase classname="test_iteration71_az_qa.TestAdminRoutes" name="test_admin_analytics_with_admin" time="0.489" /><testcase classname="test_iteration71_az_qa.TestAdminRoutes" name="test_admin_login_activity" time="0.502" /><testcase classname="test_iteration71_az_qa.TestAdminRoutes" name="test_admin_login_activity_stats" time="0.127"><error message="failed on setup with &quot;KeyError: 'token'&quot;">test_iteration71_az_qa.py:352: in admin_token
    return response.json()["token"]
           ^^^^^^^^^^^^^^^^^^^^^^^^
E   KeyError: 'token'</error></testcase><testcase classname="test_iteration71_az_qa.TestBillingAndPayments" name="test_products_endpoint" time="0.135"><error message="failed on setup with &quot;KeyError: 'token'&quot;">test_iteration71_az_qa.py:405: in admin_token
    return response.json()["token"]
           ^^^^^^^^^^^^^^^^^^^^^^^^
E   KeyError: 'token'</error></testcase><testcase classname="test_iteration71_az_qa.TestSecurityHeaders" name="test_cors_preflight" time="0.096" /><testcase classname="test_iteration71_az_qa.TestSecurityHeaders" name="test_protected_without_auth" time="0.150"><failure message="AssertionError: Endpoint /api/user/profile should require auth&#10;assert 404 == 401&#10; +  where 404 = &lt;Response [404]&gt;.status_code">test_iteration71_az_qa.py:445: in test_protected_without_auth
    assert response.status_code == 401, f"Endpoint {endpoint} should require auth"
E   AssertionError: Endpoint /api/user/profile should require auth
E   assert 404 == 401
E    +  where 404 = &lt;Response [404]&gt;.status_code</failure></testcase></testsuite></testsuites>