<?xml version="1.0" encoding="utf-8"?><testsuites name="pytest tests"><testsuite name="pytest" errors="0" failures="0" skipped="0" tests="13" time="95.709" timestamp="2026-04-04T07:34:13.299389+00:00" hostname="agent-env-46d95153-5e49-4e7f-ac0c-d5b00c0bc0f7"><testcase classname="tests.test_viral_ideas_v2_iteration424.TestViralIdeasAuth" name="test_login_success" time="0.464" /><testcase classname="tests.test_viral_ideas_v2_iteration424.TestDailyFeed" name="test_daily_feed_returns_ideas" time="0.109" /><testcase classname="tests.test_viral_ideas_v2_iteration424.TestDailyFeed" name="test_daily_feed_filter_by_niche" time="0.208" /><testcase classname="tests.test_viral_ideas_v2_iteration424.TestGenerateBundle" name="test_generate_bundle_requires_auth" time="0.108" /><testcase classname="tests.test_viral_ideas_v2_iteration424.TestGenerateBundle" name="test_generate_bundle_returns_job_id" time="0.436" /><testcase classname="tests.test_viral_ideas_v2_iteration424.TestJobStatus" name="test_job_status_requires_auth" time="46.654" /><testcase classname="tests.test_viral_ideas_v2_iteration424.TestJobStatus" name="test_job_status_returns_progress" time="0.126" /><testcase classname="tests.test_viral_ideas_v2_iteration424.TestJobStatus" name="test_job_not_found" time="0.141" /><testcase classname="tests.test_viral_ideas_v2_iteration424.TestJobAssets" name="test_assets_requires_auth" time="0.142" /><testcase classname="tests.test_viral_ideas_v2_iteration424.TestMyJobs" name="test_my_jobs_requires_auth" time="12.017" /><testcase classname="tests.test_viral_ideas_v2_iteration424.TestMyJobs" name="test_my_jobs_returns_user_jobs" time="0.534" /><testcase classname="tests.test_viral_ideas_v2_iteration424.TestFullGenerationPipeline" name="test_full_pipeline_completion" time="33.976" /><testcase classname="tests.test_viral_ideas_v2_iteration424.TestStaticFileAccess" name="test_thumbnail_accessible" time="0.698" /></testsuite></testsuites>