<?xml version="1.0" encoding="utf-8"?><testsuites name="pytest tests"><testsuite name="pytest" errors="0" failures="1" skipped="0" tests="17" time="4.852" timestamp="2026-03-15T08:29:02.246888+00:00" hostname="agent-env-610baa65-2832-4559-adda-fcc9340e91e6"><testcase classname="tests.test_features_iteration261.TestFeature1WebSocket" name="test_websocket_route_exists_in_backend" time="0.393" /><testcase classname="tests.test_features_iteration261.TestFeature2VideoWatermarking" name="test_watermark_text_in_pipeline_engine" time="0.376" /><testcase classname="tests.test_features_iteration261.TestFeature2VideoWatermarking" name="test_watermark_logic_free_vs_paid" time="0.546" /><testcase classname="tests.test_features_iteration261.TestFeature3LandingPageCopy" name="test_landing_page_loads" time="0.136" /><testcase classname="tests.test_features_iteration261.TestFeature3LandingPageCopy" name="test_gallery_api_for_showcase_videos" time="0.116" /><testcase classname="tests.test_features_iteration261.TestFeature4SocialSharing" name="test_share_create_endpoint" time="0.443" /><testcase classname="tests.test_features_iteration261.TestFeature4SocialSharing" name="test_share_og_endpoint" time="0.555" /><testcase classname="tests.test_features_iteration261.TestFeature5CashfreeGeoIP" name="test_cashfree_products_endpoint" time="0.106" /><testcase classname="tests.test_features_iteration261.TestFeature5CashfreeGeoIP" name="test_cashfree_products_india_header" time="0.116"><failure message="AssertionError: India should get INR&#10;assert 'USD' == 'INR'&#10;  &#10;  - INR&#10;  + USD">tests/test_features_iteration261.py:195: in test_cashfree_products_india_header
    assert data.get("detectedCurrency") == "INR", "India should get INR"
E   AssertionError: India should get INR
E   assert 'USD' == 'INR'
E     
E     - INR
E     + USD</failure></testcase><testcase classname="tests.test_features_iteration261.TestFeature5CashfreeGeoIP" name="test_cashfree_products_us_header" time="0.097" /><testcase classname="tests.test_features_iteration261.TestFeature6CreditContext" name="test_credits_balance_endpoint" time="0.454" /><testcase classname="tests.test_features_iteration261.TestFeature7GalleryExpansion" name="test_gallery_returns_showcase_items" time="0.112" /><testcase classname="tests.test_features_iteration261.TestFeature7GalleryExpansion" name="test_gallery_seed_has_30_items" time="0.108" /><testcase classname="tests.test_features_iteration261.TestFeature8ReelGeneratorAdmin" name="test_admin_user_high_credits" time="0.433" /><testcase classname="tests.test_features_iteration261.TestFeature9ShareOGBranding" name="test_share_og_visionary_suite_branding" time="0.560" /><testcase classname="tests.test_features_iteration261.TestBackendHealth" name="test_api_health" time="0.097" /><testcase classname="tests.test_features_iteration261.TestBackendHealth" name="test_cashfree_health" time="0.104" /></testsuite></testsuites>