<?xml version="1.0" encoding="utf-8"?><testsuites name="pytest tests"><testsuite name="pytest" errors="1" failures="1" skipped="0" tests="26" time="7.606" timestamp="2026-02-18T04:58:07.907357+00:00" hostname="agent-env-fa63a639-7e48-4d1f-a6dc-7e3df67ce736"><testcase classname="backend.tests.test_deployment_comprehensive.TestHealthEndpoints" name="test_health_endpoint" time="0.186" /><testcase classname="backend.tests.test_deployment_comprehensive.TestHealthEndpoints" name="test_health_live" time="0.103" /><testcase classname="backend.tests.test_deployment_comprehensive.TestHealthEndpoints" name="test_health_ready" time="0.121" /><testcase classname="backend.tests.test_deployment_comprehensive.TestAuthentication" name="test_demo_user_login" time="0.366" /><testcase classname="backend.tests.test_deployment_comprehensive.TestAuthentication" name="test_admin_user_login" time="0.331" /><testcase classname="backend.tests.test_deployment_comprehensive.TestAuthentication" name="test_invalid_login" time="0.127" /><testcase classname="backend.tests.test_deployment_comprehensive.TestAuthentication" name="test_google_callback_error_handling" time="0.187"><failure message="assert 520 in [400, 503]&#10; +  where 520 = &lt;Response [520]&gt;.status_code">backend/tests/test_deployment_comprehensive.py:89: in test_google_callback_error_handling
    assert response.status_code in [400, 503]
E   assert 520 in [400, 503]
E    +  where 520 = &lt;Response [520]&gt;.status_code</failure></testcase><testcase classname="backend.tests.test_deployment_comprehensive.TestCreditsEndpoints" name="test_credits_balance" time="0.449" /><testcase classname="backend.tests.test_deployment_comprehensive.TestCreditsEndpoints" name="test_credits_ledger" time="0.447" /><testcase classname="backend.tests.test_deployment_comprehensive.TestGenerationEndpoints" name="test_get_generations" time="0.466" /><testcase classname="backend.tests.test_deployment_comprehensive.TestAdminEndpoints" name="test_admin_dashboard" time="0.455" /><testcase classname="backend.tests.test_deployment_comprehensive.TestAdminEndpoints" name="test_admin_users_list" time="0.439" /><testcase classname="backend.tests.test_deployment_comprehensive.TestPaymentEndpoints" name="test_payment_products" time="0.105" /><testcase classname="backend.tests.test_deployment_comprehensive.TestPaymentEndpoints" name="test_payment_health" time="0.100" /><testcase classname="backend.tests.test_deployment_comprehensive.TestCreatorProEndpoints" name="test_creator_pro_costs" time="0.093" /><testcase classname="backend.tests.test_deployment_comprehensive.TestTwinFinderEndpoints" name="test_twinfinder_costs" time="0.100" /><testcase classname="backend.tests.test_deployment_comprehensive.TestTwinFinderEndpoints" name="test_twinfinder_celebrities" time="0.105" /><testcase classname="backend.tests.test_deployment_comprehensive.TestGenStudioEndpoints" name="test_genstudio_costs" time="0.103" /><testcase classname="backend.tests.test_deployment_comprehensive.TestGenStudioEndpoints" name="test_genstudio_dashboard" time="0.429" /><testcase classname="backend.tests.test_deployment_comprehensive.TestGenStudioEndpoints" name="test_genstudio_templates" time="0.104" /><testcase classname="backend.tests.test_deployment_comprehensive.TestStoryToolsEndpoints" name="test_printable_books_list" time="0.455" /><testcase classname="backend.tests.test_deployment_comprehensive.TestStoryToolsEndpoints" name="test_worksheets_list" time="0.466" /><testcase classname="backend.tests.test_deployment_comprehensive.TestPDFGeneration" name="test_pdf_generation_with_existing_story" time="0.720" /><testcase classname="backend.tests.test_deployment_comprehensive.TestMongoDBObjectIdExclusion" name="test_generations_no_objectid" time="0.442" /><testcase classname="backend.tests.test_deployment_comprehensive.TestMongoDBObjectIdExclusion" name="test_admin_dashboard_no_objectid" time="0.453" /><testcase classname="backend.tests.test_deployment_comprehensive.TestMongoDBObjectIdExclusion" name="test_credits_ledger_no_objectid" time="0.137"><error message="failed on setup with &quot;KeyError: 'token'&quot;">backend/tests/test_deployment_comprehensive.py:363: in auth_token
    return response.json()["token"]
           ^^^^^^^^^^^^^^^^^^^^^^^^
E   KeyError: 'token'</error></testcase></testsuite></testsuites>