<?xml version="1.0" encoding="utf-8"?><testsuites name="pytest tests"><testsuite name="pytest" errors="0" failures="0" skipped="0" tests="18" time="3.173" timestamp="2026-04-09T06:28:45.215460+00:00" hostname="agent-env-46d95153-5e49-4e7f-ac0c-d5b00c0bc0f7"><testcase classname="backend.tests.test_retention_layer_iteration471.TestDailyChallengeSystem" name="test_get_todays_challenge" time="0.271" /><testcase classname="backend.tests.test_retention_layer_iteration471.TestDailyChallengeSystem" name="test_create_challenge_admin_only" time="0.514" /><testcase classname="backend.tests.test_retention_layer_iteration471.TestDailyChallengeSystem" name="test_create_challenge_non_admin_forbidden" time="0.466" /><testcase classname="backend.tests.test_retention_layer_iteration471.TestDailyChallengeSystem" name="test_create_challenge_missing_fields" time="0.135" /><testcase classname="backend.tests.test_retention_layer_iteration471.TestDailyChallengeSystem" name="test_get_challenge_entries" time="0.131" /><testcase classname="backend.tests.test_retention_layer_iteration471.TestRemixStats" name="test_get_remix_stats" time="0.113" /><testcase classname="backend.tests.test_retention_layer_iteration471.TestRemixStats" name="test_get_remix_stats_empty_list" time="0.108" /><testcase classname="backend.tests.test_retention_layer_iteration471.TestRemixStats" name="test_get_remix_stats_too_many_ids" time="0.104" /><testcase classname="backend.tests.test_retention_layer_iteration471.TestTopStoriesLeaderboard" name="test_get_top_stories" time="0.116" /><testcase classname="backend.tests.test_retention_layer_iteration471.TestEmailEventsPreview" name="test_get_email_events_admin" time="0.106" /><testcase classname="backend.tests.test_retention_layer_iteration471.TestEmailEventsPreview" name="test_get_email_events_non_admin_forbidden" time="0.108" /><testcase classname="backend.tests.test_retention_layer_iteration471.TestNotificationSystem" name="test_get_notifications" time="0.143" /><testcase classname="backend.tests.test_retention_layer_iteration471.TestNotificationSystem" name="test_mark_notifications_read" time="0.112" /><testcase classname="backend.tests.test_retention_layer_iteration471.TestP0RegressionFailedJobRecovery" name="test_failed_job_status_returns_view_mode" time="0.194" /><testcase classname="backend.tests.test_retention_layer_iteration471.TestP0RegressionFailedJobRecovery" name="test_failed_job_has_failure_detail" time="0.111" /><testcase classname="backend.tests.test_retention_layer_iteration471.TestDashboardIntegration" name="test_dashboard_story_feed" time="0.123" /><testcase classname="backend.tests.test_retention_layer_iteration471.TestHealthCheck" name="test_api_health" time="0.109" /><testcase classname="backend.tests.test_retention_layer_iteration471.TestHealthCheck" name="test_retention_routes_registered" time="0.112" /></testsuite></testsuites>