<?xml version="1.0" encoding="utf-8"?><testsuites name="pytest tests"><testsuite name="pytest" errors="0" failures="0" skipped="0" tests="21" time="4.793" timestamp="2026-04-03T15:52:59.414328+00:00" hostname="agent-env-46d95153-5e49-4e7f-ac0c-d5b00c0bc0f7"><testcase classname="backend.tests.test_production_metrics_iteration421.TestProductionMetricsAuth" name="test_overview_requires_auth" time="0.247" /><testcase classname="backend.tests.test_production_metrics_iteration421.TestProductionMetricsAuth" name="test_brand_kit_requires_auth" time="0.128" /><testcase classname="backend.tests.test_production_metrics_iteration421.TestProductionMetricsAuth" name="test_photo_to_comic_requires_auth" time="0.159" /><testcase classname="backend.tests.test_production_metrics_iteration421.TestProductionMetricsAuth" name="test_jobs_requires_auth" time="0.104" /><testcase classname="backend.tests.test_production_metrics_iteration421.TestProductionMetricsAuth" name="test_overview_rejects_non_admin" time="0.463" /><testcase classname="backend.tests.test_production_metrics_iteration421.TestProductionMetricsAuth" name="test_brand_kit_rejects_non_admin" time="0.137" /><testcase classname="backend.tests.test_production_metrics_iteration421.TestProductionMetricsAuth" name="test_photo_to_comic_rejects_non_admin" time="0.150" /><testcase classname="backend.tests.test_production_metrics_iteration421.TestProductionMetricsAuth" name="test_jobs_rejects_non_admin" time="0.105" /><testcase classname="backend.tests.test_production_metrics_iteration421.TestProductionMetricsOverview" name="test_overview_returns_200_for_admin" time="0.475" /><testcase classname="backend.tests.test_production_metrics_iteration421.TestProductionMetricsOverview" name="test_overview_response_structure" time="0.132" /><testcase classname="backend.tests.test_production_metrics_iteration421.TestProductionMetricsOverview" name="test_overview_period_parameter" time="0.243" /><testcase classname="backend.tests.test_production_metrics_iteration421.TestProductionMetricsBrandKit" name="test_brand_kit_returns_200_for_admin" time="0.494" /><testcase classname="backend.tests.test_production_metrics_iteration421.TestProductionMetricsBrandKit" name="test_brand_kit_response_structure" time="0.111" /><testcase classname="backend.tests.test_production_metrics_iteration421.TestProductionMetricsPhotoToComic" name="test_photo_to_comic_returns_200_for_admin" time="0.470" /><testcase classname="backend.tests.test_production_metrics_iteration421.TestProductionMetricsPhotoToComic" name="test_photo_to_comic_response_structure" time="0.157" /><testcase classname="backend.tests.test_production_metrics_iteration421.TestProductionMetricsJobLog" name="test_jobs_returns_200_for_admin" time="0.490" /><testcase classname="backend.tests.test_production_metrics_iteration421.TestProductionMetricsJobLog" name="test_jobs_response_structure" time="0.126" /><testcase classname="backend.tests.test_production_metrics_iteration421.TestProductionMetricsJobLog" name="test_jobs_feature_filter_all" time="0.123" /><testcase classname="backend.tests.test_production_metrics_iteration421.TestProductionMetricsJobLog" name="test_jobs_feature_filter_brand_kit" time="0.110" /><testcase classname="backend.tests.test_production_metrics_iteration421.TestProductionMetricsJobLog" name="test_jobs_feature_filter_photo_to_comic" time="0.115" /><testcase classname="backend.tests.test_production_metrics_iteration421.TestProductionMetricsJobLog" name="test_jobs_pagination" time="0.140" /></testsuite></testsuites>