<?xml version="1.0" encoding="utf-8"?><testsuites name="pytest tests"><testsuite name="pytest" errors="0" failures="2" skipped="4" tests="25" time="7.102" timestamp="2026-02-24T08:01:26.282619+00:00" hostname="agent-env-0acf3e62-99a6-4b3c-862a-b11b2b7682a9"><testcase classname="tests.test_iteration73_fixes.TestHealthAndBasics" name="test_api_health" time="0.398" /><testcase classname="tests.test_iteration73_fixes.TestHealthAndBasics" name="test_docs_accessible" time="0.105" /><testcase classname="tests.test_iteration73_fixes.TestAuthentication" name="test_demo_user_login" time="0.354" /><testcase classname="tests.test_iteration73_fixes.TestAuthentication" name="test_admin_user_login" time="0.325" /><testcase classname="tests.test_iteration73_fixes.TestAdminDashboard" name="test_admin_analytics_dashboard" time="0.450" /><testcase classname="tests.test_iteration73_fixes.TestAdminDashboard" name="test_admin_feature_requests_analytics" time="0.447"><failure message="assert 404 in [200, 403]&#10; +  where 404 = &lt;Response [404]&gt;.status_code">tests/test_iteration73_fixes.py:94: in test_admin_feature_requests_analytics
    assert response.status_code in [200, 403]
E   assert 404 in [200, 403]
E    +  where 404 = &lt;Response [404]&gt;.status_code</failure></testcase><testcase classname="tests.test_iteration73_fixes.TestAnalyticsQuickActions" name="test_user_stats_endpoint" time="0.445" /><testcase classname="tests.test_iteration73_fixes.TestAnalyticsQuickActions" name="test_credits_balance_endpoint" time="0.440" /><testcase classname="tests.test_iteration73_fixes.TestAnalyticsQuickActions" name="test_genstudio_history_endpoint" time="0.443" /><testcase classname="tests.test_iteration73_fixes.TestCreatorToolsConvert" name="test_convert_tools_costs" time="0.000" /><testcase classname="tests.test_iteration73_fixes.TestCreatorToolsConvert" name="test_user_reels_endpoint" time="0.455" /><testcase classname="tests.test_iteration73_fixes.TestCreatorToolsConvert" name="test_user_stories_endpoint" time="0.457" /><testcase classname="tests.test_iteration73_fixes.TestContentVault" name="test_content_vault_loads" time="0.451" /><testcase classname="tests.test_iteration73_fixes.TestUserManual" name="test_manual_loads" time="0.116" /><testcase classname="tests.test_iteration73_fixes.TestUserManual" name="test_comix_ai_in_manual" time="0.096" /><testcase classname="tests.test_iteration73_fixes.TestUserManual" name="test_gif_maker_in_manual" time="0.103" /><testcase classname="tests.test_iteration73_fixes.TestUserManual" name="test_comic_storybook_in_manual" time="0.110" /><testcase classname="tests.test_iteration73_fixes.TestUserManual" name="test_twinfinder_not_in_manual" time="0.102" /><testcase classname="tests.test_iteration73_fixes.TestGifMakerHistory" name="test_gif_maker_emotions" time="0.433" /><testcase classname="tests.test_iteration73_fixes.TestGifMakerHistory" name="test_gif_maker_history" time="0.101"><skipped type="pytest.skip" message="Demo user login failed">/app/backend/tests/test_iteration73_fixes.py:224: Demo user login failed</skipped></testcase><testcase classname="tests.test_iteration73_fixes.TestComixAI" name="test_comix_styles" time="0.098"><skipped type="pytest.skip" message="Demo user login failed">/app/backend/tests/test_iteration73_fixes.py:236: Demo user login failed</skipped></testcase><testcase classname="tests.test_iteration73_fixes.TestComixAI" name="test_comix_history" time="0.096"><skipped type="pytest.skip" message="Demo user login failed">/app/backend/tests/test_iteration73_fixes.py:244: Demo user login failed</skipped></testcase><testcase classname="tests.test_iteration73_fixes.TestComicStorybook" name="test_comic_storybook_themes" time="0.418"><failure message="assert 404 == 200&#10; +  where 404 = &lt;Response [404]&gt;.status_code">tests/test_iteration73_fixes.py:260: in test_comic_storybook_themes
    assert response.status_code == 200
E   assert 404 == 200
E    +  where 404 = &lt;Response [404]&gt;.status_code</failure></testcase><testcase classname="tests.test_iteration73_fixes.TestColoringBook" name="test_coloring_book_stories" time="0.446" /><testcase classname="tests.test_iteration73_fixes.TestCreatorToolsEndpoints" name="test_trending_topics" time="0.103"><skipped type="pytest.skip" message="Demo user login failed">/app/backend/tests/test_iteration73_fixes.py:277: Demo user login failed</skipped></testcase></testsuite></testsuites>