<?xml version="1.0" encoding="utf-8"?><testsuites name="pytest tests"><testsuite name="pytest" errors="0" failures="7" skipped="0" tests="38" time="15.530" timestamp="2026-02-20T16:06:30.448430+00:00" hostname="agent-env-b7026ec2-1cbd-43e4-a724-b1881c64e309"><testcase classname="backend.tests.test_new_features_iteration41.TestUserManualAPI" name="test_get_full_manual" time="0.334" /><testcase classname="backend.tests.test_new_features_iteration41.TestUserManualAPI" name="test_get_manual_section" time="0.124" /><testcase classname="backend.tests.test_new_features_iteration41.TestUserManualAPI" name="test_get_manual_section_not_found" time="0.131" /><testcase classname="backend.tests.test_new_features_iteration41.TestUserManualAPI" name="test_get_feature_guide" time="0.214" /><testcase classname="backend.tests.test_new_features_iteration41.TestUserManualAPI" name="test_get_subfeature_guide" time="0.135" /><testcase classname="backend.tests.test_new_features_iteration41.TestUserManualAPI" name="test_search_manual" time="0.181" /><testcase classname="backend.tests.test_new_features_iteration41.TestUserManualAPI" name="test_quick_start_guide" time="0.139" /><testcase classname="backend.tests.test_new_features_iteration41.TestAuthenticationFlow" name="test_demo_user_login" time="0.391" /><testcase classname="backend.tests.test_new_features_iteration41.TestAuthenticationFlow" name="test_admin_user_login" time="0.545" /><testcase classname="backend.tests.test_new_features_iteration41.TestAuthenticationFlow" name="test_protected_route_without_auth" time="0.151" /><testcase classname="backend.tests.test_new_features_iteration41.TestSubscriptionManagementAPI" name="test_get_subscription_plans" time="0.506" /><testcase classname="backend.tests.test_new_features_iteration41.TestSubscriptionManagementAPI" name="test_get_subscription_plans_currency" time="0.664" /><testcase classname="backend.tests.test_new_features_iteration41.TestSubscriptionManagementAPI" name="test_get_current_subscription" time="0.615" /><testcase classname="backend.tests.test_new_features_iteration41.TestSubscriptionManagementAPI" name="test_get_subscription_history" time="0.583" /><testcase classname="backend.tests.test_new_features_iteration41.TestUserAnalyticsAPI" name="test_get_user_stats" time="0.633" /><testcase classname="backend.tests.test_new_features_iteration41.TestUserAnalyticsAPI" name="test_user_stats_requires_auth" time="0.650" /><testcase classname="backend.tests.test_new_features_iteration41.TestAdminMonitoringAPI" name="test_admin_overview_with_admin_user" time="1.161" /><testcase classname="backend.tests.test_new_features_iteration41.TestAdminMonitoringAPI" name="test_admin_overview_denied_for_non_admin" time="0.807" /><testcase classname="backend.tests.test_new_features_iteration41.TestAdminMonitoringAPI" name="test_admin_threat_stats" time="0.861" /><testcase classname="backend.tests.test_new_features_iteration41.TestAdminMonitoringAPI" name="test_admin_app_usage" time="0.984" /><testcase classname="backend.tests.test_new_features_iteration41.TestAdminMonitoringAPI" name="test_admin_performance_metrics" time="0.884" /><testcase classname="backend.tests.test_new_features_iteration41.TestCashfreePaymentAPI" name="test_cashfree_health" time="0.485" /><testcase classname="backend.tests.test_new_features_iteration41.TestCashfreePaymentAPI" name="test_get_cashfree_products" time="0.553" /><testcase classname="backend.tests.test_new_features_iteration41.TestCashfreePaymentAPI" name="test_get_cashfree_plans_alias" time="0.298" /><testcase classname="backend.tests.test_new_features_iteration41.TestCashfreePaymentAPI" name="test_create_cashfree_order_sandbox" time="0.238"><failure message="assert 401 == 200&#10; +  where 401 = &lt;Response [401]&gt;.status_code">backend/tests/test_new_features_iteration41.py:338: in test_create_cashfree_order_sandbox
    assert response.status_code == 200
E   assert 401 == 200
E    +  where 401 = &lt;Response [401]&gt;.status_code</failure></testcase><testcase classname="backend.tests.test_new_features_iteration41.TestCashfreePaymentAPI" name="test_create_order_requires_auth" time="0.272" /><testcase classname="backend.tests.test_new_features_iteration41.TestDashboardRoutes" name="test_credits_balance" time="0.297"><failure message="assert 401 == 200&#10; +  where 401 = &lt;Response [401]&gt;.status_code">backend/tests/test_new_features_iteration41.py:367: in test_credits_balance
    assert response.status_code == 200
E   assert 401 == 200
E    +  where 401 = &lt;Response [401]&gt;.status_code</failure></testcase><testcase classname="backend.tests.test_new_features_iteration41.TestDashboardRoutes" name="test_recent_generations" time="0.340"><failure message="assert 401 == 200&#10; +  where 401 = &lt;Response [401]&gt;.status_code">backend/tests/test_new_features_iteration41.py:375: in test_recent_generations
    assert response.status_code == 200
E   assert 401 == 200
E    +  where 401 = &lt;Response [401]&gt;.status_code</failure></testcase><testcase classname="backend.tests.test_new_features_iteration41.TestGenStudioTextToImage" name="test_text_to_image_requires_auth" time="0.233"><failure message="assert 404 == 401&#10; +  where 404 = &lt;Response [404]&gt;.status_code">backend/tests/test_new_features_iteration41.py:393: in test_text_to_image_requires_auth
    assert response.status_code == 401
E   assert 404 == 401
E    +  where 404 = &lt;Response [404]&gt;.status_code</failure></testcase><testcase classname="backend.tests.test_new_features_iteration41.TestGenStudioTextToImage" name="test_style_profiles_listing" time="0.379"><failure message="assert 404 == 200&#10; +  where 404 = &lt;Response [404]&gt;.status_code">backend/tests/test_new_features_iteration41.py:399: in test_style_profiles_listing
    assert response.status_code == 200
E   assert 404 == 200
E    +  where 404 = &lt;Response [404]&gt;.status_code</failure></testcase><testcase classname="backend.tests.test_new_features_iteration41.TestStorySeries" name="test_story_series_pricing" time="0.284" /><testcase classname="backend.tests.test_new_features_iteration41.TestStorySeries" name="test_story_series_themes" time="0.261" /><testcase classname="backend.tests.test_new_features_iteration41.TestChallengeGenerator" name="test_challenge_pricing" time="0.127" /><testcase classname="backend.tests.test_new_features_iteration41.TestChallengeGenerator" name="test_challenge_niches" time="0.124" /><testcase classname="backend.tests.test_new_features_iteration41.TestToneSwitcher" name="test_tone_switcher_pricing" time="0.176" /><testcase classname="backend.tests.test_new_features_iteration41.TestToneSwitcher" name="test_tone_switcher_tones" time="0.120" /><testcase classname="backend.tests.test_new_features_iteration41.TestToneSwitcher" name="test_tone_switcher_preview" time="0.119"><failure message="assert 401 == 200&#10; +  where 401 = &lt;Response [401]&gt;.status_code">backend/tests/test_new_features_iteration41.py:476: in test_tone_switcher_preview
    assert response.status_code == 200
E   assert 401 == 200
E    +  where 401 = &lt;Response [401]&gt;.status_code</failure></testcase><testcase classname="backend.tests.test_new_features_iteration41.TestColoringBook" name="test_coloring_book_exports" time="0.370"><failure message="assert 404 == 200&#10; +  where 404 = &lt;Response [404]&gt;.status_code">backend/tests/test_new_features_iteration41.py:494: in test_coloring_book_exports
    assert response.status_code == 200
E   assert 404 == 200
E    +  where 404 = &lt;Response [404]&gt;.status_code</failure></testcase></testsuite></testsuites>