<?xml version="1.0" encoding="utf-8"?><testsuites name="pytest tests"><testsuite name="pytest" errors="0" failures="0" skipped="0" tests="20" time="154.936" timestamp="2026-03-09T12:40:37.555116+00:00" hostname="agent-env-d2d3e532-e897-4654-8115-a2b98ecc2ecc"><testcase classname="backend.tests.test_story_video_studio_r2_regression.TestHealthAndAuth" name="test_api_health" time="0.285" /><testcase classname="backend.tests.test_story_video_studio_r2_regression.TestHealthAndAuth" name="test_user_login" time="0.390" /><testcase classname="backend.tests.test_story_video_studio_r2_regression.TestStoryVideoStudioConfig" name="test_get_video_styles" time="0.483" /><testcase classname="backend.tests.test_story_video_studio_r2_regression.TestStoryVideoStudioConfig" name="test_get_pricing" time="0.105" /><testcase classname="backend.tests.test_story_video_studio_r2_regression.TestStoryVideoStudioConfig" name="test_get_voice_config" time="0.110" /><testcase classname="backend.tests.test_story_video_studio_r2_regression.TestStoryVideoStudioConfig" name="test_get_music_library" time="0.128" /><testcase classname="backend.tests.test_story_video_studio_r2_regression.TestProjectCreation" name="test_create_project" time="0.461" /><testcase classname="backend.tests.test_story_video_studio_r2_regression.TestProjectCreation" name="test_create_project_invalid_style" time="0.149" /><testcase classname="backend.tests.test_story_video_studio_r2_regression.TestProjectCreation" name="test_create_project_short_story" time="0.121" /><testcase classname="backend.tests.test_story_video_studio_r2_regression.TestSceneGeneration" name="test_generate_scenes" time="48.043" /><testcase classname="backend.tests.test_story_video_studio_r2_regression.TestImageGeneration" name="test_generate_images_endpoint_requires_auth" time="0.175" /><testcase classname="backend.tests.test_story_video_studio_r2_regression.TestImageGeneration" name="test_generate_images_for_single_scene" time="59.290" /><testcase classname="backend.tests.test_story_video_studio_r2_regression.TestImageGeneration" name="test_get_project_images" time="0.127" /><testcase classname="backend.tests.test_story_video_studio_r2_regression.TestVoiceGeneration" name="test_generate_voice_for_single_scene" time="43.159" /><testcase classname="backend.tests.test_story_video_studio_r2_regression.TestVideoAssembly" name="test_video_status_endpoint" time="0.498" /><testcase classname="backend.tests.test_story_video_studio_r2_regression.TestVideoAssembly" name="test_video_assembly_requires_auth" time="0.119" /><testcase classname="backend.tests.test_story_video_studio_r2_regression.TestVideoAssembly" name="test_video_assembly_requires_images_voices" time="0.262" /><testcase classname="backend.tests.test_story_video_studio_r2_regression.TestR2CloudStorage" name="test_r2_public_url_format" time="0.133" /><testcase classname="backend.tests.test_story_video_studio_r2_regression.TestR2CloudStorage" name="test_r2_url_accessibility" time="0.325" /><testcase classname="backend.tests.test_story_video_studio_r2_regression.TestCleanup" name="test_analytics_endpoint" time="0.469" /></testsuite></testsuites>